{"D:\\USER\\Downloads\\Closingan\\apps\\api\\src\\app.controller.ts": {"path":"D:\\USER\\Downloads\\Closingan\\apps\\api\\src\\app.controller.ts","statementMap":{"0":{"start":{"line":1,"column":0},"end":{"line":1,"column":49}},"1":{"start":{"line":2,"column":0},"end":{"line":2,"column":43}},"2":{"start":{"line":5,"column":7},"end":{"line":12,"column":null}},"3":{"start":{"line":6,"column":31},"end":{"line":6,"column":43}},"4":{"start":{"line":10,"column":4},"end":{"line":10,"column":38}},"5":{"start":{"line":5,"column":13},"end":{"line":5,"column":26}},"6":{"start":{"line":9,"column":2},"end":{"line":11,"column":null}},"7":{"start":{"line":5,"column":13},"end":{"line":12,"column":null}}},"fnMap":{"0":{"name":"(anonymous_2)","decl":{"start":{"line":6,"column":2},"end":{"line":6,"column":31}},"loc":{"start":{"line":6,"column":53},"end":{"line":6,"column":57}}},"1":{"name":"(anonymous_3)","decl":{"start":{"line":9,"column":2},"end":{"line":9,"column":10}},"loc":{"start":{"line":9,"column":10},"end":{"line":11,"column":3}}}},"branchMap":{"0":{"loc":{"start":{"line":6,"column":43},"end":{"line":6,"column":56}},"type":"cond-expr","locations":[{"start":{"line":6,"column":53},"end":{"line":6,"column":56}},{"start":{"line":6,"column":53},"end":{"line":6,"column":56}}]},"1":{"loc":{"start":{"line":6,"column":43},"end":{"line":6,"column":53}},"type":"binary-expr","locations":[{"start":{"line":6,"column":43},"end":{"line":6,"column":56}},{"start":{"line":6,"column":43},"end":{"line":6,"column":53}}]}},"s":{"0":1,"1":1,"2":1,"3":1,"4":1,"5":1,"6":1,"7":1},"f":{"0":1,"1":1},"b":{"0":[1,0],"1":[1,1]}}
,"D:\\USER\\Downloads\\Closingan\\apps\\api\\src\\app.module.ts": {"path":"D:\\USER\\Downloads\\Closingan\\apps\\api\\src\\app.module.ts","statementMap":{"0":{"start":{"line":2,"column":0},"end":{"line":2,"column":40}},"1":{"start":{"line":3,"column":0},"end":{"line":3,"column":61}},"2":{"start":{"line":4,"column":0},"end":{"line":4,"column":68}},"3":{"start":{"line":5,"column":0},"end":{"line":5,"column":41}},"4":{"start":{"line":6,"column":0},"end":{"line":6,"column":43}},"5":{"start":{"line":7,"column":0},"end":{"line":7,"column":39}},"6":{"start":{"line":8,"column":0},"end":{"line":8,"column":49}},"7":{"start":{"line":9,"column":0},"end":{"line":9,"column":43}},"8":{"start":{"line":10,"column":0},"end":{"line":10,"column":54}},"9":{"start":{"line":11,"column":0},"end":{"line":11,"column":51}},"10":{"start":{"line":12,"column":0},"end":{"line":12,"column":60}},"11":{"start":{"line":13,"column":0},"end":{"line":13,"column":42}},"12":{"start":{"line":14,"column":0},"end":{"line":14,"column":61}},"13":{"start":{"line":15,"column":0},"end":{"line":15,"column":58}},"14":{"start":{"line":16,"column":0},"end":{"line":16,"column":57}},"15":{"start":{"line":17,"column":0},"end":{"line":17,"column":48}},"16":{"start":{"line":18,"column":0},"end":{"line":18,"column":48}},"17":{"start":{"line":19,"column":0},"end":{"line":19,"column":58}},"18":{"start":{"line":20,"column":0},"end":{"line":20,"column":50}},"19":{"start":{"line":21,"column":0},"end":{"line":21,"column":59}},"20":{"start":{"line":22,"column":0},"end":{"line":22,"column":80}},"21":{"start":{"line":23,"column":0},"end":{"line":23,"column":71}},"22":{"start":{"line":24,"column":0},"end":{"line":24,"column":56}},"23":{"start":{"line":25,"column":0},"end":{"line":25,"column":71}},"24":{"start":{"line":26,"column":0},"end":{"line":26,"column":70}},"25":{"start":{"line":27,"column":0},"end":{"line":27,"column":65}},"26":{"start":{"line":28,"column":0},"end":{"line":28,"column":68}},"27":{"start":{"line":29,"column":0},"end":{"line":29,"column":71}},"28":{"start":{"line":30,"column":0},"end":{"line":30,"column":79}},"29":{"start":{"line":31,"column":0},"end":{"line":31,"column":83}},"30":{"start":{"line":32,"column":0},"end":{"line":32,"column":71}},"31":{"start":{"line":33,"column":0},"end":{"line":33,"column":62}},"32":{"start":{"line":34,"column":0},"end":{"line":34,"column":77}},"33":{"start":{"line":35,"column":0},"end":{"line":35,"column":62}},"34":{"start":{"line":36,"column":0},"end":{"line":36,"column":62}},"35":{"start":{"line":37,"column":0},"end":{"line":37,"column":73}},"36":{"start":{"line":38,"column":0},"end":{"line":38,"column":59}},"37":{"start":{"line":39,"column":0},"end":{"line":39,"column":68}},"38":{"start":{"line":40,"column":0},"end":{"line":40,"column":59}},"39":{"start":{"line":41,"column":0},"end":{"line":41,"column":54}},"40":{"start":{"line":132,"column":7},"end":{"line":132,"column":null}},"41":{"start":{"line":132,"column":13},"end":{"line":132,"column":22}},"42":{"start":{"line":132,"column":13},"end":{"line":132,"column":null}},"43":{"start":{"line":59,"column":29},"end":{"line":59,"column":75}},"44":{"start":{"line":60,"column":8},"end":{"line":74,"column":10}},"45":{"start":{"line":80,"column":46},"end":{"line":87,"column":8}}},"fnMap":{"0":{"name":"(anonymous_1)","decl":{"start":{"line":58,"column":18},"end":{"line":58,"column":19}},"loc":{"start":{"line":58,"column":51},"end":{"line":75,"column":7}}},"1":{"name":"(anonymous_2)","decl":{"start":{"line":80,"column":18},"end":{"line":80,"column":19}},"loc":{"start":{"line":80,"column":46},"end":{"line":87,"column":8}}}},"branchMap":{"0":{"loc":{"start":{"line":62,"column":19},"end":{"line":62,"column":50}},"type":"cond-expr","locations":[{"start":{"line":62,"column":34},"end":{"line":62,"column":40}},{"start":{"line":62,"column":43},"end":{"line":62,"column":50}}]},"1":{"loc":{"start":{"line":63,"column":23},"end":{"line":70,"column":null}},"type":"cond-expr","locations":[{"start":{"line":64,"column":16},"end":{"line":64,"column":25}},{"start":{"line":65,"column":16},"end":{"line":70,"column":null}}]}},"s":{"0":0,"1":0,"2":0,"3":0,"4":0,"5":0,"6":0,"7":0,"8":0,"9":0,"10":0,"11":0,"12":0,"13":0,"14":0,"15":0,"16":0,"17":0,"18":0,"19":0,"20":0,"21":0,"22":0,"23":0,"24":0,"25":0,"26":0,"27":0,"28":0,"29":0,"30":0,"31":0,"32":0,"33":0,"34":0,"35":0,"36":0,"37":0,"38":0,"39":0,"40":0,"41":0,"42":0,"43":0,"44":0,"45":0},"f":{"0":0,"1":0},"b":{"0":[0,0],"1":[0,0]}}
,"D:\\USER\\Downloads\\Closingan\\apps\\api\\src\\app.service.ts": {"path":"D:\\USER\\Downloads\\Closingan\\apps\\api\\src\\app.service.ts","statementMap":{"0":{"start":{"line":1,"column":0},"end":{"line":1,"column":44}},"1":{"start":{"line":4,"column":7},"end":{"line":8,"column":null}},"2":{"start":{"line":6,"column":4},"end":{"line":6,"column":26}},"3":{"start":{"line":4,"column":13},"end":{"line":4,"column":23}},"4":{"start":{"line":4,"column":13},"end":{"line":8,"column":null}}},"fnMap":{"0":{"name":"(anonymous_1)","decl":{"start":{"line":5,"column":2},"end":{"line":5,"column":10}},"loc":{"start":{"line":5,"column":10},"end":{"line":7,"column":3}}}},"branchMap":{},"s":{"0":1,"1":1,"2":1,"3":1,"4":1},"f":{"0":1},"b":{}}
,"D:\\USER\\Downloads\\Closingan\\apps\\api\\src\\main.ts": {"path":"D:\\USER\\Downloads\\Closingan\\apps\\api\\src\\main.ts","statementMap":{"0":{"start":{"line":2,"column":0},"end":{"line":2,"column":60}},"1":{"start":{"line":3,"column":0},"end":{"line":3,"column":48}},"2":{"start":{"line":4,"column":0},"end":{"line":4,"column":47}},"3":{"start":{"line":5,"column":0},"end":{"line":5,"column":28}},"4":{"start":{"line":6,"column":0},"end":{"line":6,"column":41}},"5":{"start":{"line":7,"column":0},"end":{"line":7,"column":37}},"6":{"start":{"line":8,"column":0},"end":{"line":8,"column":41}},"7":{"start":{"line":9,"column":0},"end":{"line":9,"column":81}},"8":{"start":{"line":12,"column":14},"end":{"line":15,"column":4}},"9":{"start":{"line":16,"column":24},"end":{"line":16,"column":46}},"10":{"start":{"line":18,"column":2},"end":{"line":18,"column":28}},"11":{"start":{"line":19,"column":2},"end":{"line":19,"column":19}},"12":{"start":{"line":22,"column":2},"end":{"line":22,"column":33}},"13":{"start":{"line":25,"column":2},"end":{"line":25,"column":20}},"14":{"start":{"line":26,"column":2},"end":{"line":26,"column":26}},"15":{"start":{"line":29,"column":2},"end":{"line":35,"column":4}},"16":{"start":{"line":38,"column":26},"end":{"line":38,"column":50}},"17":{"start":{"line":39,"column":2},"end":{"line":39,"column":67}},"18":{"start":{"line":42,"column":2},"end":{"line":51,"column":4}},"19":{"start":{"line":45,"column":6},"end":{"line":49,"column":10}},"20":{"start":{"line":53,"column":15},"end":{"line":53,"column":56}},"21":{"start":{"line":54,"column":2},"end":{"line":54,"column":25}},"22":{"start":{"line":56,"column":0},"end":{"line":59,"column":3}},"23":{"start":{"line":57,"column":2},"end":{"line":57,"column":46}},"24":{"start":{"line":58,"column":2},"end":{"line":58,"column":18}}},"fnMap":{"0":{"name":"bootstrap","decl":{"start":{"line":11,"column":15},"end":{"line":11,"column":24}},"loc":{"start":{"line":11,"column":24},"end":{"line":55,"column":1}}},"1":{"name":"(anonymous_2)","decl":{"start":{"line":44,"column":4},"end":{"line":44,"column":5}},"loc":{"start":{"line":44,"column":51},"end":{"line":50,"column":5}}},"2":{"name":"(anonymous_3)","decl":{"start":{"line":56,"column":18},"end":{"line":56,"column":19}},"loc":{"start":{"line":56,"column":26},"end":{"line":59,"column":1}}}},"branchMap":{"0":{"loc":{"start":{"line":53,"column":15},"end":{"line":53,"column":56}},"type":"binary-expr","locations":[{"start":{"line":53,"column":15},"end":{"line":53,"column":48}},{"start":{"line":53,"column":52},"end":{"line":53,"column":56}}]}},"s":{"0":0,"1":0,"2":0,"3":0,"4":0,"5":0,"6":0,"7":0,"8":0,"9":0,"10":0,"11":0,"12":0,"13":0,"14":0,"15":0,"16":0,"17":0,"18":0,"19":0,"20":0,"21":0,"22":0,"23":0,"24":0},"f":{"0":0,"1":0,"2":0},"b":{"0":[0,0]}}
,"D:\\USER\\Downloads\\Closingan\\apps\\api\\src\\ai\\ai-safety.service.ts": {"path":"D:\\USER\\Downloads\\Closingan\\apps\\api\\src\\ai\\ai-safety.service.ts","statementMap":{"0":{"start":{"line":1,"column":0},"end":{"line":1,"column":52}},"1":{"start":{"line":12,"column":28},"end":{"line":201,"column":null}},"2":{"start":{"line":13,"column":28},"end":{"line":13,"column":60}},"3":{"start":{"line":16,"column":39},"end":{"line":34,"column":4}},"4":{"start":{"line":37,"column":43},"end":{"line":48,"column":4}},"5":{"start":{"line":52,"column":36},"end":{"line":61,"column":4}},"6":{"start":{"line":64,"column":39},"end":{"line":78,"column":4}},"7":{"start":{"line":81,"column":36},"end":{"line":90,"column":4}},"8":{"start":{"line":93,"column":4},"end":{"line":99,"column":5}},"9":{"start":{"line":94,"column":6},"end":{"line":98,"column":8}},"10":{"start":{"line":101,"column":4},"end":{"line":109,"column":5}},"11":{"start":{"line":102,"column":6},"end":{"line":108,"column":7}},"12":{"start":{"line":103,"column":8},"end":{"line":107,"column":10}},"13":{"start":{"line":111,"column":4},"end":{"line":111,"column":28}},"14":{"start":{"line":115,"column":4},"end":{"line":121,"column":5}},"15":{"start":{"line":116,"column":6},"end":{"line":120,"column":8}},"16":{"start":{"line":124,"column":4},"end":{"line":132,"column":5}},"17":{"start":{"line":125,"column":6},"end":{"line":131,"column":7}},"18":{"start":{"line":126,"column":8},"end":{"line":130,"column":10}},"19":{"start":{"line":135,"column":4},"end":{"line":143,"column":5}},"20":{"start":{"line":136,"column":6},"end":{"line":142,"column":7}},"21":{"start":{"line":137,"column":8},"end":{"line":141,"column":10}},"22":{"start":{"line":146,"column":4},"end":{"line":154,"column":5}},"23":{"start":{"line":147,"column":6},"end":{"line":153,"column":7}},"24":{"start":{"line":148,"column":8},"end":{"line":152,"column":10}},"25":{"start":{"line":156,"column":4},"end":{"line":156,"column":28}},"26":{"start":{"line":160,"column":4},"end":{"line":160,"column":27}},"27":{"start":{"line":160,"column":17},"end":{"line":160,"column":27}},"28":{"start":{"line":162,"column":20},"end":{"line":162,"column":26}},"29":{"start":{"line":167,"column":4},"end":{"line":167,"column":54}},"30":{"start":{"line":176,"column":4},"end":{"line":176,"column":73}},"31":{"start":{"line":179,"column":21},"end":{"line":179,"column":44}},"32":{"start":{"line":180,"column":4},"end":{"line":197,"column":7}},"33":{"start":{"line":181,"column":6},"end":{"line":196,"column":7}},"34":{"start":{"line":182,"column":26},"end":{"line":182,"column":38}},"35":{"start":{"line":183,"column":23},"end":{"line":183,"column":63}},"36":{"start":{"line":185,"column":26},"end":{"line":186,"column":null}},"37":{"start":{"line":186,"column":23},"end":{"line":186,"column":75}},"38":{"start":{"line":189,"column":8},"end":{"line":191,"column":9}},"39":{"start":{"line":190,"column":10},"end":{"line":190,"column":34}},"40":{"start":{"line":192,"column":8},"end":{"line":192,"column":19}},"41":{"start":{"line":195,"column":8},"end":{"line":195,"column":32}},"42":{"start":{"line":199,"column":4},"end":{"line":199,"column":28}},"43":{"start":{"line":12,"column":13},"end":{"line":12,"column":28}},"44":{"start":{"line":12,"column":13},"end":{"line":201,"column":null}}},"fnMap":{"0":{"name":"(anonymous_1)","decl":{"start":{"line":92,"column":9},"end":{"line":92,"column":22}},"loc":{"start":{"line":92,"column":37},"end":{"line":112,"column":3}}},"1":{"name":"(anonymous_2)","decl":{"start":{"line":114,"column":9},"end":{"line":114,"column":23}},"loc":{"start":{"line":114,"column":38},"end":{"line":157,"column":3}}},"2":{"name":"(anonymous_3)","decl":{"start":{"line":159,"column":9},"end":{"line":159,"column":23}},"loc":{"start":{"line":159,"column":38},"end":{"line":200,"column":3}}},"3":{"name":"(anonymous_4)","decl":{"start":{"line":180,"column":44},"end":{"line":180,"column":45}},"loc":{"start":{"line":180,"column":52},"end":{"line":197,"column":5}}},"4":{"name":"(anonymous_5)","decl":{"start":{"line":186,"column":10},"end":{"line":186,"column":11}},"loc":{"start":{"line":186,"column":23},"end":{"line":186,"column":75}}}},"branchMap":{"0":{"loc":{"start":{"line":93,"column":4},"end":{"line":99,"column":5}},"type":"if","locations":[{"start":{"line":93,"column":4},"end":{"line":99,"column":5}},{"start":{},"end":{}}]},"1":{"loc":{"start":{"line":93,"column":8},"end":{"line":93,"column":45}},"type":"binary-expr","locations":[{"start":{"line":93,"column":8},"end":{"line":93,"column":15}},{"start":{"line":93,"column":19},"end":{"line":93,"column":45}}]},"2":{"loc":{"start":{"line":102,"column":6},"end":{"line":108,"column":7}},"type":"if","locations":[{"start":{"line":102,"column":6},"end":{"line":108,"column":7}},{"start":{},"end":{}}]},"3":{"loc":{"start":{"line":115,"column":4},"end":{"line":121,"column":5}},"type":"if","locations":[{"start":{"line":115,"column":4},"end":{"line":121,"column":5}},{"start":{},"end":{}}]},"4":{"loc":{"start":{"line":115,"column":8},"end":{"line":115,"column":45}},"type":"binary-expr","locations":[{"start":{"line":115,"column":8},"end":{"line":115,"column":15}},{"start":{"line":115,"column":19},"end":{"line":115,"column":45}}]},"5":{"loc":{"start":{"line":125,"column":6},"end":{"line":131,"column":7}},"type":"if","locations":[{"start":{"line":125,"column":6},"end":{"line":131,"column":7}},{"start":{},"end":{}}]},"6":{"loc":{"start":{"line":136,"column":6},"end":{"line":142,"column":7}},"type":"if","locations":[{"start":{"line":136,"column":6},"end":{"line":142,"column":7}},{"start":{},"end":{}}]},"7":{"loc":{"start":{"line":147,"column":6},"end":{"line":153,"column":7}},"type":"if","locations":[{"start":{"line":147,"column":6},"end":{"line":153,"column":7}},{"start":{},"end":{}}]},"8":{"loc":{"start":{"line":160,"column":4},"end":{"line":160,"column":27}},"type":"if","locations":[{"start":{"line":160,"column":4},"end":{"line":160,"column":27}},{"start":{},"end":{}}]},"9":{"loc":{"start":{"line":186,"column":23},"end":{"line":186,"column":75}},"type":"binary-expr","locations":[{"start":{"line":186,"column":23},"end":{"line":186,"column":41}},{"start":{"line":186,"column":45},"end":{"line":186,"column":75}}]},"10":{"loc":{"start":{"line":189,"column":8},"end":{"line":191,"column":9}},"type":"if","locations":[{"start":{"line":189,"column":8},"end":{"line":191,"column":9}},{"start":{},"end":{}}]}},"s":{"0":2,"1":2,"2":16,"3":16,"4":16,"5":16,"6":16,"7":16,"8":4,"9":0,"10":4,"11":26,"12":3,"13":1,"14":6,"15":0,"16":6,"17":44,"18":2,"19":4,"20":19,"21":2,"22":2,"23":14,"24":1,"25":1,"26":5,"27":0,"28":5,"29":5,"30":5,"31":5,"32":5,"33":4,"34":4,"35":4,"36":4,"37":18,"38":4,"39":2,"40":2,"41":0,"42":5,"43":2,"44":2},"f":{"0":4,"1":6,"2":5,"3":4,"4":18},"b":{"0":[0,4],"1":[4,4],"2":[3,23],"3":[0,6],"4":[6,6],"5":[2,42],"6":[2,17],"7":[1,13],"8":[0,5],"9":[18,16],"10":[2,2]}}
,"D:\\USER\\Downloads\\Closingan\\apps\\api\\src\\ai\\ai.module.ts": {"path":"D:\\USER\\Downloads\\Closingan\\apps\\api\\src\\ai\\ai.module.ts","statementMap":{"0":{"start":{"line":1,"column":0},"end":{"line":1,"column":40}},"1":{"start":{"line":2,"column":0},"end":{"line":2,"column":46}},"2":{"start":{"line":3,"column":0},"end":{"line":3,"column":54}},"3":{"start":{"line":4,"column":0},"end":{"line":4,"column":49}},"4":{"start":{"line":5,"column":0},"end":{"line":5,"column":76}},"5":{"start":{"line":6,"column":0},"end":{"line":6,"column":41}},"6":{"start":{"line":7,"column":0},"end":{"line":7,"column":62}},"7":{"start":{"line":21,"column":7},"end":{"line":21,"column":null}},"8":{"start":{"line":21,"column":13},"end":{"line":21,"column":21}},"9":{"start":{"line":21,"column":13},"end":{"line":21,"column":null}}},"fnMap":{},"branchMap":{},"s":{"0":0,"1":0,"2":0,"3":0,"4":0,"5":0,"6":0,"7":0,"8":0,"9":0},"f":{},"b":{}}
,"D:\\USER\\Downloads\\Closingan\\apps\\api\\src\\ai\\ai.service.ts": {"path":"D:\\USER\\Downloads\\Closingan\\apps\\api\\src\\ai\\ai.service.ts","statementMap":{"0":{"start":{"line":1,"column":0},"end":{"line":1,"column":60}},"1":{"start":{"line":2,"column":0},"end":{"line":2,"column":64}},"2":{"start":{"line":6,"column":22},"end":{"line":62,"column":null}},"3":{"start":{"line":7,"column":28},"end":{"line":7,"column":54}},"4":{"start":{"line":10,"column":21},"end":{"line":10,"column":29}},"5":{"start":{"line":12,"column":21},"end":{"line":12,"column":52}},"6":{"start":{"line":20,"column":21},"end":{"line":29,"column":6}},"7":{"start":{"line":32,"column":4},"end":{"line":37,"column":5}},"8":{"start":{"line":33,"column":6},"end":{"line":35,"column":8}},"9":{"start":{"line":36,"column":6},"end":{"line":36,"column":48}},"10":{"start":{"line":40,"column":4},"end":{"line":40,"column":23}},"11":{"start":{"line":41,"column":29},"end":{"line":46,"column":17}},"12":{"start":{"line":44,"column":10},"end":{"line":44,"column":89}},"13":{"start":{"line":48,"column":19},"end":{"line":48,"column":198}},"14":{"start":{"line":51,"column":4},"end":{"line":60,"column":5}},"15":{"start":{"line":52,"column":23},"end":{"line":52,"column":76}},"16":{"start":{"line":53,"column":6},"end":{"line":53,"column":28}},"17":{"start":{"line":55,"column":6},"end":{"line":58,"column":8}},"18":{"start":{"line":59,"column":6},"end":{"line":59,"column":18}},"19":{"start":{"line":6,"column":13},"end":{"line":6,"column":22}},"20":{"start":{"line":6,"column":13},"end":{"line":62,"column":null}}},"fnMap":{"0":{"name":"(anonymous_4)","decl":{"start":{"line":9,"column":2},"end":{"line":9,"column":null}},"loc":{"start":{"line":12,"column":52},"end":{"line":13,"column":6}}},"1":{"name":"(anonymous_5)","decl":{"start":{"line":15,"column":2},"end":{"line":15,"column":7}},"loc":{"start":{"line":17,"column":26},"end":{"line":61,"column":3}}},"2":{"name":"(anonymous_6)","decl":{"start":{"line":43,"column":8},"end":{"line":43,"column":9}},"loc":{"start":{"line":44,"column":10},"end":{"line":44,"column":89}}}},"branchMap":{"0":{"loc":{"start":{"line":32,"column":4},"end":{"line":37,"column":5}},"type":"if","locations":[{"start":{"line":32,"column":4},"end":{"line":37,"column":5}},{"start":{},"end":{}}]},"1":{"loc":{"start":{"line":44,"column":14},"end":{"line":44,"column":70}},"type":"cond-expr","locations":[{"start":{"line":44,"column":46},"end":{"line":44,"column":56}},{"start":{"line":44,"column":59},"end":{"line":44,"column":70}}]},"2":{"loc":{"start":{"line":10,"column":29},"end":{"line":10,"column":null}},"type":"cond-expr","locations":[{"start":{"line":10,"column":42},"end":{"line":10,"column":null}},{"start":{"line":10,"column":42},"end":{"line":10,"column":null}}]},"3":{"loc":{"start":{"line":10,"column":29},"end":{"line":10,"column":42}},"type":"binary-expr","locations":[{"start":{"line":10,"column":29},"end":{"line":10,"column":null}},{"start":{"line":10,"column":29},"end":{"line":10,"column":42}}]}},"s":{"0":1,"1":1,"2":1,"3":0,"4":0,"5":0,"6":0,"7":0,"8":0,"9":0,"10":0,"11":0,"12":0,"13":0,"14":0,"15":0,"16":0,"17":0,"18":0,"19":1,"20":1},"f":{"0":0,"1":0,"2":0},"b":{"0":[0,0],"1":[0,0],"2":[1,0],"3":[1,1]}}
,"D:\\USER\\Downloads\\Closingan\\apps\\api\\src\\ai\\openai.service.ts": {"path":"D:\\USER\\Downloads\\Closingan\\apps\\api\\src\\ai\\openai.service.ts","statementMap":{"0":{"start":{"line":2,"column":0},"end":{"line":2,"column":null}},"1":{"start":{"line":7,"column":0},"end":{"line":7,"column":47}},"2":{"start":{"line":8,"column":0},"end":{"line":8,"column":28}},"3":{"start":{"line":9,"column":0},"end":{"line":9,"column":37}},"4":{"start":{"line":11,"column":0},"end":{"line":11,"column":93}},"5":{"start":{"line":12,"column":0},"end":{"line":12,"column":54}},"6":{"start":{"line":13,"column":0},"end":{"line":13,"column":69}},"7":{"start":{"line":14,"column":0},"end":{"line":14,"column":99}},"8":{"start":{"line":15,"column":0},"end":{"line":15,"column":66}},"9":{"start":{"line":18,"column":26},"end":{"line":282,"column":null}},"10":{"start":{"line":20,"column":28},"end":{"line":20,"column":58}},"11":{"start":{"line":29,"column":21},"end":{"line":29,"column":36}},"12":{"start":{"line":30,"column":21},"end":{"line":30,"column":38}},"13":{"start":{"line":31,"column":21},"end":{"line":31,"column":37}},"14":{"start":{"line":33,"column":19},"end":{"line":33,"column":67}},"15":{"start":{"line":35,"column":4},"end":{"line":39,"column":5}},"16":{"start":{"line":36,"column":6},"end":{"line":38,"column":8}},"17":{"start":{"line":41,"column":4},"end":{"line":43,"column":7}},"18":{"start":{"line":45,"column":27},"end":{"line":49,"column":6}},"19":{"start":{"line":51,"column":4},"end":{"line":56,"column":6}},"20":{"start":{"line":54,"column":11},"end":{"line":54,"column":55}},"21":{"start":{"line":58,"column":4},"end":{"line":62,"column":7}},"22":{"start":{"line":59,"column":6},"end":{"line":61,"column":8}},"23":{"start":{"line":64,"column":4},"end":{"line":68,"column":7}},"24":{"start":{"line":65,"column":6},"end":{"line":67,"column":8}},"25":{"start":{"line":70,"column":4},"end":{"line":74,"column":7}},"26":{"start":{"line":71,"column":6},"end":{"line":73,"column":8}},"27":{"start":{"line":78,"column":4},"end":{"line":78,"column":72}},"28":{"start":{"line":86,"column":4},"end":{"line":86,"column":56}},"29":{"start":{"line":87,"column":4},"end":{"line":157,"column":5}},"30":{"start":{"line":89,"column":30},"end":{"line":89,"column":72}},"31":{"start":{"line":90,"column":6},"end":{"line":96,"column":7}},"32":{"start":{"line":91,"column":8},"end":{"line":95,"column":10}},"33":{"start":{"line":99,"column":25},"end":{"line":99,"column":630}},"34":{"start":{"line":101,"column":6},"end":{"line":103,"column":7}},"35":{"start":{"line":102,"column":8},"end":{"line":102,"column":784}},"36":{"start":{"line":105,"column":30},"end":{"line":105,"column":61}},"37":{"start":{"line":106,"column":25},"end":{"line":106,"column":85}},"38":{"start":{"line":108,"column":23},"end":{"line":114,"column":8}},"39":{"start":{"line":116,"column":21},"end":{"line":116,"column":64}},"40":{"start":{"line":117,"column":28},"end":{"line":117,"column":62}},"41":{"start":{"line":118,"column":32},"end":{"line":118,"column":70}},"42":{"start":{"line":119,"column":26},"end":{"line":119,"column":59}},"43":{"start":{"line":122,"column":31},"end":{"line":122,"column":74}},"44":{"start":{"line":123,"column":6},"end":{"line":129,"column":7}},"45":{"start":{"line":124,"column":8},"end":{"line":128,"column":10}},"46":{"start":{"line":132,"column":30},"end":{"line":132,"column":73}},"47":{"start":{"line":134,"column":6},"end":{"line":137,"column":8}},"48":{"start":{"line":139,"column":6},"end":{"line":139,"column":65}},"49":{"start":{"line":142,"column":6},"end":{"line":144,"column":7}},"50":{"start":{"line":143,"column":8},"end":{"line":143,"column":20}},"51":{"start":{"line":146,"column":6},"end":{"line":146,"column":56}},"52":{"start":{"line":148,"column":6},"end":{"line":150,"column":7}},"53":{"start":{"line":149,"column":8},"end":{"line":149,"column":57}},"54":{"start":{"line":153,"column":6},"end":{"line":155,"column":8}},"55":{"start":{"line":156,"column":6},"end":{"line":156,"column":76}},"56":{"start":{"line":164,"column":4},"end":{"line":164,"column":56}},"57":{"start":{"line":165,"column":4},"end":{"line":228,"column":5}},"58":{"start":{"line":167,"column":30},"end":{"line":167,"column":78}},"59":{"start":{"line":168,"column":6},"end":{"line":174,"column":7}},"60":{"start":{"line":169,"column":8},"end":{"line":173,"column":10}},"61":{"start":{"line":177,"column":32},"end":{"line":179,"column":295}},"62":{"start":{"line":181,"column":36},"end":{"line":181,"column":73}},"63":{"start":{"line":182,"column":31},"end":{"line":182,"column":97}},"64":{"start":{"line":184,"column":23},"end":{"line":191,"column":8}},"65":{"start":{"line":193,"column":21},"end":{"line":193,"column":66}},"66":{"start":{"line":194,"column":25},"end":{"line":194,"column":58}},"67":{"start":{"line":197,"column":31},"end":{"line":197,"column":74}},"68":{"start":{"line":198,"column":6},"end":{"line":204,"column":7}},"69":{"start":{"line":199,"column":8},"end":{"line":203,"column":10}},"70":{"start":{"line":206,"column":6},"end":{"line":209,"column":8}},"71":{"start":{"line":211,"column":6},"end":{"line":211,"column":56}},"72":{"start":{"line":213,"column":6},"end":{"line":215,"column":7}},"73":{"start":{"line":214,"column":8},"end":{"line":214,"column":20}},"74":{"start":{"line":217,"column":6},"end":{"line":217,"column":56}},"75":{"start":{"line":219,"column":6},"end":{"line":221,"column":7}},"76":{"start":{"line":220,"column":8},"end":{"line":220,"column":57}},"77":{"start":{"line":224,"column":6},"end":{"line":226,"column":8}},"78":{"start":{"line":227,"column":6},"end":{"line":227,"column":71}},"79":{"start":{"line":235,"column":4},"end":{"line":235,"column":56}},"80":{"start":{"line":236,"column":4},"end":{"line":280,"column":5}},"81":{"start":{"line":238,"column":30},"end":{"line":238,"column":70}},"82":{"start":{"line":239,"column":6},"end":{"line":245,"column":7}},"83":{"start":{"line":240,"column":8},"end":{"line":244,"column":10}},"84":{"start":{"line":247,"column":23},"end":{"line":250,"column":8}},"85":{"start":{"line":252,"column":24},"end":{"line":252,"column":51}},"86":{"start":{"line":253,"column":25},"end":{"line":253,"column":58}},"87":{"start":{"line":255,"column":6},"end":{"line":261,"column":7}},"88":{"start":{"line":256,"column":8},"end":{"line":260,"column":10}},"89":{"start":{"line":263,"column":6},"end":{"line":266,"column":8}},"90":{"start":{"line":268,"column":6},"end":{"line":268,"column":39}},"91":{"start":{"line":270,"column":6},"end":{"line":272,"column":7}},"92":{"start":{"line":271,"column":8},"end":{"line":271,"column":20}},"93":{"start":{"line":274,"column":6},"end":{"line":274,"column":56}},"94":{"start":{"line":276,"column":6},"end":{"line":278,"column":8}},"95":{"start":{"line":279,"column":6},"end":{"line":279,"column":77}},"96":{"start":{"line":18,"column":13},"end":{"line":18,"column":26}},"97":{"start":{"line":18,"column":13},"end":{"line":282,"column":null}}},"fnMap":{"0":{"name":"(anonymous_3)","decl":{"start":{"line":28,"column":2},"end":{"line":28,"column":null}},"loc":{"start":{"line":31,"column":64},"end":{"line":75,"column":3}}},"1":{"name":"(anonymous_4)","decl":{"start":{"line":52,"column":6},"end":{"line":52,"column":null}},"loc":{"start":{"line":54,"column":11},"end":{"line":54,"column":55}}},"2":{"name":"(anonymous_5)","decl":{"start":{"line":58,"column":32},"end":{"line":58,"column":35}},"loc":{"start":{"line":58,"column":37},"end":{"line":62,"column":5}}},"3":{"name":"(anonymous_6)","decl":{"start":{"line":64,"column":36},"end":{"line":64,"column":39}},"loc":{"start":{"line":64,"column":41},"end":{"line":68,"column":5}}},"4":{"name":"(anonymous_7)","decl":{"start":{"line":70,"column":33},"end":{"line":70,"column":36}},"loc":{"start":{"line":70,"column":38},"end":{"line":74,"column":5}}},"5":{"name":"(anonymous_8)","decl":{"start":{"line":77,"column":10},"end":{"line":77,"column":28}},"loc":{"start":{"line":77,"column":42},"end":{"line":79,"column":3}}},"6":{"name":"(anonymous_9)","decl":{"start":{"line":81,"column":2},"end":{"line":81,"column":7}},"loc":{"start":{"line":84,"column":26},"end":{"line":158,"column":3}}},"7":{"name":"(anonymous_10)","decl":{"start":{"line":160,"column":2},"end":{"line":160,"column":7}},"loc":{"start":{"line":162,"column":24},"end":{"line":229,"column":3}}},"8":{"name":"(anonymous_11)","decl":{"start":{"line":231,"column":2},"end":{"line":231,"column":7}},"loc":{"start":{"line":233,"column":16},"end":{"line":281,"column":3}}}},"branchMap":{"0":{"loc":{"start":{"line":35,"column":4},"end":{"line":39,"column":5}},"type":"if","locations":[{"start":{"line":35,"column":4},"end":{"line":39,"column":5}},{"start":{},"end":{}}]},"1":{"loc":{"start":{"line":90,"column":6},"end":{"line":96,"column":7}},"type":"if","locations":[{"start":{"line":90,"column":6},"end":{"line":96,"column":7}},{"start":{},"end":{}}]},"2":{"loc":{"start":{"line":101,"column":6},"end":{"line":103,"column":7}},"type":"if","locations":[{"start":{"line":101,"column":6},"end":{"line":103,"column":7}},{"start":{},"end":{}}]},"3":{"loc":{"start":{"line":116,"column":21},"end":{"line":116,"column":64}},"type":"binary-expr","locations":[{"start":{"line":116,"column":21},"end":{"line":116,"column":58}},{"start":{"line":116,"column":62},"end":{"line":116,"column":64}}]},"4":{"loc":{"start":{"line":117,"column":28},"end":{"line":117,"column":62}},"type":"binary-expr","locations":[{"start":{"line":117,"column":28},"end":{"line":117,"column":57}},{"start":{"line":117,"column":61},"end":{"line":117,"column":62}}]},"5":{"loc":{"start":{"line":118,"column":32},"end":{"line":118,"column":70}},"type":"binary-expr","locations":[{"start":{"line":118,"column":32},"end":{"line":118,"column":65}},{"start":{"line":118,"column":69},"end":{"line":118,"column":70}}]},"6":{"loc":{"start":{"line":119,"column":26},"end":{"line":119,"column":59}},"type":"binary-expr","locations":[{"start":{"line":119,"column":26},"end":{"line":119,"column":54}},{"start":{"line":119,"column":58},"end":{"line":119,"column":59}}]},"7":{"loc":{"start":{"line":123,"column":6},"end":{"line":129,"column":7}},"type":"if","locations":[{"start":{"line":123,"column":6},"end":{"line":129,"column":7}},{"start":{},"end":{}}]},"8":{"loc":{"start":{"line":142,"column":6},"end":{"line":144,"column":7}},"type":"if","locations":[{"start":{"line":142,"column":6},"end":{"line":144,"column":7}},{"start":{},"end":{}}]},"9":{"loc":{"start":{"line":148,"column":6},"end":{"line":150,"column":7}},"type":"if","locations":[{"start":{"line":148,"column":6},"end":{"line":150,"column":7}},{"start":{},"end":{}}]},"10":{"loc":{"start":{"line":148,"column":10},"end":{"line":148,"column":77}},"type":"binary-expr","locations":[{"start":{"line":148,"column":10},"end":{"line":148,"column":32}},{"start":{"line":148,"column":36},"end":{"line":148,"column":77}}]},"11":{"loc":{"start":{"line":154,"column":73},"end":{"line":154,"column":129}},"type":"cond-expr","locations":[{"start":{"line":154,"column":98},"end":{"line":154,"column":111}},{"start":{"line":154,"column":114},"end":{"line":154,"column":129}}]},"12":{"loc":{"start":{"line":168,"column":6},"end":{"line":174,"column":7}},"type":"if","locations":[{"start":{"line":168,"column":6},"end":{"line":174,"column":7}},{"start":{},"end":{}}]},"13":{"loc":{"start":{"line":193,"column":21},"end":{"line":193,"column":66}},"type":"binary-expr","locations":[{"start":{"line":193,"column":21},"end":{"line":193,"column":58}},{"start":{"line":193,"column":62},"end":{"line":193,"column":66}}]},"14":{"loc":{"start":{"line":194,"column":25},"end":{"line":194,"column":58}},"type":"binary-expr","locations":[{"start":{"line":194,"column":25},"end":{"line":194,"column":53}},{"start":{"line":194,"column":57},"end":{"line":194,"column":58}}]},"15":{"loc":{"start":{"line":198,"column":6},"end":{"line":204,"column":7}},"type":"if","locations":[{"start":{"line":198,"column":6},"end":{"line":204,"column":7}},{"start":{},"end":{}}]},"16":{"loc":{"start":{"line":213,"column":6},"end":{"line":215,"column":7}},"type":"if","locations":[{"start":{"line":213,"column":6},"end":{"line":215,"column":7}},{"start":{},"end":{}}]},"17":{"loc":{"start":{"line":219,"column":6},"end":{"line":221,"column":7}},"type":"if","locations":[{"start":{"line":219,"column":6},"end":{"line":221,"column":7}},{"start":{},"end":{}}]},"18":{"loc":{"start":{"line":219,"column":10},"end":{"line":219,"column":77}},"type":"binary-expr","locations":[{"start":{"line":219,"column":10},"end":{"line":219,"column":32}},{"start":{"line":219,"column":36},"end":{"line":219,"column":77}}]},"19":{"loc":{"start":{"line":239,"column":6},"end":{"line":245,"column":7}},"type":"if","locations":[{"start":{"line":239,"column":6},"end":{"line":245,"column":7}},{"start":{},"end":{}}]},"20":{"loc":{"start":{"line":253,"column":25},"end":{"line":253,"column":58}},"type":"binary-expr","locations":[{"start":{"line":253,"column":25},"end":{"line":253,"column":53}},{"start":{"line":253,"column":57},"end":{"line":253,"column":58}}]},"21":{"loc":{"start":{"line":255,"column":6},"end":{"line":261,"column":7}},"type":"if","locations":[{"start":{"line":255,"column":6},"end":{"line":261,"column":7}},{"start":{},"end":{}}]},"22":{"loc":{"start":{"line":270,"column":6},"end":{"line":272,"column":7}},"type":"if","locations":[{"start":{"line":270,"column":6},"end":{"line":272,"column":7}},{"start":{},"end":{}}]},"23":{"loc":{"start":{"line":277,"column":77},"end":{"line":277,"column":133}},"type":"cond-expr","locations":[{"start":{"line":277,"column":102},"end":{"line":277,"column":115}},{"start":{"line":277,"column":118},"end":{"line":277,"column":133}}]},"24":{"loc":{"start":{"line":29,"column":36},"end":{"line":29,"column":null}},"type":"cond-expr","locations":[{"start":{"line":29,"column":49},"end":{"line":29,"column":null}},{"start":{"line":29,"column":49},"end":{"line":29,"column":null}}]},"25":{"loc":{"start":{"line":29,"column":36},"end":{"line":29,"column":49}},"type":"binary-expr","locations":[{"start":{"line":29,"column":36},"end":{"line":29,"column":null}},{"start":{"line":29,"column":36},"end":{"line":29,"column":49}}]},"26":{"loc":{"start":{"line":29,"column":49},"end":{"line":30,"column":null}},"type":"cond-expr","locations":[{"start":{"line":30,"column":53},"end":{"line":30,"column":null}},{"start":{"line":30,"column":53},"end":{"line":30,"column":null}}]},"27":{"loc":{"start":{"line":29,"column":49},"end":{"line":30,"column":53}},"type":"binary-expr","locations":[{"start":{"line":29,"column":49},"end":{"line":30,"column":null}},{"start":{"line":30,"column":38},"end":{"line":30,"column":53}}]},"28":{"loc":{"start":{"line":30,"column":53},"end":{"line":31,"column":null}},"type":"cond-expr","locations":[{"start":{"line":31,"column":64},"end":{"line":31,"column":null}},{"start":{"line":31,"column":64},"end":{"line":31,"column":null}}]},"29":{"loc":{"start":{"line":30,"column":53},"end":{"line":31,"column":64}},"type":"binary-expr","locations":[{"start":{"line":30,"column":53},"end":{"line":31,"column":null}},{"start":{"line":31,"column":37},"end":{"line":31,"column":64}}]}},"s":{"0":1,"1":1,"2":1,"3":1,"4":1,"5":1,"6":1,"7":1,"8":1,"9":1,"10":5,"11":5,"12":5,"13":5,"14":5,"15":5,"16":0,"17":5,"18":5,"19":5,"20":2,"21":5,"22":0,"23":5,"24":0,"25":5,"26":0,"27":3,"28":4,"29":4,"30":4,"31":4,"32":1,"33":3,"34":3,"35":1,"36":3,"37":3,"38":3,"39":3,"40":3,"41":3,"42":3,"43":3,"44":3,"45":1,"46":2,"47":2,"48":2,"49":2,"50":2,"51":0,"52":0,"53":0,"54":0,"55":0,"56":0,"57":0,"58":0,"59":0,"60":0,"61":0,"62":0,"63":0,"64":0,"65":0,"66":0,"67":0,"68":0,"69":0,"70":0,"71":0,"72":0,"73":0,"74":0,"75":0,"76":0,"77":0,"78":0,"79":0,"80":0,"81":0,"82":0,"83":0,"84":0,"85":0,"86":0,"87":0,"88":0,"89":0,"90":0,"91":0,"92":0,"93":0,"94":0,"95":0,"96":1,"97":1},"f":{"0":5,"1":2,"2":0,"3":0,"4":0,"5":3,"6":4,"7":0,"8":0},"b":{"0":[0,5],"1":[1,3],"2":[1,2],"3":[3,1],"4":[3,3],"5":[3,3],"6":[3,1],"7":[1,2],"8":[2,0],"9":[0,0],"10":[0,0],"11":[0,0],"12":[0,0],"13":[0,0],"14":[0,0],"15":[0,0],"16":[0,0],"17":[0,0],"18":[0,0],"19":[0,0],"20":[0,0],"21":[0,0],"22":[0,0],"23":[0,0],"24":[1,0],"25":[1,1],"26":[1,0],"27":[1,1],"28":[1,0],"29":[1,1]}}
,"D:\\USER\\Downloads\\Closingan\\apps\\api\\src\\ai\\exceptions\\ai-safety.exception.ts": {"path":"D:\\USER\\Downloads\\Closingan\\apps\\api\\src\\ai\\exceptions\\ai-safety.exception.ts","statementMap":{"0":{"start":{"line":12,"column":4},"end":{"line":12,"column":19}},"1":{"start":{"line":13,"column":4},"end":{"line":13,"column":36}},"2":{"start":{"line":14,"column":4},"end":{"line":14,"column":25}},"3":{"start":{"line":15,"column":4},"end":{"line":15,"column":41}},"4":{"start":{"line":3,"column":0},"end":{"line":3,"column":13}}},"fnMap":{"0":{"name":"(anonymous_0)","decl":{"start":{"line":7,"column":2},"end":{"line":7,"column":null}},"loc":{"start":{"line":10,"column":40},"end":{"line":16,"column":3}}}},"branchMap":{"0":{"loc":{"start":{"line":10,"column":4},"end":{"line":10,"column":40}},"type":"default-arg","locations":[{"start":{"line":10,"column":36},"end":{"line":10,"column":40}}]}},"s":{"0":3,"1":3,"2":3,"3":3,"4":5},"f":{"0":3},"b":{"0":[0]}}
,"D:\\USER\\Downloads\\Closingan\\apps\\api\\src\\auth\\auth-otp.service.ts": {"path":"D:\\USER\\Downloads\\Closingan\\apps\\api\\src\\auth\\auth-otp.service.ts","statementMap":{"0":{"start":{"line":2,"column":0},"end":{"line":2,"column":44}},"1":{"start":{"line":3,"column":0},"end":{"line":3,"column":64}},"2":{"start":{"line":4,"column":0},"end":{"line":4,"column":51}},"3":{"start":{"line":6,"column":0},"end":{"line":6,"column":66}},"4":{"start":{"line":9,"column":7},"end":{"line":117,"column":null}},"5":{"start":{"line":11,"column":21},"end":{"line":11,"column":29}},"6":{"start":{"line":12,"column":21},"end":{"line":12,"column":34}},"7":{"start":{"line":16,"column":16},"end":{"line":16,"column":70}},"8":{"start":{"line":17,"column":22},"end":{"line":17,"column":59}},"9":{"start":{"line":19,"column":4},"end":{"line":26,"column":7}},"10":{"start":{"line":28,"column":4},"end":{"line":28,"column":47}},"11":{"start":{"line":32,"column":22},"end":{"line":39,"column":6}},"12":{"start":{"line":41,"column":4},"end":{"line":47,"column":5}},"13":{"start":{"line":42,"column":6},"end":{"line":46,"column":8}},"14":{"start":{"line":49,"column":4},"end":{"line":51,"column":5}},"15":{"start":{"line":50,"column":6},"end":{"line":50,"column":71}},"16":{"start":{"line":53,"column":4},"end":{"line":64,"column":5}},"17":{"start":{"line":54,"column":24},"end":{"line":54,"column":61}},"18":{"start":{"line":55,"column":6},"end":{"line":58,"column":9}},"19":{"start":{"line":59,"column":6},"end":{"line":63,"column":8}},"20":{"start":{"line":66,"column":4},"end":{"line":72,"column":5}},"21":{"start":{"line":67,"column":6},"end":{"line":70,"column":9}},"22":{"start":{"line":71,"column":6},"end":{"line":71,"column":63}},"23":{"start":{"line":74,"column":4},"end":{"line":77,"column":7}},"24":{"start":{"line":79,"column":4},"end":{"line":82,"column":7}},"25":{"start":{"line":84,"column":4},"end":{"line":84,"column":30}},"26":{"start":{"line":88,"column":48},"end":{"line":88,"column":62}},"27":{"start":{"line":89,"column":4},"end":{"line":89,"column":50}},"28":{"start":{"line":89,"column":18},"end":{"line":89,"column":50}},"29":{"start":{"line":90,"column":17},"end":{"line":90,"column":73}},"30":{"start":{"line":91,"column":4},"end":{"line":93,"column":5}},"31":{"start":{"line":92,"column":6},"end":{"line":92,"column":77}},"32":{"start":{"line":96,"column":4},"end":{"line":99,"column":7}},"33":{"start":{"line":101,"column":16},"end":{"line":101,"column":70}},"34":{"start":{"line":102,"column":22},"end":{"line":102,"column":59}},"35":{"start":{"line":104,"column":4},"end":{"line":111,"column":7}},"36":{"start":{"line":113,"column":4},"end":{"line":113,"column":52}},"37":{"start":{"line":115,"column":4},"end":{"line":115,"column":50}},"38":{"start":{"line":9,"column":13},"end":{"line":9,"column":27}},"39":{"start":{"line":9,"column":13},"end":{"line":117,"column":null}}},"fnMap":{"0":{"name":"(anonymous_2)","decl":{"start":{"line":10,"column":2},"end":{"line":10,"column":null}},"loc":{"start":{"line":12,"column":45},"end":{"line":13,"column":6}}},"1":{"name":"(anonymous_3)","decl":{"start":{"line":15,"column":2},"end":{"line":15,"column":7}},"loc":{"start":{"line":15,"column":61},"end":{"line":29,"column":3}}},"2":{"name":"(anonymous_4)","decl":{"start":{"line":31,"column":2},"end":{"line":31,"column":7}},"loc":{"start":{"line":31,"column":35},"end":{"line":85,"column":3}}},"3":{"name":"(anonymous_5)","decl":{"start":{"line":87,"column":2},"end":{"line":87,"column":7}},"loc":{"start":{"line":87,"column":51},"end":{"line":116,"column":3}}}},"branchMap":{"0":{"loc":{"start":{"line":41,"column":4},"end":{"line":47,"column":5}},"type":"if","locations":[{"start":{"line":41,"column":4},"end":{"line":47,"column":5}},{"start":{},"end":{}}]},"1":{"loc":{"start":{"line":49,"column":4},"end":{"line":51,"column":5}},"type":"if","locations":[{"start":{"line":49,"column":4},"end":{"line":51,"column":5}},{"start":{},"end":{}}]},"2":{"loc":{"start":{"line":53,"column":4},"end":{"line":64,"column":5}},"type":"if","locations":[{"start":{"line":53,"column":4},"end":{"line":64,"column":5}},{"start":{},"end":{}}]},"3":{"loc":{"start":{"line":66,"column":4},"end":{"line":72,"column":5}},"type":"if","locations":[{"start":{"line":66,"column":4},"end":{"line":72,"column":5}},{"start":{},"end":{}}]},"4":{"loc":{"start":{"line":89,"column":4},"end":{"line":89,"column":50}},"type":"if","locations":[{"start":{"line":89,"column":4},"end":{"line":89,"column":50}},{"start":{},"end":{}}]},"5":{"loc":{"start":{"line":91,"column":4},"end":{"line":93,"column":5}},"type":"if","locations":[{"start":{"line":91,"column":4},"end":{"line":93,"column":5}},{"start":{},"end":{}}]},"6":{"loc":{"start":{"line":11,"column":29},"end":{"line":11,"column":null}},"type":"cond-expr","locations":[{"start":{"line":11,"column":42},"end":{"line":11,"column":null}},{"start":{"line":11,"column":42},"end":{"line":11,"column":null}}]},"7":{"loc":{"start":{"line":11,"column":29},"end":{"line":11,"column":42}},"type":"binary-expr","locations":[{"start":{"line":11,"column":29},"end":{"line":11,"column":null}},{"start":{"line":11,"column":29},"end":{"line":11,"column":42}}]},"8":{"loc":{"start":{"line":11,"column":42},"end":{"line":12,"column":null}},"type":"cond-expr","locations":[{"start":{"line":12,"column":45},"end":{"line":12,"column":null}},{"start":{"line":12,"column":45},"end":{"line":12,"column":null}}]},"9":{"loc":{"start":{"line":11,"column":42},"end":{"line":12,"column":45}},"type":"binary-expr","locations":[{"start":{"line":11,"column":42},"end":{"line":12,"column":null}},{"start":{"line":12,"column":34},"end":{"line":12,"column":45}}]}},"s":{"0":1,"1":1,"2":1,"3":1,"4":1,"5":0,"6":0,"7":0,"8":0,"9":0,"10":0,"11":0,"12":0,"13":0,"14":0,"15":0,"16":0,"17":0,"18":0,"19":0,"20":0,"21":0,"22":0,"23":0,"24":0,"25":0,"26":0,"27":0,"28":0,"29":0,"30":0,"31":0,"32":0,"33":0,"34":0,"35":0,"36":0,"37":0,"38":1,"39":1},"f":{"0":0,"1":0,"2":0,"3":0},"b":{"0":[0,0],"1":[0,0],"2":[0,0],"3":[0,0],"4":[0,0],"5":[0,0],"6":[1,0],"7":[1,1],"8":[1,0],"9":[1,1]}}
,"D:\\USER\\Downloads\\Closingan\\apps\\api\\src\\auth\\auth-password.service.ts": {"path":"D:\\USER\\Downloads\\Closingan\\apps\\api\\src\\auth\\auth-password.service.ts","statementMap":{"0":{"start":{"line":2,"column":0},"end":{"line":2,"column":44}},"1":{"start":{"line":3,"column":0},"end":{"line":3,"column":64}},"2":{"start":{"line":4,"column":0},"end":{"line":4,"column":51}},"3":{"start":{"line":5,"column":0},"end":{"line":5,"column":35}},"4":{"start":{"line":6,"column":0},"end":{"line":6,"column":66}},"5":{"start":{"line":7,"column":0},"end":{"line":7,"column":33}},"6":{"start":{"line":8,"column":0},"end":{"line":8,"column":61}},"7":{"start":{"line":9,"column":0},"end":{"line":9,"column":45}},"8":{"start":{"line":12,"column":7},"end":{"line":89,"column":null}},"9":{"start":{"line":14,"column":21},"end":{"line":14,"column":29}},"10":{"start":{"line":15,"column":21},"end":{"line":15,"column":34}},"11":{"start":{"line":16,"column":21},"end":{"line":16,"column":35}},"12":{"start":{"line":20,"column":48},"end":{"line":20,"column":57}},"13":{"start":{"line":21,"column":4},"end":{"line":21,"column":50}},"14":{"start":{"line":21,"column":18},"end":{"line":21,"column":50}},"15":{"start":{"line":22,"column":17},"end":{"line":22,"column":73}},"16":{"start":{"line":25,"column":4},"end":{"line":39,"column":5}},"17":{"start":{"line":26,"column":20},"end":{"line":26,"column":58}},"18":{"start":{"line":27,"column":24},"end":{"line":27,"column":61}},"19":{"start":{"line":29,"column":6},"end":{"line":36,"column":9}},"20":{"start":{"line":38,"column":6},"end":{"line":38,"column":61}},"21":{"start":{"line":41,"column":4},"end":{"line":41,"column":55}},"22":{"start":{"line":45,"column":22},"end":{"line":47,"column":6}},"23":{"start":{"line":49,"column":4},"end":{"line":55,"column":5}},"24":{"start":{"line":50,"column":6},"end":{"line":54,"column":8}},"25":{"start":{"line":57,"column":25},"end":{"line":57,"column":59}},"26":{"start":{"line":59,"column":17},"end":{"line":61,"column":6}},"27":{"start":{"line":63,"column":4},"end":{"line":77,"column":7}},"28":{"start":{"line":79,"column":4},"end":{"line":85,"column":5}},"29":{"start":{"line":80,"column":6},"end":{"line":84,"column":9}},"30":{"start":{"line":87,"column":4},"end":{"line":87,"column":16}},"31":{"start":{"line":12,"column":13},"end":{"line":12,"column":32}},"32":{"start":{"line":12,"column":13},"end":{"line":89,"column":null}}},"fnMap":{"0":{"name":"(anonymous_11)","decl":{"start":{"line":13,"column":2},"end":{"line":13,"column":null}},"loc":{"start":{"line":16,"column":47},"end":{"line":17,"column":6}}},"1":{"name":"(anonymous_12)","decl":{"start":{"line":19,"column":2},"end":{"line":19,"column":7}},"loc":{"start":{"line":19,"column":55},"end":{"line":42,"column":3}}},"2":{"name":"(anonymous_13)","decl":{"start":{"line":44,"column":2},"end":{"line":44,"column":7}},"loc":{"start":{"line":44,"column":56},"end":{"line":88,"column":3}}}},"branchMap":{"0":{"loc":{"start":{"line":21,"column":4},"end":{"line":21,"column":50}},"type":"if","locations":[{"start":{"line":21,"column":4},"end":{"line":21,"column":50}},{"start":{},"end":{}}]},"1":{"loc":{"start":{"line":25,"column":4},"end":{"line":39,"column":5}},"type":"if","locations":[{"start":{"line":25,"column":4},"end":{"line":39,"column":5}},{"start":{},"end":{}}]},"2":{"loc":{"start":{"line":49,"column":4},"end":{"line":55,"column":5}},"type":"if","locations":[{"start":{"line":49,"column":4},"end":{"line":55,"column":5}},{"start":{},"end":{}}]},"3":{"loc":{"start":{"line":49,"column":8},"end":{"line":49,"column":54}},"type":"binary-expr","locations":[{"start":{"line":49,"column":8},"end":{"line":49,"column":18}},{"start":{"line":49,"column":22},"end":{"line":49,"column":54}}]},"4":{"loc":{"start":{"line":79,"column":4},"end":{"line":85,"column":5}},"type":"if","locations":[{"start":{"line":79,"column":4},"end":{"line":85,"column":5}},{"start":{},"end":{}}]},"5":{"loc":{"start":{"line":14,"column":29},"end":{"line":14,"column":null}},"type":"cond-expr","locations":[{"start":{"line":14,"column":42},"end":{"line":14,"column":null}},{"start":{"line":14,"column":42},"end":{"line":14,"column":null}}]},"6":{"loc":{"start":{"line":14,"column":29},"end":{"line":14,"column":42}},"type":"binary-expr","locations":[{"start":{"line":14,"column":29},"end":{"line":14,"column":null}},{"start":{"line":14,"column":29},"end":{"line":14,"column":42}}]},"7":{"loc":{"start":{"line":14,"column":42},"end":{"line":15,"column":null}},"type":"cond-expr","locations":[{"start":{"line":15,"column":45},"end":{"line":15,"column":null}},{"start":{"line":15,"column":45},"end":{"line":15,"column":null}}]},"8":{"loc":{"start":{"line":14,"column":42},"end":{"line":15,"column":45}},"type":"binary-expr","locations":[{"start":{"line":14,"column":42},"end":{"line":15,"column":null}},{"start":{"line":15,"column":34},"end":{"line":15,"column":45}}]},"9":{"loc":{"start":{"line":15,"column":45},"end":{"line":16,"column":null}},"type":"cond-expr","locations":[{"start":{"line":16,"column":47},"end":{"line":16,"column":null}},{"start":{"line":16,"column":47},"end":{"line":16,"column":null}}]},"10":{"loc":{"start":{"line":15,"column":45},"end":{"line":16,"column":47}},"type":"binary-expr","locations":[{"start":{"line":15,"column":45},"end":{"line":16,"column":null}},{"start":{"line":16,"column":35},"end":{"line":16,"column":47}}]}},"s":{"0":0,"1":0,"2":0,"3":0,"4":0,"5":0,"6":0,"7":0,"8":0,"9":0,"10":0,"11":0,"12":0,"13":0,"14":0,"15":0,"16":0,"17":0,"18":0,"19":0,"20":0,"21":0,"22":0,"23":0,"24":0,"25":0,"26":0,"27":0,"28":0,"29":0,"30":0,"31":0,"32":0},"f":{"0":0,"1":0,"2":0},"b":{"0":[0,0],"1":[0,0],"2":[0,0],"3":[0,0],"4":[0,0],"5":[0,0],"6":[0,0],"7":[0,0],"8":[0,0],"9":[0,0],"10":[0,0]}}
,"D:\\USER\\Downloads\\Closingan\\apps\\api\\src\\auth\\auth-token.service.ts": {"path":"D:\\USER\\Downloads\\Closingan\\apps\\api\\src\\auth\\auth-token.service.ts","statementMap":{"0":{"start":{"line":1,"column":0},"end":{"line":1,"column":44}},"1":{"start":{"line":3,"column":0},"end":{"line":3,"column":47}},"2":{"start":{"line":4,"column":0},"end":{"line":4,"column":41}},"3":{"start":{"line":5,"column":0},"end":{"line":5,"column":64}},"4":{"start":{"line":7,"column":0},"end":{"line":7,"column":66}},"5":{"start":{"line":8,"column":0},"end":{"line":8,"column":61}},"6":{"start":{"line":9,"column":0},"end":{"line":9,"column":45}},"7":{"start":{"line":12,"column":7},"end":{"line":112,"column":null}},"8":{"start":{"line":14,"column":21},"end":{"line":14,"column":29}},"9":{"start":{"line":15,"column":21},"end":{"line":15,"column":33}},"10":{"start":{"line":16,"column":21},"end":{"line":16,"column":36}},"11":{"start":{"line":17,"column":21},"end":{"line":17,"column":35}},"12":{"start":{"line":21,"column":20},"end":{"line":26,"column":6}},"13":{"start":{"line":28,"column":24},"end":{"line":32,"column":6}},"14":{"start":{"line":34,"column":25},"end":{"line":39,"column":6}},"15":{"start":{"line":41,"column":4},"end":{"line":55,"column":7}},"16":{"start":{"line":57,"column":4},"end":{"line":66,"column":6}},"17":{"start":{"line":70,"column":19},"end":{"line":73,"column":6}},"18":{"start":{"line":75,"column":4},"end":{"line":81,"column":5}},"19":{"start":{"line":76,"column":6},"end":{"line":80,"column":8}},"20":{"start":{"line":83,"column":4},"end":{"line":86,"column":7}},"21":{"start":{"line":88,"column":4},"end":{"line":88,"column":44}},"22":{"start":{"line":92,"column":19},"end":{"line":95,"column":6}},"23":{"start":{"line":97,"column":4},"end":{"line":108,"column":5}},"24":{"start":{"line":98,"column":6},"end":{"line":101,"column":9}},"25":{"start":{"line":103,"column":6},"end":{"line":107,"column":9}},"26":{"start":{"line":110,"column":4},"end":{"line":110,"column":16}},"27":{"start":{"line":12,"column":13},"end":{"line":12,"column":29}},"28":{"start":{"line":12,"column":13},"end":{"line":112,"column":null}}},"fnMap":{"0":{"name":"(anonymous_2)","decl":{"start":{"line":13,"column":2},"end":{"line":13,"column":null}},"loc":{"start":{"line":17,"column":47},"end":{"line":18,"column":6}}},"1":{"name":"(anonymous_3)","decl":{"start":{"line":20,"column":2},"end":{"line":20,"column":7}},"loc":{"start":{"line":20,"column":33},"end":{"line":67,"column":3}}},"2":{"name":"(anonymous_4)","decl":{"start":{"line":69,"column":2},"end":{"line":69,"column":7}},"loc":{"start":{"line":69,"column":42},"end":{"line":89,"column":3}}},"3":{"name":"(anonymous_5)","decl":{"start":{"line":91,"column":2},"end":{"line":91,"column":7}},"loc":{"start":{"line":91,"column":35},"end":{"line":111,"column":3}}}},"branchMap":{"0":{"loc":{"start":{"line":30,"column":8},"end":{"line":30,"column":79}},"type":"binary-expr","locations":[{"start":{"line":30,"column":8},"end":{"line":30,"column":59}},{"start":{"line":30,"column":63},"end":{"line":30,"column":79}}]},"1":{"loc":{"start":{"line":36,"column":8},"end":{"line":37,"column":24}},"type":"binary-expr","locations":[{"start":{"line":36,"column":8},"end":{"line":36,"column":60}},{"start":{"line":37,"column":8},"end":{"line":37,"column":24}}]},"2":{"loc":{"start":{"line":75,"column":4},"end":{"line":81,"column":5}},"type":"if","locations":[{"start":{"line":75,"column":4},"end":{"line":81,"column":5}},{"start":{},"end":{}}]},"3":{"loc":{"start":{"line":75,"column":8},"end":{"line":75,"column":65}},"type":"binary-expr","locations":[{"start":{"line":75,"column":8},"end":{"line":75,"column":15}},{"start":{"line":75,"column":19},"end":{"line":75,"column":32}},{"start":{"line":75,"column":36},"end":{"line":75,"column":65}}]},"4":{"loc":{"start":{"line":97,"column":4},"end":{"line":108,"column":5}},"type":"if","locations":[{"start":{"line":97,"column":4},"end":{"line":108,"column":5}},{"start":{},"end":{}}]},"5":{"loc":{"start":{"line":97,"column":8},"end":{"line":97,"column":32}},"type":"binary-expr","locations":[{"start":{"line":97,"column":8},"end":{"line":97,"column":14}},{"start":{"line":97,"column":18},"end":{"line":97,"column":32}}]},"6":{"loc":{"start":{"line":14,"column":29},"end":{"line":14,"column":null}},"type":"cond-expr","locations":[{"start":{"line":14,"column":42},"end":{"line":14,"column":null}},{"start":{"line":14,"column":42},"end":{"line":14,"column":null}}]},"7":{"loc":{"start":{"line":14,"column":29},"end":{"line":14,"column":42}},"type":"binary-expr","locations":[{"start":{"line":14,"column":29},"end":{"line":14,"column":null}},{"start":{"line":14,"column":29},"end":{"line":14,"column":42}}]},"8":{"loc":{"start":{"line":14,"column":42},"end":{"line":15,"column":null}},"type":"cond-expr","locations":[{"start":{"line":15,"column":43},"end":{"line":15,"column":null}},{"start":{"line":15,"column":43},"end":{"line":15,"column":null}}]},"9":{"loc":{"start":{"line":14,"column":42},"end":{"line":15,"column":43}},"type":"binary-expr","locations":[{"start":{"line":14,"column":42},"end":{"line":15,"column":null}},{"start":{"line":15,"column":33},"end":{"line":15,"column":43}}]},"10":{"loc":{"start":{"line":15,"column":43},"end":{"line":16,"column":null}},"type":"cond-expr","locations":[{"start":{"line":16,"column":49},"end":{"line":16,"column":null}},{"start":{"line":16,"column":49},"end":{"line":16,"column":null}}]},"11":{"loc":{"start":{"line":15,"column":43},"end":{"line":16,"column":49}},"type":"binary-expr","locations":[{"start":{"line":15,"column":43},"end":{"line":16,"column":null}},{"start":{"line":16,"column":36},"end":{"line":16,"column":49}}]},"12":{"loc":{"start":{"line":16,"column":49},"end":{"line":17,"column":null}},"type":"cond-expr","locations":[{"start":{"line":17,"column":47},"end":{"line":17,"column":null}},{"start":{"line":17,"column":47},"end":{"line":17,"column":null}}]},"13":{"loc":{"start":{"line":16,"column":49},"end":{"line":17,"column":47}},"type":"binary-expr","locations":[{"start":{"line":16,"column":49},"end":{"line":17,"column":null}},{"start":{"line":17,"column":35},"end":{"line":17,"column":47}}]}},"s":{"0":1,"1":1,"2":1,"3":1,"4":1,"5":1,"6":1,"7":1,"8":0,"9":0,"10":0,"11":0,"12":0,"13":0,"14":0,"15":0,"16":0,"17":0,"18":0,"19":0,"20":0,"21":0,"22":0,"23":0,"24":0,"25":0,"26":0,"27":1,"28":1},"f":{"0":0,"1":0,"2":0,"3":0},"b":{"0":[0,0],"1":[0,0],"2":[0,0],"3":[0,0,0],"4":[0,0],"5":[0,0],"6":[1,0],"7":[1,1],"8":[1,0],"9":[1,1],"10":[1,0],"11":[1,1],"12":[1,0],"13":[1,1]}}
,"D:\\USER\\Downloads\\Closingan\\apps\\api\\src\\auth\\auth.controller.ts": {"path":"D:\\USER\\Downloads\\Closingan\\apps\\api\\src\\auth\\auth.controller.ts","statementMap":{"0":{"start":{"line":2,"column":0},"end":{"line":2,"column":null}},"1":{"start":{"line":14,"column":0},"end":{"line":14,"column":66}},"2":{"start":{"line":15,"column":0},"end":{"line":15,"column":45}},"3":{"start":{"line":16,"column":0},"end":{"line":16,"column":56}},"4":{"start":{"line":17,"column":0},"end":{"line":17,"column":52}},"5":{"start":{"line":18,"column":0},"end":{"line":18,"column":62}},"6":{"start":{"line":19,"column":0},"end":{"line":19,"column":82}},"7":{"start":{"line":20,"column":0},"end":{"line":20,"column":69}},"8":{"start":{"line":21,"column":0},"end":{"line":21,"column":null}},"9":{"start":{"line":30,"column":0},"end":{"line":30,"column":63}},"10":{"start":{"line":31,"column":0},"end":{"line":31,"column":61}},"11":{"start":{"line":32,"column":0},"end":{"line":32,"column":45}},"12":{"start":{"line":35,"column":7},"end":{"line":159,"column":null}},"13":{"start":{"line":37,"column":21},"end":{"line":37,"column":34}},"14":{"start":{"line":38,"column":21},"end":{"line":38,"column":39}},"15":{"start":{"line":39,"column":21},"end":{"line":39,"column":37}},"16":{"start":{"line":40,"column":21},"end":{"line":40,"column":42}},"17":{"start":{"line":41,"column":21},"end":{"line":41,"column":39}},"18":{"start":{"line":51,"column":28},"end":{"line":51,"column":74}},"19":{"start":{"line":52,"column":19},"end":{"line":52,"column":82}},"20":{"start":{"line":53,"column":4},"end":{"line":53,"column":43}},"21":{"start":{"line":59,"column":19},"end":{"line":59,"column":59}},"22":{"start":{"line":60,"column":4},"end":{"line":60,"column":43}},"23":{"start":{"line":69,"column":19},"end":{"line":69,"column":76}},"24":{"start":{"line":70,"column":4},"end":{"line":70,"column":43}},"25":{"start":{"line":83,"column":28},"end":{"line":83,"column":74}},"26":{"start":{"line":84,"column":19},"end":{"line":84,"column":83}},"27":{"start":{"line":85,"column":4},"end":{"line":90,"column":7}},"28":{"start":{"line":91,"column":4},"end":{"line":91,"column":43}},"29":{"start":{"line":97,"column":19},"end":{"line":97,"column":65}},"30":{"start":{"line":98,"column":4},"end":{"line":98,"column":43}},"31":{"start":{"line":107,"column":18},"end":{"line":107,"column":44}},"32":{"start":{"line":108,"column":4},"end":{"line":110,"column":5}},"33":{"start":{"line":109,"column":6},"end":{"line":109,"column":79}},"34":{"start":{"line":111,"column":19},"end":{"line":113,"column":6}},"35":{"start":{"line":114,"column":4},"end":{"line":119,"column":7}},"36":{"start":{"line":120,"column":4},"end":{"line":120,"column":43}},"37":{"start":{"line":132,"column":25},"end":{"line":132,"column":71}},"38":{"start":{"line":133,"column":4},"end":{"line":135,"column":5}},"39":{"start":{"line":134,"column":6},"end":{"line":134,"column":55}},"40":{"start":{"line":136,"column":4},"end":{"line":136,"column":37}},"41":{"start":{"line":137,"column":4},"end":{"line":137,"column":54}},"42":{"start":{"line":146,"column":19},"end":{"line":148,"column":null}},"43":{"start":{"line":150,"column":4},"end":{"line":150,"column":43}},"44":{"start":{"line":156,"column":4},"end":{"line":156,"column":77}},"45":{"start":{"line":157,"column":4},"end":{"line":157,"column":54}},"46":{"start":{"line":35,"column":13},"end":{"line":35,"column":27}},"47":{"start":{"line":46,"column":8},"end":{"line":54,"column":null}},"48":{"start":{"line":58,"column":8},"end":{"line":61,"column":null}},"49":{"start":{"line":65,"column":8},"end":{"line":71,"column":null}},"50":{"start":{"line":76,"column":8},"end":{"line":92,"column":null}},"51":{"start":{"line":96,"column":8},"end":{"line":99,"column":null}},"52":{"start":{"line":103,"column":8},"end":{"line":121,"column":null}},"53":{"start":{"line":127,"column":8},"end":{"line":138,"column":null}},"54":{"start":{"line":142,"column":8},"end":{"line":151,"column":null}},"55":{"start":{"line":155,"column":8},"end":{"line":158,"column":null}},"56":{"start":{"line":35,"column":13},"end":{"line":159,"column":null}}},"fnMap":{"0":{"name":"(anonymous_4)","decl":{"start":{"line":36,"column":2},"end":{"line":36,"column":null}},"loc":{"start":{"line":41,"column":55},"end":{"line":42,"column":6}}},"1":{"name":"(anonymous_5)","decl":{"start":{"line":46,"column":8},"end":{"line":46,"column":16}},"loc":{"start":{"line":49,"column":45},"end":{"line":54,"column":3}}},"2":{"name":"(anonymous_6)","decl":{"start":{"line":58,"column":8},"end":{"line":58,"column":17}},"loc":{"start":{"line":58,"column":43},"end":{"line":61,"column":3}}},"3":{"name":"(anonymous_7)","decl":{"start":{"line":65,"column":8},"end":{"line":65,"column":17}},"loc":{"start":{"line":67,"column":45},"end":{"line":71,"column":3}}},"4":{"name":"(anonymous_8)","decl":{"start":{"line":76,"column":8},"end":{"line":76,"column":13}},"loc":{"start":{"line":81,"column":45},"end":{"line":92,"column":3}}},"5":{"name":"(anonymous_9)","decl":{"start":{"line":96,"column":8},"end":{"line":96,"column":21}},"loc":{"start":{"line":96,"column":50},"end":{"line":99,"column":3}}},"6":{"name":"(anonymous_10)","decl":{"start":{"line":103,"column":8},"end":{"line":103,"column":21}},"loc":{"start":{"line":105,"column":45},"end":{"line":121,"column":3}}},"7":{"name":"(anonymous_11)","decl":{"start":{"line":127,"column":8},"end":{"line":127,"column":14}},"loc":{"start":{"line":130,"column":23},"end":{"line":138,"column":3}}},"8":{"name":"(anonymous_12)","decl":{"start":{"line":142,"column":8},"end":{"line":142,"column":22}},"loc":{"start":{"line":144,"column":45},"end":{"line":151,"column":3}}},"9":{"name":"(anonymous_13)","decl":{"start":{"line":155,"column":8},"end":{"line":155,"column":21}},"loc":{"start":{"line":155,"column":51},"end":{"line":158,"column":3}}}},"branchMap":{"0":{"loc":{"start":{"line":108,"column":4},"end":{"line":110,"column":5}},"type":"if","locations":[{"start":{"line":108,"column":4},"end":{"line":110,"column":5}},{"start":{},"end":{}}]},"1":{"loc":{"start":{"line":132,"column":25},"end":{"line":132,"column":71}},"type":"binary-expr","locations":[{"start":{"line":132,"column":25},"end":{"line":132,"column":41}},{"start":{"line":132,"column":45},"end":{"line":132,"column":71}}]},"2":{"loc":{"start":{"line":133,"column":4},"end":{"line":135,"column":5}},"type":"if","locations":[{"start":{"line":133,"column":4},"end":{"line":135,"column":5}},{"start":{},"end":{}}]},"3":{"loc":{"start":{"line":47,"column":17},"end":{"line":47,"column":null}},"type":"cond-expr","locations":[{"start":{"line":47,"column":28},"end":{"line":47,"column":null}},{"start":{"line":47,"column":28},"end":{"line":47,"column":null}}]},"4":{"loc":{"start":{"line":47,"column":17},"end":{"line":47,"column":28}},"type":"binary-expr","locations":[{"start":{"line":47,"column":17},"end":{"line":47,"column":null}},{"start":{"line":47,"column":17},"end":{"line":47,"column":28}}]},"5":{"loc":{"start":{"line":58,"column":31},"end":{"line":58,"column":null}},"type":"cond-expr","locations":[{"start":{"line":58,"column":43},"end":{"line":58,"column":null}},{"start":{"line":58,"column":43},"end":{"line":58,"column":null}}]},"6":{"loc":{"start":{"line":58,"column":31},"end":{"line":58,"column":43}},"type":"binary-expr","locations":[{"start":{"line":58,"column":31},"end":{"line":58,"column":null}},{"start":{"line":58,"column":31},"end":{"line":58,"column":43}}]},"7":{"loc":{"start":{"line":66,"column":17},"end":{"line":66,"column":null}},"type":"cond-expr","locations":[{"start":{"line":66,"column":29},"end":{"line":66,"column":null}},{"start":{"line":66,"column":29},"end":{"line":66,"column":null}}]},"8":{"loc":{"start":{"line":66,"column":17},"end":{"line":66,"column":29}},"type":"binary-expr","locations":[{"start":{"line":66,"column":17},"end":{"line":66,"column":null}},{"start":{"line":66,"column":17},"end":{"line":66,"column":29}}]},"9":{"loc":{"start":{"line":77,"column":17},"end":{"line":77,"column":null}},"type":"cond-expr","locations":[{"start":{"line":77,"column":25},"end":{"line":77,"column":null}},{"start":{"line":77,"column":25},"end":{"line":77,"column":null}}]},"10":{"loc":{"start":{"line":77,"column":17},"end":{"line":77,"column":25}},"type":"binary-expr","locations":[{"start":{"line":77,"column":17},"end":{"line":77,"column":null}},{"start":{"line":77,"column":17},"end":{"line":77,"column":25}}]},"11":{"loc":{"start":{"line":96,"column":35},"end":{"line":96,"column":null}},"type":"cond-expr","locations":[{"start":{"line":96,"column":50},"end":{"line":96,"column":null}},{"start":{"line":96,"column":50},"end":{"line":96,"column":null}}]},"12":{"loc":{"start":{"line":96,"column":35},"end":{"line":96,"column":50}},"type":"binary-expr","locations":[{"start":{"line":96,"column":35},"end":{"line":96,"column":null}},{"start":{"line":96,"column":35},"end":{"line":96,"column":50}}]},"13":{"loc":{"start":{"line":128,"column":17},"end":{"line":128,"column":null}},"type":"cond-expr","locations":[{"start":{"line":128,"column":32},"end":{"line":128,"column":null}},{"start":{"line":128,"column":32},"end":{"line":128,"column":null}}]},"14":{"loc":{"start":{"line":128,"column":17},"end":{"line":128,"column":32}},"type":"binary-expr","locations":[{"start":{"line":128,"column":17},"end":{"line":128,"column":null}},{"start":{"line":128,"column":17},"end":{"line":128,"column":32}}]},"15":{"loc":{"start":{"line":143,"column":17},"end":{"line":143,"column":null}},"type":"cond-expr","locations":[{"start":{"line":143,"column":34},"end":{"line":143,"column":null}},{"start":{"line":143,"column":34},"end":{"line":143,"column":null}}]},"16":{"loc":{"start":{"line":143,"column":17},"end":{"line":143,"column":34}},"type":"binary-expr","locations":[{"start":{"line":143,"column":17},"end":{"line":143,"column":null}},{"start":{"line":143,"column":17},"end":{"line":143,"column":34}}]},"17":{"loc":{"start":{"line":155,"column":35},"end":{"line":155,"column":null}},"type":"cond-expr","locations":[{"start":{"line":155,"column":51},"end":{"line":155,"column":null}},{"start":{"line":155,"column":51},"end":{"line":155,"column":null}}]},"18":{"loc":{"start":{"line":155,"column":35},"end":{"line":155,"column":51}},"type":"binary-expr","locations":[{"start":{"line":155,"column":35},"end":{"line":155,"column":null}},{"start":{"line":155,"column":35},"end":{"line":155,"column":51}}]},"19":{"loc":{"start":{"line":37,"column":34},"end":{"line":37,"column":null}},"type":"cond-expr","locations":[{"start":{"line":37,"column":45},"end":{"line":37,"column":null}},{"start":{"line":37,"column":45},"end":{"line":37,"column":null}}]},"20":{"loc":{"start":{"line":37,"column":34},"end":{"line":37,"column":45}},"type":"binary-expr","locations":[{"start":{"line":37,"column":34},"end":{"line":37,"column":null}},{"start":{"line":37,"column":34},"end":{"line":37,"column":45}}]},"21":{"loc":{"start":{"line":37,"column":45},"end":{"line":38,"column":null}},"type":"cond-expr","locations":[{"start":{"line":38,"column":55},"end":{"line":38,"column":null}},{"start":{"line":38,"column":55},"end":{"line":38,"column":null}}]},"22":{"loc":{"start":{"line":37,"column":45},"end":{"line":38,"column":55}},"type":"binary-expr","locations":[{"start":{"line":37,"column":45},"end":{"line":38,"column":null}},{"start":{"line":38,"column":39},"end":{"line":38,"column":55}}]},"23":{"loc":{"start":{"line":38,"column":55},"end":{"line":39,"column":null}},"type":"cond-expr","locations":[{"start":{"line":39,"column":51},"end":{"line":39,"column":null}},{"start":{"line":39,"column":51},"end":{"line":39,"column":null}}]},"24":{"loc":{"start":{"line":38,"column":55},"end":{"line":39,"column":51}},"type":"binary-expr","locations":[{"start":{"line":38,"column":55},"end":{"line":39,"column":null}},{"start":{"line":39,"column":37},"end":{"line":39,"column":51}}]},"25":{"loc":{"start":{"line":39,"column":51},"end":{"line":40,"column":null}},"type":"cond-expr","locations":[{"start":{"line":40,"column":61},"end":{"line":40,"column":null}},{"start":{"line":40,"column":61},"end":{"line":40,"column":null}}]},"26":{"loc":{"start":{"line":39,"column":51},"end":{"line":40,"column":61}},"type":"binary-expr","locations":[{"start":{"line":39,"column":51},"end":{"line":40,"column":null}},{"start":{"line":40,"column":42},"end":{"line":40,"column":61}}]},"27":{"loc":{"start":{"line":40,"column":61},"end":{"line":41,"column":null}},"type":"cond-expr","locations":[{"start":{"line":41,"column":55},"end":{"line":41,"column":null}},{"start":{"line":41,"column":55},"end":{"line":41,"column":null}}]},"28":{"loc":{"start":{"line":40,"column":61},"end":{"line":41,"column":55}},"type":"binary-expr","locations":[{"start":{"line":40,"column":61},"end":{"line":41,"column":null}},{"start":{"line":41,"column":39},"end":{"line":41,"column":55}}]}},"s":{"0":0,"1":0,"2":0,"3":0,"4":0,"5":0,"6":0,"7":0,"8":0,"9":0,"10":0,"11":0,"12":0,"13":0,"14":0,"15":0,"16":0,"17":0,"18":0,"19":0,"20":0,"21":0,"22":0,"23":0,"24":0,"25":0,"26":0,"27":0,"28":0,"29":0,"30":0,"31":0,"32":0,"33":0,"34":0,"35":0,"36":0,"37":0,"38":0,"39":0,"40":0,"41":0,"42":0,"43":0,"44":0,"45":0,"46":0,"47":0,"48":0,"49":0,"50":0,"51":0,"52":0,"53":0,"54":0,"55":0,"56":0},"f":{"0":0,"1":0,"2":0,"3":0,"4":0,"5":0,"6":0,"7":0,"8":0,"9":0},"b":{"0":[0,0],"1":[0,0],"2":[0,0],"3":[0,0],"4":[0,0],"5":[0,0],"6":[0,0],"7":[0,0],"8":[0,0],"9":[0,0],"10":[0,0],"11":[0,0],"12":[0,0],"13":[0,0],"14":[0,0],"15":[0,0],"16":[0,0],"17":[0,0],"18":[0,0],"19":[0,0],"20":[0,0],"21":[0,0],"22":[0,0],"23":[0,0],"24":[0,0],"25":[0,0],"26":[0,0],"27":[0,0],"28":[0,0]}}
,"D:\\USER\\Downloads\\Closingan\\apps\\api\\src\\auth\\auth.module.ts": {"path":"D:\\USER\\Downloads\\Closingan\\apps\\api\\src\\auth\\auth.module.ts","statementMap":{"0":{"start":{"line":1,"column":0},"end":{"line":1,"column":40}},"1":{"start":{"line":2,"column":0},"end":{"line":2,"column":61}},"2":{"start":{"line":3,"column":0},"end":{"line":3,"column":40}},"3":{"start":{"line":4,"column":0},"end":{"line":4,"column":50}},"4":{"start":{"line":5,"column":0},"end":{"line":5,"column":45}},"5":{"start":{"line":6,"column":0},"end":{"line":6,"column":56}},"6":{"start":{"line":7,"column":0},"end":{"line":7,"column":52}},"7":{"start":{"line":8,"column":0},"end":{"line":8,"column":62}},"8":{"start":{"line":9,"column":0},"end":{"line":9,"column":51}},"9":{"start":{"line":10,"column":0},"end":{"line":10,"column":56}},"10":{"start":{"line":11,"column":0},"end":{"line":11,"column":49}},"11":{"start":{"line":12,"column":0},"end":{"line":12,"column":80}},"12":{"start":{"line":39,"column":7},"end":{"line":39,"column":null}},"13":{"start":{"line":39,"column":13},"end":{"line":39,"column":23}},"14":{"start":{"line":39,"column":13},"end":{"line":39,"column":null}},"15":{"start":{"line":20,"column":53},"end":{"line":24,"column":8}}},"fnMap":{"0":{"name":"(anonymous_1)","decl":{"start":{"line":20,"column":18},"end":{"line":20,"column":19}},"loc":{"start":{"line":20,"column":53},"end":{"line":24,"column":8}}}},"branchMap":{"0":{"loc":{"start":{"line":22,"column":10},"end":{"line":22,"column":76}},"type":"binary-expr","locations":[{"start":{"line":22,"column":10},"end":{"line":22,"column":56}},{"start":{"line":22,"column":60},"end":{"line":22,"column":76}}]}},"s":{"0":0,"1":0,"2":0,"3":0,"4":0,"5":0,"6":0,"7":0,"8":0,"9":0,"10":0,"11":0,"12":0,"13":0,"14":0,"15":0},"f":{"0":0},"b":{"0":[0,0]}}
,"D:\\USER\\Downloads\\Closingan\\apps\\api\\src\\auth\\auth.service.ts": {"path":"D:\\USER\\Downloads\\Closingan\\apps\\api\\src\\auth\\auth.service.ts","statementMap":{"0":{"start":{"line":1,"column":0},"end":{"line":1,"column":44}},"1":{"start":{"line":2,"column":0},"end":{"line":2,"column":64}},"2":{"start":{"line":3,"column":0},"end":{"line":3,"column":35}},"3":{"start":{"line":5,"column":0},"end":{"line":5,"column":66}},"4":{"start":{"line":6,"column":0},"end":{"line":6,"column":61}},"5":{"start":{"line":7,"column":0},"end":{"line":7,"column":45}},"6":{"start":{"line":8,"column":0},"end":{"line":8,"column":56}},"7":{"start":{"line":9,"column":0},"end":{"line":9,"column":52}},"8":{"start":{"line":10,"column":0},"end":{"line":10,"column":63}},"9":{"start":{"line":13,"column":7},"end":{"line":203,"column":null}},"10":{"start":{"line":15,"column":21},"end":{"line":15,"column":29}},"11":{"start":{"line":16,"column":21},"end":{"line":16,"column":35}},"12":{"start":{"line":17,"column":21},"end":{"line":17,"column":39}},"13":{"start":{"line":18,"column":21},"end":{"line":18,"column":37}},"14":{"start":{"line":22,"column":19},"end":{"line":22,"column":38}},"15":{"start":{"line":23,"column":4},"end":{"line":23,"column":46}},"16":{"start":{"line":27,"column":4},"end":{"line":33,"column":5}},"17":{"start":{"line":28,"column":6},"end":{"line":32,"column":8}},"18":{"start":{"line":35,"column":30},"end":{"line":35,"column":31}},"19":{"start":{"line":36,"column":30},"end":{"line":44,"column":6}},"20":{"start":{"line":46,"column":4},"end":{"line":61,"column":5}},"21":{"start":{"line":47,"column":6},"end":{"line":54,"column":9}},"22":{"start":{"line":56,"column":6},"end":{"line":60,"column":8}},"23":{"start":{"line":63,"column":48},"end":{"line":63,"column":68}},"24":{"start":{"line":64,"column":4},"end":{"line":64,"column":50}},"25":{"start":{"line":64,"column":18},"end":{"line":64,"column":50}},"26":{"start":{"line":65,"column":25},"end":{"line":67,"column":6}},"27":{"start":{"line":69,"column":4},"end":{"line":75,"column":5}},"28":{"start":{"line":70,"column":6},"end":{"line":74,"column":8}},"29":{"start":{"line":77,"column":25},"end":{"line":77,"column":60}},"30":{"start":{"line":79,"column":17},"end":{"line":97,"column":6}},"31":{"start":{"line":80,"column":25},"end":{"line":80,"column":65}},"32":{"start":{"line":82,"column":21},"end":{"line":86,"column":8}},"33":{"start":{"line":88,"column":6},"end":{"line":96,"column":9}},"34":{"start":{"line":100,"column":4},"end":{"line":100,"column":74}},"35":{"start":{"line":102,"column":4},"end":{"line":109,"column":7}},"36":{"start":{"line":111,"column":4},"end":{"line":115,"column":6}},"37":{"start":{"line":119,"column":48},"end":{"line":119,"column":68}},"38":{"start":{"line":120,"column":4},"end":{"line":120,"column":50}},"39":{"start":{"line":120,"column":18},"end":{"line":120,"column":50}},"40":{"start":{"line":121,"column":17},"end":{"line":123,"column":6}},"41":{"start":{"line":125,"column":4},"end":{"line":137,"column":5}},"42":{"start":{"line":126,"column":6},"end":{"line":131,"column":9}},"43":{"start":{"line":132,"column":6},"end":{"line":136,"column":8}},"44":{"start":{"line":139,"column":4},"end":{"line":148,"column":5}},"45":{"start":{"line":140,"column":6},"end":{"line":146,"column":9}},"46":{"start":{"line":147,"column":6},"end":{"line":147,"column":80}},"47":{"start":{"line":150,"column":4},"end":{"line":156,"column":5}},"48":{"start":{"line":151,"column":6},"end":{"line":155,"column":8}},"49":{"start":{"line":158,"column":20},"end":{"line":158,"column":73}},"50":{"start":{"line":159,"column":4},"end":{"line":181,"column":5}},"51":{"start":{"line":160,"column":23},"end":{"line":160,"column":45}},"52":{"start":{"line":161,"column":37},"end":{"line":161,"column":41}},"53":{"start":{"line":162,"column":6},"end":{"line":164,"column":7}},"54":{"start":{"line":163,"column":8},"end":{"line":163,"column":60}},"55":{"start":{"line":165,"column":6},"end":{"line":168,"column":9}},"56":{"start":{"line":169,"column":6},"end":{"line":175,"column":9}},"57":{"start":{"line":176,"column":6},"end":{"line":180,"column":8}},"58":{"start":{"line":183,"column":4},"end":{"line":191,"column":7}},"59":{"start":{"line":193,"column":4},"end":{"line":199,"column":7}},"60":{"start":{"line":201,"column":4},"end":{"line":201,"column":54}},"61":{"start":{"line":13,"column":13},"end":{"line":13,"column":24}},"62":{"start":{"line":13,"column":13},"end":{"line":203,"column":null}}},"fnMap":{"0":{"name":"(anonymous_11)","decl":{"start":{"line":14,"column":2},"end":{"line":14,"column":null}},"loc":{"start":{"line":18,"column":51},"end":{"line":19,"column":6}}},"1":{"name":"(anonymous_12)","decl":{"start":{"line":21,"column":10},"end":{"line":21,"column":27}},"loc":{"start":{"line":21,"column":41},"end":{"line":24,"column":3}}},"2":{"name":"(anonymous_13)","decl":{"start":{"line":26,"column":2},"end":{"line":26,"column":7}},"loc":{"start":{"line":26,"column":77},"end":{"line":116,"column":3}}},"3":{"name":"(anonymous_14)","decl":{"start":{"line":79,"column":48},"end":{"line":79,"column":53}},"loc":{"start":{"line":79,"column":65},"end":{"line":97,"column":5}}},"4":{"name":"(anonymous_15)","decl":{"start":{"line":118,"column":2},"end":{"line":118,"column":7}},"loc":{"start":{"line":118,"column":90},"end":{"line":202,"column":3}}}},"branchMap":{"0":{"loc":{"start":{"line":27,"column":4},"end":{"line":33,"column":5}},"type":"if","locations":[{"start":{"line":27,"column":4},"end":{"line":33,"column":5}},{"start":{},"end":{}}]},"1":{"loc":{"start":{"line":46,"column":4},"end":{"line":61,"column":5}},"type":"if","locations":[{"start":{"line":46,"column":4},"end":{"line":61,"column":5}},{"start":{},"end":{}}]},"2":{"loc":{"start":{"line":64,"column":4},"end":{"line":64,"column":50}},"type":"if","locations":[{"start":{"line":64,"column":4},"end":{"line":64,"column":50}},{"start":{},"end":{}}]},"3":{"loc":{"start":{"line":69,"column":4},"end":{"line":75,"column":5}},"type":"if","locations":[{"start":{"line":69,"column":4},"end":{"line":75,"column":5}},{"start":{},"end":{}}]},"4":{"loc":{"start":{"line":120,"column":4},"end":{"line":120,"column":50}},"type":"if","locations":[{"start":{"line":120,"column":4},"end":{"line":120,"column":50}},{"start":{},"end":{}}]},"5":{"loc":{"start":{"line":125,"column":4},"end":{"line":137,"column":5}},"type":"if","locations":[{"start":{"line":125,"column":4},"end":{"line":137,"column":5}},{"start":{},"end":{}}]},"6":{"loc":{"start":{"line":139,"column":4},"end":{"line":148,"column":5}},"type":"if","locations":[{"start":{"line":139,"column":4},"end":{"line":148,"column":5}},{"start":{},"end":{}}]},"7":{"loc":{"start":{"line":139,"column":8},"end":{"line":139,"column":57}},"type":"binary-expr","locations":[{"start":{"line":139,"column":8},"end":{"line":139,"column":24}},{"start":{"line":139,"column":28},"end":{"line":139,"column":57}}]},"8":{"loc":{"start":{"line":150,"column":4},"end":{"line":156,"column":5}},"type":"if","locations":[{"start":{"line":150,"column":4},"end":{"line":156,"column":5}},{"start":{},"end":{}}]},"9":{"loc":{"start":{"line":159,"column":4},"end":{"line":181,"column":5}},"type":"if","locations":[{"start":{"line":159,"column":4},"end":{"line":181,"column":5}},{"start":{},"end":{}}]},"10":{"loc":{"start":{"line":162,"column":6},"end":{"line":164,"column":7}},"type":"if","locations":[{"start":{"line":162,"column":6},"end":{"line":164,"column":7}},{"start":{},"end":{}}]},"11":{"loc":{"start":{"line":15,"column":29},"end":{"line":15,"column":null}},"type":"cond-expr","locations":[{"start":{"line":15,"column":42},"end":{"line":15,"column":null}},{"start":{"line":15,"column":42},"end":{"line":15,"column":null}}]},"12":{"loc":{"start":{"line":15,"column":29},"end":{"line":15,"column":42}},"type":"binary-expr","locations":[{"start":{"line":15,"column":29},"end":{"line":15,"column":null}},{"start":{"line":15,"column":29},"end":{"line":15,"column":42}}]},"13":{"loc":{"start":{"line":15,"column":42},"end":{"line":16,"column":null}},"type":"cond-expr","locations":[{"start":{"line":16,"column":47},"end":{"line":16,"column":null}},{"start":{"line":16,"column":47},"end":{"line":16,"column":null}}]},"14":{"loc":{"start":{"line":15,"column":42},"end":{"line":16,"column":47}},"type":"binary-expr","locations":[{"start":{"line":15,"column":42},"end":{"line":16,"column":null}},{"start":{"line":16,"column":35},"end":{"line":16,"column":47
[...]
,"D:\\USER\\Downloads\\Closingan\\apps\\api\\src\\whatsapp\\tasks\\disconnect-detection.service.ts": {"path":"D:\\USER\\Downloads\\Closingan\\apps\\api\\src\\whatsapp\\tasks\\disconnect-detection.service.ts","statementMap":{"0":{"start":{"line":1,"column":0},"end":{"line":1,"column":60}},"1":{"start":{"line":2,"column":0},"end":{"line":2,"column":56}},"2":{"start":{"line":3,"column":0},"end":{"line":3,"column":40}},"3":{"start":{"line":4,"column":0},"end":{"line":4,"column":67}},"4":{"start":{"line":5,"column":0},"end":{"line":5,"column":64}},"5":{"start":{"line":6,"column":0},"end":{"line":6,"column":78}},"6":{"start":{"line":8,"column":0},"end":{"line":8,"column":45}},"7":{"start":{"line":9,"column":0},"end":{"line":9,"column":31}},"8":{"start":{"line":31,"column":39},"end":{"line":270,"column":null}},"9":{"start":{"line":32,"column":28},"end":{"line":32,"column":71}},"10":{"start":{"line":35,"column":21},"end":{"line":35,"column":26}},"11":{"start":{"line":36,"column":21},"end":{"line":36,"column":29}},"12":{"start":{"line":37,"column":21},"end":{"line":37,"column":35}},"13":{"start":{"line":39,"column":21},"end":{"line":39,"column":64}},"14":{"start":{"line":40,"column":46},"end":{"line":40,"column":60}},"15":{"start":{"line":41,"column":52},"end":{"line":41,"column":72}},"16":{"start":{"line":46,"column":4},"end":{"line":46,"column":59}},"17":{"start":{"line":49,"column":22},"end":{"line":66,"column":6}},"18":{"start":{"line":68,"column":4},"end":{"line":70,"column":5}},"19":{"start":{"line":69,"column":6},"end":{"line":69,"column":13}},"20":{"start":{"line":72,"column":43},"end":{"line":118,"column":null}},"21":{"start":{"line":74,"column":8},"end":{"line":117,"column":10}},"22":{"start":{"line":75,"column":10},"end":{"line":75,"column":53}},"23":{"start":{"line":77,"column":10},"end":{"line":116,"column":11}},"24":{"start":{"line":78,"column":12},"end":{"line":109,"column":13}},"25":{"start":{"line":79,"column":29},"end":{"line":80,"column":null}},"26":{"start":{"line":82,"column":14},"end":{"line":84,"column":15}},"27":{"start":{"line":83,"column":16},"end":{"line":83,"column":59}},"28":{"start":{"line":85,"column":19},"end":{"line":109,"column":13}},"29":{"start":{"line":86,"column":37},"end":{"line":86,"column":77}},"30":{"start":{"line":88,"column":16},"end":{"line":88,"column":73}},"31":{"start":{"line":91,"column":14},"end":{"line":108,"column":15}},"32":{"start":{"line":95,"column":16},"end":{"line":97,"column":17}},"33":{"start":{"line":96,"column":18},"end":{"line":96,"column":62}},"34":{"start":{"line":100,"column":18},"end":{"line":101,"column":null}},"35":{"start":{"line":103,"column":16},"end":{"line":107,"column":17}},"36":{"start":{"line":104,"column":18},"end":{"line":104,"column":59}},"37":{"start":{"line":106,"column":18},"end":{"line":106,"column":61}},"38":{"start":{"line":110,"column":12},"end":{"line":110,"column":47}},"39":{"start":{"line":112,"column":12},"end":{"line":114,"column":14}},"40":{"start":{"line":115,"column":12},"end":{"line":115,"column":47}},"41":{"start":{"line":121,"column":24},"end":{"line":122,"column":null}},"42":{"start":{"line":122,"column":13},"end":{"line":122,"column":40}},"43":{"start":{"line":124,"column":25},"end":{"line":125,"column":null}},"44":{"start":{"line":125,"column":13},"end":{"line":125,"column":41}},"45":{"start":{"line":127,"column":22},"end":{"line":127,"column":76}},"46":{"start":{"line":127,"column":50},"end":{"line":127,"column":75}},"47":{"start":{"line":128,"column":24},"end":{"line":129,"column":null}},"48":{"start":{"line":129,"column":13},"end":{"line":129,"column":40}},"49":{"start":{"line":133,"column":43},"end":{"line":133,"column":45}},"50":{"start":{"line":135,"column":4},"end":{"line":146,"column":5}},"51":{"start":{"line":136,"column":6},"end":{"line":145,"column":8}},"52":{"start":{"line":138,"column":52},"end":{"line":138,"column":64}},"53":{"start":{"line":148,"column":4},"end":{"line":155,"column":5}},"54":{"start":{"line":149,"column":6},"end":{"line":154,"column":8}},"55":{"start":{"line":151,"column":53},"end":{"line":151,"column":65}},"56":{"start":{"line":157,"column":4},"end":{"line":168,"column":5}},"57":{"start":{"line":158,"column":6},"end":{"line":167,"column":8}},"58":{"start":{"line":160,"column":50},"end":{"line":160,"column":62}},"59":{"start":{"line":170,"column":4},"end":{"line":177,"column":5}},"60":{"start":{"line":171,"column":6},"end":{"line":176,"column":8}},"61":{"start":{"line":173,"column":52},"end":{"line":173,"column":64}},"62":{"start":{"line":179,"column":4},"end":{"line":179,"column":38}},"63":{"start":{"line":182,"column":47},"end":{"line":182,"column":49}},"64":{"start":{"line":184,"column":4},"end":{"line":202,"column":7}},"65":{"start":{"line":185,"column":6},"end":{"line":187,"column":8}},"66":{"start":{"line":188,"column":6},"end":{"line":195,"column":8}},"67":{"start":{"line":196,"column":6},"end":{"line":201,"column":8}},"68":{"start":{"line":204,"column":4},"end":{"line":220,"column":7}},"69":{"start":{"line":205,"column":6},"end":{"line":213,"column":8}},"70":{"start":{"line":214,"column":6},"end":{"line":219,"column":8}},"71":{"start":{"line":222,"column":4},"end":{"line":240,"column":7}},"72":{"start":{"line":223,"column":6},"end":{"line":225,"column":8}},"73":{"start":{"line":226,"column":6},"end":{"line":233,"column":8}},"74":{"start":{"line":234,"column":6},"end":{"line":239,"column":8}},"75":{"start":{"line":242,"column":4},"end":{"line":246,"column":7}},"76":{"start":{"line":243,"column":6},"end":{"line":245,"column":8}},"77":{"start":{"line":248,"column":4},"end":{"line":248,"column":42}},"78":{"start":{"line":254,"column":6},"end":{"line":256,"column":13}},"79":{"start":{"line":255,"column":21},"end":{"line":255,"column":63}},"80":{"start":{"line":258,"column":4},"end":{"line":258,"column":40}},"81":{"start":{"line":258,"column":33},"end":{"line":258,"column":40}},"82":{"start":{"line":260,"column":4},"end":{"line":268,"column":6}},"83":{"start":{"line":262,"column":8},"end":{"line":266,"column":10}},"84":{"start":{"line":31,"column":13},"end":{"line":31,"column":39}},"85":{"start":{"line":45,"column":8},"end":{"line":249,"column":null}},"86":{"start":{"line":31,"column":13},"end":{"line":270,"column":null}}},"fnMap":{"0":{"name":"(anonymous_4)","decl":{"start":{"line":34,"column":2},"end":{"line":34,"column":null}},"loc":{"start":{"line":41,"column":77},"end":{"line":42,"column":6}}},"1":{"name":"(anonymous_5)","decl":{"start":{"line":45,"column":8},"end":{"line":45,"column":33}},"loc":{"start":{"line":45,"column":33},"end":{"line":249,"column":3}}},"2":{"name":"(anonymous_6)","decl":{"start":{"line":73,"column":19},"end":{"line":73,"column":20}},"loc":{"start":{"line":74,"column":8},"end":{"line":117,"column":10}}},"3":{"name":"(anonymous_7)","decl":{"start":{"line":74,"column":21},"end":{"line":74,"column":26}},"loc":{"start":{"line":74,"column":32},"end":{"line":117,"column":9}}},"4":{"name":"(anonymous_8)","decl":{"start":{"line":122,"column":6},"end":{"line":122,"column":7}},"loc":{"start":{"line":122,"column":13},"end":{"line":122,"column":40}}},"5":{"name":"(anonymous_9)","decl":{"start":{"line":125,"column":6},"end":{"line":125,"column":7}},"loc":{"start":{"line":125,"column":13},"end":{"line":125,"column":41}}},"6":{"name":"(anonymous_10)","decl":{"start":{"line":127,"column":43},"end":{"line":127,"column":44}},"loc":{"start":{"line":127,"column":50},"end":{"line":127,"column":75}}},"7":{"name":"(anonymous_11)","decl":{"start":{"line":129,"column":6},"end":{"line":129,"column":7}},"loc":{"start":{"line":129,"column":13},"end":{"line":129,"column":40}}},"8":{"name":"(anonymous_12)","decl":{"start":{"line":138,"column":45},"end":{"line":138,"column":46}},"loc":{"start":{"line":138,"column":52},"end":{"line":138,"column":64}}},"9":{"name":"(anonymous_13)","decl":{"start":{"line":151,"column":46},"end":{"line":151,"column":47}},"loc":{"start":{"line":151,"column":53},"end":{"line":151,"column":65}}},"10":{"name":"(anonymous_14)","decl":{"start":{"line":160,"column":43},"end":{"line":160,"column":44}},"loc":{"start":{"line":160,"column":50},"end":{"line":160,"column":62}}},"11":{"name":"(anonymous_15)","decl":{"start":{"line":173,"column":45},"end":{"line":173,"column":46}},"loc":{"start":{"line":173,"column":52},"end":{"line":173,"column":64}}},"12":{"name":"(anonymous_16)","decl":{"start":{"line":184,"column":24},"end":{"line":184,"column":25}},"loc":{"start":{"line":184,"column":40},"end":{"line":202,"column":5}}},"13":{"name":"(anonymous_17)","decl":{"start":{"line":204,"column":25},"end":{"line":204,"column":26}},"loc":{"start":{"line":204,"column":41},"end":{"line":220,"column":5}}},"14":{"name":"(anonymous_18)","decl":{"start":{"line":222,"column":22},"end":{"line":222,"column":23}},"loc":{"start":{"line":222,"column":38},"end":{"line":240,"column":5}}},"15":{"name":"(anonymous_19)","decl":{"start":{"line":242,"column":24},"end":{"line":242,"column":25}},"loc":{"start":{"line":242,"column":40},"end":{"line":246,"column":5}}},"16":{"name":"(anonymous_20)","decl":{"start":{"line":251,"column":10},"end":{"line":251,"column":15}},"loc":{"start":{"line":251,"column":69},"end":{"line":269,"column":3}}},"17":{"name":"(anonymous_21)","decl":{"start":{"line":255,"column":8},"end":{"line":255,"column":9}},"loc":{"start":{"line":255,"column":21},"end":{"line":255,"column":63}}},"18":{"name":"(anonymous_22)","decl":{"start":{"line":261,"column":21},"end":{"line":261,"column":22}},"loc":{"start":{"line":262,"column":8},"end":{"line":266,"column":10}}}},"branchMap":{"0":{"loc":{"start":{"line":68,"column":4},"end":{"line":70,"column":5}},"type":"if","locations":[{"start":{"line":68,"column":4},"end":{"line":70,"column":5}},{"start":{},"end":{}}]},"1":{"loc":{"start":{"line":78,"column":12},"end":{"line":109,"column":13}},"type":"if","locations":[{"start":{"line":78,"column":12},"end":{"line":109,"column":13}},{"start":{"line":85,"column":19},"end":{"line":109,"column":13}}]},"2":{"loc":{"start":{"line":82,"column":14},"end":{"line":84,"column":15}},"type":"if","locations":[{"start":{"line":82,"column":14},"end":{"line":84,"column":15}},{"start":{},"end":{}}]},"3":{"loc":{"start":{"line":85,"column":19},"end":{"line":109,"column":13}},"type":"if","locations":[{"start":{"line":85,"column":19},"end":{"line":109,"column":13}},{"start":{},"end":{}}]},"4":{"loc":{"start":{"line":86,"column":37},"end":{"line":86,"column":77}},"type":"binary-expr","locations":[{"start":{"line":86,"column":37},"end":{"line":86,"column":63}},{"start":{"line":86,"column":67},"end":{"line":86,"column":77}}]},"5":{"loc":{"start":{"line":91,"column":14},"end":{"line":108,"column":15}},"type":"if","locations":[{"start":{"line":91,"column":14},"end":{"line":108,"column":15}},{"start":{},"end":{}}]},"6":{"loc":{"start":{"line":95,"column":16},"end":{"line":97,"column":17}},"type":"if","locations":[{"start":{"line":95,"column":16},"end":{"line":97,"column":17}},{"start":{},"end":{}}]},"7":{"loc":{"start":{"line":103,"column":16},"end":{"line":107,"column":17}},"type":"if","locations":[{"start":{"line":103,"column":16},"end":{"line":107,"column":17}},{"start":{"line":105,"column":23},"end":{"line":107,"column":17}}]},"8":{"loc":{"start":{"line":113,"column":74},"end":{"line":113,"column":128}},"type":"cond-expr","locations":[{"start":{"line":113,"column":99},"end":{"line":113,"column":112}},{"start":{"line":113,"column":115},"end":{"line":113,"column":128}}]},"9":{"loc":{"start":{"line":135,"column":4},"end":{"line":146,"column":5}},"type":"if","locations":[{"start":{"line":135,"column":4},"end":{"line":146,"column":5}},{"start":{},"end":{}}]},"10":{"loc":{"start":{"line":148,"column":4},"end":{"line":155,"column":5}},"type":"if","locations":[{"start":{"line":148,"column":4},"end":{"line":155,"column":5}},{"start":{},"end":{}}]},"11":{"loc":{"start":{"line":157,"column":4},"end":{"line":168,"column":5}},"type":"if","locations":[{"start":{"line":157,"column":4},"end":{"line":168,"column":5}},{"start":{},"end":{}}]},"12":{"loc":{"start":{"line":170,"column":4},"end":{"line":177,"column":5}},"type":"if","locations":[{"start":{"line":170,"column":4},"end":{"line":177,"column":5}},{"start":{},"end":{}}]},"13":{"loc":{"start":{"line":254,"column":6},"end":{"line":256,"column":13}},"type":"binary-expr","locations":[{"start":{"line":254,"column":6},"end":{"line":255,"column":null}},{"start":{"line":256,"column":11},"end":{"line":256,"column":13}}]},"14":{"loc":{"start":{"line":255,"column":21},"end":{"line":255,"column":63}},"type":"binary-expr","locations":[{"start":{"line":255,"column":21},"end":{"line":255,"column":39}},{"start":{"line":255,"column":43},"end":{"line":255,"column":63}}]},"15":{"loc":{"start":{"line":258,"column":4},"end":{"line":258,"column":40}},"type":"if","locations":[{"start":{"line":258,"column":4},"end":{"line":258,"column":40}},{"start":{},"end":{}}]},"16":{"loc":{"start":{"line":35,"column":26},"end":{"line":35,"column":null}},"type":"cond-expr","locations":[{"start":{"line":35,"column":36},"end":{"line":35,"column":null}},{"start":{"line":35,"column":36},"end":{"line":35,"column":null}}]},"17":{"loc":{"start":{"line":35,"column":26},"end":{"line":35,"column":36}},"type":"binary-expr","locations":[{"start":{"line":35,"column":26},"end":{"line":35,"column":null}},{"start":{"line":35,"column":26},"end":{"line":35,"column":36}}]},"18":{"loc":{"start":{"line":35,"column":36},"end":{"line":36,"column":null}},"type":"cond-expr","locations":[{"start":{"line":36,"column":42},"end":{"line":36,"column":null}},{"start":{"line":36,"column":42},"end":{"line":36,"column":null}}]},"19":{"loc":{"start":{"line":35,"column":36},"end":{"line":36,"column":42}},"type":"binary-expr","locations":[{"start":{"line":35,"column":36},"end":{"line":36,"column":null}},{"start":{"line":36,"column":29},"end":{"line":36,"column":42}}]},"20":{"loc":{"start":{"line":36,"column":42},"end":{"line":37,"column":null}},"type":"cond-expr","locations":[{"start":{"line":37,"column":47},"end":{"line":37,"column":null}},{"start":{"line":37,"column":47},"end":{"line":37,"column":null}}]},"21":{"loc":{"start":{"line":36,"column":42},"end":{"line":37,"column":47}},"type":"binary-expr","locations":[{"start":{"line":36,"column":42},"end":{"line":37,"column":null}},{"start":{"line":37,"column":35},"end":{"line":37,"column":47}}]},"22":{"loc":{"start":{"line":37,"column":47},"end":{"line":40,"column":null}},"type":"cond-expr","locations":[{"start":{"line":40,"column":65},"end":{"line":40,"column":null}},{"start":{"line":40,"column":65},"end":{"line":40,"column":null}}]},"23":{"loc":{"start":{"line":37,"column":47},"end":{"line":40,"column":65}},"type":"binary-expr","locations":[{"start":{"line":37,"column":47},"end":{"line":40,"column":null}},{"start":{"line":40,"column":60},"end":{"line":40,"column":65}}]},"24":{"loc":{"start":{"line":40,"column":65},"end":{"line":41,"column":null}},"type":"cond-expr","locations":[{"start":{"line":41,"column":77},"end":{"line":41,"column":null}},{"start":{"line":41,"column":77},"end":{"line":41,"column":null}}]},"25":{"loc":{"start":{"line":40,"column":65},"end":{"line":41,"column":77}},"type":"binary-expr","locations":[{"start":{"line":40,"column":65},"end":{"line":41,"column":null}},{"start":{"line":41,"column":72},"end":{"line":41,"column":77}}]}},"s":{"0":0,"1":0,"2":0,"3":0,"4":0,"5":0,"6":0,"7":0,"8":0,"9":0,"10":0,"11":0,"12":0,"13":0,"14":0,"15":0,"16":0,"17":0,"18":0,"19":0,"20":0,"21":0,"22":0,"23":0,"24":0,"25":0,"26":0,"27":0,"28":0,"29":0,"30":0,"31":0,"32":0,"33":0,"34":0,"35":0,"36":0,"37":0,"38":0,"39":0,"40":0,"41":0,"42":0,"43":0,"44":0,"45":0,"46":0,"47":0,"48":0,"49":0,"50":0,"51":0,"52":0,"53":0,"54":0,"55":0,"56":0,"57":0,"58":0,"59":0,"60":0,"61":0,"62":0,"63":0,"64":0,"65":0,"66":0,"67":0,"68":0,"69":0,"70":0,"71":0,"72":0,"73":0,"74":0,"75":0,"76":0,"77":0,"78":0,"79":0,"80":0,"81":0,"82":0,"83":0,"84":0,"85":0,"86":0},"f":{"0":0,"1":0,"2":0,"3":0,"4":0,"5":0,"6":0,"7":0,"8":0,"9":0,"10":0,"11":0,"12":0,"13":0,"14":0,"15":0,"16":0,"17":0,"18":0},"b":{"0":[0,0],"1":[0,0],"2":[0,0],"3":[0,0],"4":[0,0],"5":[0,0],"6":[0,0],"7":[0,0],"8":[0,0],"9":[0,0],"10":[0,0],"11":[0,0],"12":[0,0],"13":[0,0],"14":[0,0],"15":[0,0],"16":[0,0],"17":[0,0],"18":[0,0],"19":[0,0],"20":[0,0],"21":[0,0],"22":[0,0],"23":[0,0],"24":[0,0],"25":[0,0]}}
,"D:\\USER\\Downloads\\Closingan\\apps\\api\\src\\whatsapp\\tasks\\session-cleanup.service.ts": {"path":"D:\\USER\\Downloads\\Closingan\\apps\\api\\src\\whatsapp\\tasks\\session-cleanup.service.ts","statementMap":{"0":{"start":{"line":1,"column":0},"end":{"line":1,"column":52}},"1":{"start":{"line":2,"column":0},"end":{"line":2,"column":56}},"2":{"start":{"line":3,"column":0},"end":{"line":3,"column":67}},"3":{"start":{"line":6,"column":34},"end":{"line":45,"column":null}},"4":{"start":{"line":7,"column":28},"end":{"line":7,"column":66}},"5":{"start":{"line":9,"column":31},"end":{"line":9,"column":39}},"6":{"start":{"line":13,"column":4},"end":{"line":13,"column":60}},"7":{"start":{"line":15,"column":4},"end":{"line":43,"column":5}},"8":{"start":{"line":17,"column":18},"end":{"line":17,"column":28}},"9":{"start":{"line":19,"column":21},"end":{"line":33,"column":8}},"10":{"start":{"line":35,"column":6},"end":{"line":39,"column":7}},"11":{"start":{"line":36,"column":8},"end":{"line":38,"column":10}},"12":{"start":{"line":41,"column":18},"end":{"line":41,"column":32}},"13":{"start":{"line":42,"column":6},"end":{"line":42,"column":78}},"14":{"start":{"line":6,"column":13},"end":{"line":6,"column":34}},"15":{"start":{"line":12,"column":8},"end":{"line":44,"column":null}},"16":{"start":{"line":6,"column":13},"end":{"line":45,"column":null}}},"fnMap":{"0":{"name":"(anonymous_2)","decl":{"start":{"line":9,"column":2},"end":{"line":9,"column":31}},"loc":{"start":{"line":9,"column":52},"end":{"line":9,"column":56}}},"1":{"name":"(anonymous_3)","decl":{"start":{"line":12,"column":8},"end":{"line":12,"column":28}},"loc":{"start":{"line":12,"column":28},"end":{"line":44,"column":3}}}},"branchMap":{"0":{"loc":{"start":{"line":35,"column":6},"end":{"line":39,"column":7}},"type":"if","locations":[{"start":{"line":35,"column":6},"end":{"line":39,"column":7}},{"start":{},"end":{}}]},"1":{"loc":{"start":{"line":9,"column":39},"end":{"line":9,"column":55}},"type":"cond-expr","locations":[{"start":{"line":9,"column":52},"end":{"line":9,"column":55}},{"start":{"line":9,"column":52},"end":{"line":9,"column":55}}]},"2":{"loc":{"start":{"line":9,"column":39},"end":{"line":9,"column":52}},"type":"binary-expr","locations":[{"start":{"line":9,"column":39},"end":{"line":9,"column":55}},{"start":{"line":9,"column":39},"end":{"line":9,"column":52}}]}},"s":{"0":1,"1":1,"2":1,"3":1,"4":1,"5":1,"6":1,"7":1,"8":1,"9":1,"10":1,"11":1,"12":0,"13":0,"14":1,"15":1,"16":1},"f":{"0":1,"1":1},"b":{"0":[1,0],"1":[1,0],"2":[1,1]}}
}
