TN:
SF:src\app.controller.ts
FN:6,(anonymous_2)
FN:9,(anonymous_3)
FNF:2
FNH:2
FNDA:1,(anonymous_2)
FNDA:1,(anonymous_3)
DA:1,1
DA:2,1
DA:5,1
DA:6,1
DA:9,1
DA:10,1
LF:6
LH:6
BRDA:6,0,0,1
BRDA:6,0,1,0
BRDA:6,1,0,1
BRDA:6,1,1,1
BRF:4
BRH:3
end_of_record
TN:
SF:src\app.module.ts
FN:58,(anonymous_1)
FN:80,(anonymous_2)
FNF:2
FNH:0
FNDA:0,(anonymous_1)
FNDA:0,(anonymous_2)
DA:2,0
DA:3,0
DA:4,0
DA:5,0
DA:6,0
DA:7,0
DA:8,0
DA:9,0
DA:10,0
DA:11,0
DA:12,0
DA:13,0
DA:14,0
DA:15,0
DA:16,0
DA:17,0
DA:18,0
DA:19,0
DA:20,0
DA:21,0
DA:22,0
DA:23,0
DA:24,0
DA:25,0
DA:26,0
DA:27,0
DA:28,0
DA:29,0
DA:30,0
DA:31,0
DA:32,0
DA:33,0
DA:34,0
DA:35,0
DA:36,0
DA:37,0
DA:38,0
DA:39,0
DA:40,0
DA:41,0
DA:59,0
DA:60,0
DA:80,0
DA:132,0
LF:44
LH:0
BRDA:62,0,0,0
BRDA:62,0,1,0
BRDA:63,1,0,0
BRDA:63,1,1,0
BRF:4
BRH:0
end_of_record
TN:
SF:src\app.service.ts
FN:5,(anonymous_1)
FNF:1
FNH:1
FNDA:1,(anonymous_1)
DA:1,1
DA:4,1
DA:6,1
LF:3
LH:3
BRF:0
BRH:0
end_of_record
TN:
SF:src\main.ts
FN:11,bootstrap
FN:44,(anonymous_2)
FN:56,(anonymous_3)
FNF:3
FNH:0
FNDA:0,bootstrap
FNDA:0,(anonymous_2)
FNDA:0,(anonymous_3)
DA:2,0
DA:3,0
DA:4,0
DA:5,0
DA:6,0
DA:7,0
DA:8,0
DA:9,0
DA:12,0
DA:16,0
DA:18,0
DA:19,0
DA:22,0
DA:25,0
DA:26,0
DA:29,0
DA:38,0
DA:39,0
DA:42,0
DA:45,0
DA:53,0
DA:54,0
DA:56,0
DA:57,0
DA:58,0
LF:25
LH:0
BRDA:53,0,0,0
BRDA:53,0,1,0
BRF:2
BRH:0
end_of_record
TN:
SF:src\ai\ai-safety.service.ts
FN:92,(anonymous_1)
FN:114,(anonymous_2)
FN:159,(anonymous_3)
FN:180,(anonymous_4)
FN:186,(anonymous_5)
FNF:5
FNH:5
FNDA:4,(anonymous_1)
FNDA:6,(anonymous_2)
FNDA:5,(anonymous_3)
FNDA:4,(anonymous_4)
FNDA:18,(anonymous_5)
DA:1,2
DA:12,2
DA:13,16
DA:16,16
DA:37,16
DA:52,16
DA:64,16
DA:81,16
DA:93,4
DA:94,0
DA:101,4
DA:102,26
DA:103,3
DA:111,1
DA:115,6
DA:116,0
DA:124,6
DA:125,44
DA:126,2
DA:135,4
DA:136,19
DA:137,2
DA:146,2
DA:147,14
DA:148,1
DA:156,1
DA:160,5
DA:162,5
DA:167,5
DA:176,5
DA:179,5
DA:180,5
DA:181,4
DA:182,4
DA:183,4
DA:185,4
DA:186,18
DA:189,4
DA:190,2
DA:192,2
DA:195,0
DA:199,5
LF:42
LH:39
BRDA:93,0,0,0
BRDA:93,0,1,4
BRDA:93,1,0,4
BRDA:93,1,1,4
BRDA:102,2,0,3
BRDA:102,2,1,23
BRDA:115,3,0,0
BRDA:115,3,1,6
BRDA:115,4,0,6
BRDA:115,4,1,6
BRDA:125,5,0,2
BRDA:125,5,1,42
BRDA:136,6,0,2
BRDA:136,6,1,17
BRDA:147,7,0,1
BRDA:147,7,1,13
BRDA:160,8,0,0
BRDA:160,8,1,5
BRDA:186,9,0,18
BRDA:186,9,1,16
BRDA:189,10,0,2
BRDA:189,10,1,2
BRF:22
BRH:19
end_of_record
TN:
SF:src\ai\ai.module.ts
FNF:0
FNH:0
DA:1,0
DA:2,0
DA:3,0
DA:4,0
DA:5,0
DA:6,0
DA:7,0
DA:21,0
LF:8
LH:0
BRF:0
BRH:0
end_of_record
TN:
SF:src\ai\ai.service.ts
FN:9,(anonymous_4)
FN:15,(anonymous_5)
FN:43,(anonymous_6)
FNF:3
FNH:0
FNDA:0,(anonymous_4)
FNDA:0,(anonymous_5)
FNDA:0,(anonymous_6)
DA:1,1
DA:2,1
DA:6,1
DA:7,0
DA:10,0
DA:12,0
DA:20,0
DA:32,0
DA:33,0
DA:36,0
DA:40,0
DA:41,0
DA:44,0
DA:48,0
DA:51,0
DA:52,0
DA:53,0
DA:55,0
DA:59,0
LF:19
LH:3
BRDA:32,0,0,0
BRDA:32,0,1,0
BRDA:44,1,0,0
BRDA:44,1,1,0
BRDA:10,2,0,1
BRDA:10,2,1,0
BRDA:10,3,0,1
BRDA:10,3,1,1
BRF:8
BRH:3
end_of_record
TN:
SF:src\ai\openai.service.ts
FN:28,(anonymous_3)
FN:52,(anonymous_4)
FN:58,(anonymous_5)
FN:64,(anonymous_6)
FN:70,(anonymous_7)
FN:77,(anonymous_8)
FN:81,(anonymous_9)
FN:160,(anonymous_10)
FN:231,(anonymous_11)
FNF:9
FNH:4
FNDA:5,(anonymous_3)
FNDA:2,(anonymous_4)
FNDA:0,(anonymous_5)
FNDA:0,(anonymous_6)
FNDA:0,(anonymous_7)
FNDA:3,(anonymous_8)
FNDA:4,(anonymous_9)
FNDA:0,(anonymous_10)
FNDA:0,(anonymous_11)
DA:2,1
DA:7,1
DA:8,1
DA:9,1
DA:11,1
DA:12,1
DA:13,1
DA:14,1
DA:15,1
DA:18,1
DA:20,5
DA:29,5
DA:30,5
DA:31,5
DA:33,5
DA:35,5
DA:36,0
DA:41,5
DA:45,5
DA:51,5
DA:54,2
DA:58,5
DA:59,0
DA:64,5
DA:65,0
DA:70,5
DA:71,0
DA:78,3
DA:86,4
DA:87,4
DA:89,4
DA:90,4
DA:91,1
DA:99,3
DA:101,3
DA:102,1
DA:105,3
DA:106,3
DA:108,3
DA:116,3
DA:117,3
DA:118,3
DA:119,3
DA:122,3
DA:123,3
DA:124,1
DA:132,2
DA:134,2
DA:139,2
DA:142,2
DA:143,2
DA:146,0
DA:148,0
DA:149,0
DA:153,0
DA:156,0
DA:164,0
DA:165,0
DA:167,0
DA:168,0
DA:169,0
DA:177,0
DA:181,0
DA:182,0
DA:184,0
DA:193,0
DA:194,0
DA:197,0
DA:198,0
DA:199,0
DA:206,0
DA:211,0
DA:213,0
DA:214,0
DA:217,0
DA:219,0
DA:220,0
DA:224,0
DA:227,0
DA:235,0
DA:236,0
DA:238,0
DA:239,0
DA:240,0
DA:247,0
DA:252,0
DA:253,0
DA:255,0
DA:256,0
DA:263,0
DA:268,0
DA:270,0
DA:271,0
DA:274,0
DA:276,0
DA:279,0
LF:96
LH:47
BRDA:35,0,0,0
BRDA:35,0,1,5
BRDA:90,1,0,1
BRDA:90,1,1,3
BRDA:101,2,0,1
BRDA:101,2,1,2
BRDA:116,3,0,3
BRDA:116,3,1,1
BRDA:117,4,0,3
BRDA:117,4,1,3
BRDA:118,5,0,3
BRDA:118,5,1,3
BRDA:119,6,0,3
BRDA:119,6,1,1
BRDA:123,7,0,1
BRDA:123,7,1,2
BRDA:142,8,0,2
BRDA:142,8,1,0
BRDA:148,9,0,0
BRDA:148,9,1,0
BRDA:148,10,0,0
BRDA:148,10,1,0
BRDA:154,11,0,0
BRDA:154,11,1,0
BRDA:168,12,0,0
BRDA:168,12,1,0
BRDA:193,13,0,0
BRDA:193,13,1,0
BRDA:194,14,0,0
BRDA:194,14,1,0
BRDA:198,15,0,0
BRDA:198,15,1,0
BRDA:213,16,0,0
BRDA:213,16,1,0
BRDA:219,17,0,0
BRDA:219,17,1,0
BRDA:219,18,0,0
BRDA:219,18,1,0
BRDA:239,19,0,0
BRDA:239,19,1,0
BRDA:253,20,0,0
BRDA:253,20,1,0
BRDA:255,21,0,0
BRDA:255,21,1,0
BRDA:270,22,0,0
BRDA:270,22,1,0
BRDA:277,23,0,0
BRDA:277,23,1,0
BRDA:29,24,0,1
BRDA:29,24,1,0
BRDA:29,25,0,1
BRDA:29,25,1,1
BRDA:29,26,0,1
BRDA:29,26,1,0
BRDA:29,27,0,1
BRDA:29,27,1,1
BRDA:30,28,0,1
BRDA:30,28,1,0
BRDA:30,29,0,1
BRDA:30,29,1,1
BRF:60
BRH:25
end_of_record
TN:
SF:src\ai\exceptions\ai-safety.exception.ts
FN:7,(anonymous_0)
FNF:1
FNH:1
FNDA:3,(anonymous_0)
DA:3,5
DA:12,3
DA:13,3
DA:14,3
DA:15,3
LF:5
LH:5
BRDA:10,0,0,0
BRF:1
BRH:0
end_of_record
TN:
SF:src\auth\auth-otp.service.ts
FN:10,(anonymous_2)
FN:15,(anonymous_3)
FN:31,(anonymous_4)
FN:87,(anonymous_5)
FNF:4
FNH:0
FNDA:0,(anonymous_2)
FNDA:0,(anonymous_3)
FNDA:0,(anonymous_4)
FNDA:0,(anonymous_5)
DA:2,1
DA:3,1
DA:4,1
DA:6,1
DA:9,1
DA:11,0
DA:12,0
DA:16,0
DA:17,0
DA:19,0
DA:28,0
DA:32,0
DA:41,0
DA:42,0
DA:49,0
DA:50,0
DA:53,0
DA:54,0
DA:55,0
DA:59,0
DA:66,0
DA:67,0
DA:71,0
DA:74,0
DA:79,0
DA:84,0
DA:88,0
DA:89,0
DA:90,0
DA:91,0
DA:92,0
DA:96,0
DA:101,0
DA:102,0
DA:104,0
DA:113,0
DA:115,0
LF:37
LH:5
BRDA:41,0,0,0
BRDA:41,0,1,0
BRDA:49,1,0,0
BRDA:49,1,1,0
BRDA:53,2,0,0
BRDA:53,2,1,0
BRDA:66,3,0,0
BRDA:66,3,1,0
BRDA:89,4,0,0
BRDA:89,4,1,0
BRDA:91,5,0,0
BRDA:91,5,1,0
BRDA:11,6,0,1
BRDA:11,6,1,0
BRDA:11,7,0,1
BRDA:11,7,1,1
BRDA:11,8,0,1
BRDA:11,8,1,0
BRDA:11,9,0,1
BRDA:11,9,1,1
BRF:20
BRH:6
end_of_record
TN:
SF:src\auth\auth-password.service.ts
FN:13,(anonymous_11)
FN:19,(anonymous_12)
FN:44,(anonymous_13)
FNF:3
FNH:0
FNDA:0,(anonymous_11)
FNDA:0,(anonymous_12)
FNDA:0,(anonymous_13)
DA:2,0
DA:3,0
DA:4,0
DA:5,0
DA:6,0
DA:7,0
DA:8,0
DA:9,0
DA:12,0
DA:14,0
DA:15,0
DA:16,0
DA:20,0
DA:21,0
DA:22,0
DA:25,0
DA:26,0
DA:27,0
DA:29,0
DA:38,0
DA:41,0
DA:45,0
DA:49,0
DA:50,0
DA:57,0
DA:59,0
DA:63,0
DA:79,0
DA:80,0
DA:87,0
LF:30
LH:0
BRDA:21,0,0,0
BRDA:21,0,1,0
BRDA:25,1,0,0
BRDA:25,1,1,0
BRDA:49,2,0,0
BRDA:49,2,1,0
BRDA:49,3,0,0
BRDA:49,3,1,0
BRDA:79,4,0,0
BRDA:79,4,1,0
BRDA:14,5,0,0
BRDA:14,5,1,0
BRDA:14,6,0,0
BRDA:14,6,1,0
BRDA:14,7,0,0
BRDA:14,7,1,0
BRDA:14,8,0,0
BRDA:14,8,1,0
BRDA:15,9,0,0
BRDA:15,9,1,0
BRDA:15,10,0,0
BRDA:15,10,1,0
BRF:22
BRH:0
end_of_record
TN:
SF:src\auth\auth-token.service.ts
FN:13,(anonymous_2)
FN:20,(anonymous_3)
FN:69,(anonymous_4)
FN:91,(anonymous_5)
FNF:4
FNH:0
FNDA:0,(anonymous_2)
FNDA:0,(anonymous_3)
FNDA:0,(anonymous_4)
FNDA:0,(anonymous_5)
DA:1,1
DA:3,1
DA:4,1
DA:5,1
DA:7,1
DA:8,1
DA:9,1
DA:12,1
DA:14,0
DA:15,0
DA:16,0
DA:17,0
DA:21,0
DA:28,0
DA:34,0
DA:41,0
DA:57,0
DA:70,0
DA:75,0
DA:76,0
DA:83,0
DA:88,0
DA:92,0
DA:97,0
DA:98,0
DA:103,0
DA:110,0
LF:27
LH:8
BRDA:30,0,0,0
BRDA:30,0,1,0
BRDA:36,1,0,0
BRDA:36,1,1,0
BRDA:75,2,0,0
BRDA:75,2,1,0
BRDA:75,3,0,0
BRDA:75,3,1,0
BRDA:75,3,2,0
BRDA:97,4,0,0
BRDA:97,4,1,0
BRDA:97,5,0,0
BRDA:97,5,1,0
BRDA:14,6,0,1
BRDA:14,6,1,0
BRDA:14,7,0,1
BRDA:14,7,1,1
BRDA:14,8,0,1
BRDA:14,8,1,0
BRDA:14,9,0,1
BRDA:14,9,1,1
BRDA:15,10,0,1
BRDA:15,10,1,0
BRDA:15,11,0,1
BRDA:15,11,1,1
BRDA:16,12,0,1
BRDA:16,12,1,0
BRDA:16,13,0,1
BRDA:16,13,1,1
BRF:29
BRH:12
end_of_record
TN:
SF:src\auth\auth.controller.ts
FN:36,(anonymous_4)
FN:46,(anonymous_5)
FN:58,(anonymous_6)
FN:65,(anonymous_7)
FN:76,(anonymous_8)
FN:96,(anonymous_9)
FN:103,(anonymous_10)
FN:127,(anonymous_11)
FN:142,(anonymous_12)
FN:155,(anonymous_13)
FNF:10
FNH:0
FNDA:0,(anonymous_4)
FNDA:0,(anonymous_5)
FNDA:0,(anonymous_6)
FNDA:0,(anonymous_7)
FNDA:0,(anonymous_8)
FNDA:0,(anonymous_9)
FNDA:0,(anonymous_10)
FNDA:0,(anonymous_11)
FNDA:0,(anonymous_12)
FNDA:0,(anonymous_13)
DA:2,0
DA:14,0
DA:15,0
DA:16,0
DA:17,0
DA:18,0
DA:19,0
DA:20,0
DA:21,0
DA:30,0
DA:31,0
DA:32,0
DA:35,0
DA:37,0
DA:38,0
DA:39,0
DA:40,0
DA:41,0
DA:46,0
DA:51,0
DA:52,0
DA:53,0
DA:58,0
DA:59,0
DA:60,0
DA:65,0
DA:69,0
DA:70,0
DA:76,0
DA:83,0
DA:84,0
DA:85,0
DA:91,0
DA:96,0
DA:97,0
DA:98,0
DA:103,0
DA:107,0
DA:108,0
DA:109,0
DA:111,0
DA:114,0
DA:120,0
DA:127,0
DA:132,0
DA:133,0
DA:134,0
DA:136,0
DA:137,0
DA:142,0
DA:146,0
DA:150,0
DA:155,0
DA:156,0
DA:157,0
LF:55
LH:0
BRDA:108,0,0,0
BRDA:108,0,1,0
BRDA:132,1,0,0
BRDA:132,1,1,0
BRDA:133,2,0,0
BRDA:133,2,1,0
BRDA:47,3,0,0
BRDA:47,3,1,0
BRDA:47,4,0,0
BRDA:47,4,1,0
BRDA:58,5,0,0
BRDA:58,5,1,0
BRDA:58,6,0,0
BRDA:58,6,1,0
BRDA:66,7,0,0
BRDA:66,7,1,0
BRDA:66,8,0,0
BRDA:66,8,1,0
BRDA:77,9,0,0
BRDA:77,9,1,0
BRDA:77,10,0,0
BRDA:77,10,1,0
BRDA:96,11,0,0
BRDA:96,11,1,0
BRDA:96,12,0,0
BRDA:96,12,1,0
BRDA:128,13,0,0
BRDA:128,13,1,0
BRDA:128,14,0,0
BRDA:128,14,1,0
BRDA:143,15,0,0
BRDA:143,15,1,0
BRDA:143,16,0,0
BRDA:143,16,1,0
BRDA:155,17,0,0
BRDA:155,17,1,0
BRDA:155,18,0,0
BRDA:155,18,1,0
BRDA:37,19,0,0
BRDA:37,19,1,0
BRDA:37,20,0,0
BRDA:37,20,1,0
BRDA:37,21,0,0
BRDA:37,21,1,0
BRDA:37,22,0,0
BRDA:37,22,1,0
BRDA:38,23,0,0
BRDA:38,23,1,0
BRDA:38,24,0,0
BRDA:38,24,1,0
BRDA:39,25,0,0
BRDA:39,25,1,0
BRDA:39,26,0,0
BRDA:39,26,1,0
BRDA:40,27,0,0
BRDA:40,27,1,0
BRDA:40,28,0,0
BRDA:40,28,1,0
BRF:58
BRH:0
end_of_record
TN:
SF:src\auth\auth.module.ts
FN:20,(anonymous_1)
FNF:1
FNH:0
FNDA:0,(anonymous_1)
DA:1,0
DA:2,0
DA:3,0
DA:4,0
DA:5,0
DA:6,0
DA:7,0
DA:8,0
DA:9,0
DA:10,0
DA:11,0
DA:12,0
DA:20,0
DA:39,0
LF:14
LH:0
BRDA:22,0,0,0
BRDA:22,0,1,0
BRF:2
BRH:0
end_of_record
TN:
SF:src\auth\auth.service.ts
FN:14,(anonymous_11)
FN:21,(anonymous_12)
FN:26,(anonymous_13)
FN:79,(anonymous_14)
FN:118,(anonymous_15)
FNF:5
FNH:4
FNDA:3,(anonymous_11)
FNDA:3,(anonymous_12)
FNDA:3,(anonymous_13)
FNDA:1,(anonymous_14)
FNDA:0,(anonymous_15)
DA:1,1
DA:2,1
DA:3,1
DA:5,1
DA:6,1
DA:7,1
DA:8,1
DA:9,1
DA:10,1
DA:13,1
DA:15,3
DA:16,3
DA:17,3
DA:18,3
DA:22,3
DA:23,3
DA:27,3
DA:28,1
DA:35,2
DA:36,2
DA:46,2
DA:47,1
DA:56,1
DA:63,1
DA:64,1
DA:65,1
DA:69,1
DA:70,0
DA:77,1
DA:79,1
DA:80,1
DA:82,1
DA:88,1
DA:100,1
DA:102,1
DA:111,1
DA:119,0
DA:120,0
DA:121,0
DA:125,0
DA:126,0
DA:132,0
DA:139,0
DA:140,0
DA:147,0
DA:150,0
DA:151,0
DA:158,0
DA:159,0
DA:160,0
DA:161,0
DA:162,0
DA:163,0
DA:165,0
DA:169,0
DA:176,0
DA:183,0
DA:193,0
DA:201,0
LF:59
LH:35
BRDA:27,0,0,1
BRDA:27,0,1,2
BRDA:46,1,0,1
BRDA:46,1,1,1
BRDA:64,2,0,0
BRDA:64,2,1,1
BRDA:69,3,0,0
BRDA:69,3,1,1
BRDA:120,4,0,0
BRDA:120,4,1,0
BRDA:125,5,0,0
BRDA:125,5,1,0
BRDA:139,6,0,0
BRDA:139,6,1,0
BRDA:139,7,0,0
BRDA:139,7,1,0
BRDA:150,8,0,0
BRDA:150,8,1,0
BRDA:159,9,0,0
BRDA:159,9,1,0
BRDA:162,10,0,0
BRDA:162,10,1,0
BRDA:15,11,0,1
BRDA:15,11,1,0
BRDA:15,12,0,1
BRDA:15,12,1,1
BRDA:15,13,0,1
BRDA:15,13,1,0
BRDA:15,14,0,1
BRDA:15,14,1,1
BRDA:16,15,0,1
BRDA:16,15,1,0
BRDA:16,16,0,1
BRDA:16,16,1,1
BRDA:17,17,0,1
BRDA:17,17,1,0
BRDA:17,18,0,1
BRDA:17,18,1,1
BRF:38
BRH:18
end_of_record
TN:
SF:src\auth\dto.ts
FNF:0
FNH:0
DA:1,0
DA:2,0
DA:4,0
DA:8,0
DA:12,0
DA:15,0
DA:18,0
DA:21,0
DA:24,0
DA:30,0
DA:33,0
DA:36,0
DA:39,0
DA:42,0
DA:45,0
DA:47,0
DA:50,0
DA:55,0
LF:18
LH:0
BRF:0
BRH:0
end_of_record
TN:
SF:src\auth\strategies\jwt.strategy.ts
FN:8,(anonymous_2)
FN:17,(anonymous_3)
FNF:2
FNH:0
FNDA:0,(anonymous_2)
FNDA:0,(anonymous_3)
DA:1,0
DA:2,0
DA:3,0
DA:4,0
DA:7,0
DA:8,0
DA:9,0
DA:23,0
LF:8
LH:0
BRDA:13,0,0,0
BRDA:13,0,1,0
BRDA:8,1,0,0
BRDA:8,1,1,0
BRDA:8,2,0,0
BRDA:8,2,1,0
BRF:6
BRH:0
end_of_record
TN:
SF:src\common\audit\audit.module.ts
FNF:0
FNH:0
DA:1,0
DA:2,0
DA:3,0
DA:4,0
DA:17,0
LF:5
LH:0
BRF:0
BRH:0
end_of_record
TN:
SF:src\common\audit\audit.service.ts
FN:21,(anonymous_2)
FN:26,(anonymous_3)
FNF:2
FNH:2
FNDA:7,(anonymous_2)
FNDA:6,(anonymous_3)
DA:1,11
DA:2,11
DA:4,11
DA:18,11
DA:19,7
DA:22,7
DA:23,7
DA:27,6
DA:29,6
DA:33,6
DA:35,6
DA:36,1
DA:39,1
DA:42,5
DA:44,1
DA:48,4
DA:50,4
DA:66,1
LF:18
LH:18
BRDA:29,0,0,6
BRDA:29,0,1,2
BRDA:33,1,0,6
BRDA:33,1,1,5
BRDA:35,2,0,1
BRDA:35,2,1,5
BRDA:42,3,0,1
BRDA:42,3,1,4
BRDA:48,4,0,1
BRDA:48,4,1,3
BRDA:22,5,0,11
BRDA:22,5,1,0
BRDA:22,6,0,11
BRDA:22,6,1,11
BRDA:22,7,0,11
BRDA:22,7,1,0
BRDA:22,8,0,11
BRDA:22,8,1,11
BRF:18
BRH:16
end_of_record
TN:
SF:src\common\decorators\audit.decorator.ts
FN:5,(anonymous_0)
FNF:1
FNH:0
FNDA:0,(anonymous_0)
DA:1,0
DA:4,0
DA:5,0
DA:6,0
LF:4
LH:0
BRF:0
BRH:0
end_of_record
TN:
SF:src\common\decorators\require-subscription.decorator.ts
FN:4,(anonymous_0)
FNF:1
FNH:0
FNDA:0,(anonymous_0)
DA:1,1
DA:3,1
DA:4,1
DA:5,0
LF:4
LH:3
BRF:0
BRH:0
end_of_record
TN:
SF:src\common\decorators\tenant.decorator.ts
FN:5,(anonymous_0)
FNF:1
FNH:0
FNDA:0,(anonymous_0)
DA:1,1
DA:2,1
DA:4,1
DA:6,0
DA:9,0
DA:11,0
DA:12,0
DA:19,0
LF:8
LH:3
BRDA:11,0,0,0
BRDA:11,0,1,0
BRDA:11,1,0,0
BRDA:11,1,1,0
BRF:4
BRH:0
end_of_record
TN:
SF:src\common\decorators\user.decorator.ts
FN:6,(anonymous_0)
FNF:1
FNH:0
FNDA:0,(anonymous_0)
DA:2,1
DA:3,1
DA:5,1
DA:7,0
DA:8,0
DA:10,0
DA:11,0
DA:18,0
LF:8
LH:3
BRDA:10,0,0,0
BRDA:10,0,1,0
BRF:2
BRH:0
end_of_record
TN:
SF:src\common\dto\email.dto.ts
FNF:0
FNH:0
DA:1,0
DA:3,0
DA:6,0
LF:3
LH:0
BRF:0
BRH:0
end_of_record
TN:
SF:src\common\dto\pagination.dto.ts
FN:10,(anonymous_2)
FNF:1
FNH:0
FNDA:0,(anonymous_2)
DA:1,1
DA:2,1
DA:4,1
DA:7,1
DA:10,0
DA:14,1
LF:6
LH:5
BRF:0
BRH:0
end_of_record
TN:
SF:src\common\exceptions\app.exception.ts
FN:4,(anonymous_0)
FNF:1
FNH:1
FNDA:5,(anonymous_0)
DA:1,26
DA:3,26
DA:5,5
DA:6,5
LF:4
LH:4
BRDA:4,0,0,0
BRDA:4,1,0,5
BRF:2
BRH:1
end_of_record
TN:
SF:src\common\exceptions\provider-degradation.exception.ts
FN:5,(anonymous_0)
FNF:1
FNH:0
FNDA:0,(anonymous_0)
DA:2,3
DA:4,3
DA:6,0
LF:3
LH:2
BRF:0
BRH:0
end_of_record
TN:
SF:src\common\filters\global-exception.filter.ts
FN:17,(anonymous_2)
FN:19,(anonymous_3)
FNF:2
FNH:0
FNDA:0,(anonymous_2)
FNDA:0,(anonymous_3)
DA:1,0
DA:9,0
DA:10,0
DA:11,0
DA:14,0
DA:15,0
DA:17,0
DA:20,0
DA:21,0
DA:23,0
DA:24,0
DA:32,0
DA:33,0
DA:34,0
DA:35,0
DA:36,0
DA:37,0
DA:40,0
DA:44,0
DA:48,0
DA:55,0
DA:59,0
DA:60,0
DA:70,0
DA:79,0
LF:25
LH:0
BRDA:32,0,0,0
BRDA:32,0,1,0
BRDA:35,1,0,0
BRDA:35,1,1,0
BRDA:40,2,0,0
BRDA:40,2,1,0
BRDA:42,3,0,0
BRDA:42,3,1,0
BRDA:44,4,0,0
BRDA:44,4,1,0
BRDA:46,5,0,0
BRDA:46,5,1,0
BRDA:55,6,0,0
BRDA:55,6,1,0
BRDA:56,7,0,0
BRDA:56,7,1,0
BRDA:73,8,0,0
BRDA:73,8,1,0
BRDA:75,9,0,0
BRDA:75,9,1,0
BRDA:17,10,0,0
BRDA:17,10,1,0
BRDA:17,11,0,0
BRDA:17,11,1,0
BRF:24
BRH:0
end_of_record
TN:
SF:src\common\guards\jwt-auth.guard.ts
FN:8,(anonymous_2)
FN:12,(anonymous_3)
FN:38,(anonymous_4)
FNF:3
FNH:2
FNDA:15,(anonymous_2)
FNDA:1,(anonymous_3)
FNDA:0,(anonymous_4)
DA:1,6
DA:2,6
DA:3,6
DA:4,6
DA:7,6
DA:8,15
DA:9,15
DA:13,1
DA:14,0
DA:15,0
DA:18,0
DA:19,0
DA:23,0
DA:25,0
DA:26,0
DA:30,0
DA:31,0
DA:35,0
DA:45,0
DA:46,0
DA:51,0
LF:21
LH:8
BRDA:14,0,0,0
BRDA:14,0,1,0
BRDA:23,1,0,0
BRDA:23,1,1,0
BRDA:25,2,0,0
BRDA:25,2,1,0
BRDA:30,3,0,0
BRDA:30,3,1,0
BRDA:45,4,0,0
BRDA:45,4,1,0
BRDA:45,5,0,0
BRDA:45,5,1,0
BRDA:47,6,0,0
BRDA:47,6,1,0
BRDA:8,7,0,6
BRDA:8,7,1,0
BRDA:8,8,0,6
BRDA:8,8,1,6
BRF:18
BRH:3
end_of_record
TN:
SF:src\common\guards\anti-abuse\anti-abuse.guard.ts
FN:13,(anonymous_2)
FN:18,(anonymous_3)
FNF:2
FNH:0
FNDA:0,(anonymous_2)
FNDA:0,(anonymous_3)
DA:1,0
DA:8,0
DA:9,0
DA:12,0
DA:14,0
DA:15,0
DA:19,0
DA:22,0
DA:23,0
DA:26,0
DA:29,0
DA:33,0
DA:34,0
DA:39,0
LF:14
LH:0
BRDA:22,0,0,0
BRDA:22,0,1,0
BRDA:22,1,0,0
BRDA:22,1,1,0
BRDA:33,2,0,0
BRDA:33,2,1,0
BRDA:14,3,0,0
BRDA:14,3,1,0
BRDA:14,4,0,0
BRDA:14,4,1,0
BRDA:14,5,0,0
BRDA:14,5,1,0
BRDA:14,6,0,0
BRDA:14,6,1,0
BRF:14
BRH:0
end_of_record
TN:
SF:src\common\guards\anti-abuse\anti-abuse.module.ts
FNF:0
FNH:0
DA:1,0
DA:2,0
DA:3,0
DA:9,0
LF:4
LH:0
BRF:0
BRH:0
end_of_record
TN:
SF:src\common\guards\anti-abuse\anti-abuse.service.ts
FN:10,(anonymous_1)
FNF:1
FNH:0
FNDA:0,(anonymous_1)
DA:1,0
DA:3,0
DA:6,0
DA:11,0
DA:12,0
DA:13,0
DA:16,0
DA:19,0
DA:22,0
DA:28,0
DA:30,0
LF:11
LH:0
BRDA:12,0,0,0
BRDA:12,0,1,0
BRDA:12,1,0,0
BRDA:12,1,1,0
BRDA:16,2,0,0
BRDA:16,2,1,0
BRDA:16,2,2,0
BRDA:19,3,0,0
BRDA:19,3,1,0
BRDA:22,4,0,0
BRDA:22,4,1,0
BRDA:24,5,0,0
BRDA:24,5,1,0
BRF:13
BRH:0
end_of_record
TN:
SF:src\common\guards\entitlement\plan-entitlement.guard.ts
FN:15,(anonymous_2)
FN:21,(anonymous_3)
FN:46,(anonymous_4)
FNF:3
FNH:3
FNDA:10,(anonymous_2)
FNDA:13,(anonymous_3)
FNDA:10,(anonymous_4)
DA:1,1
DA:7,1
DA:8,1
DA:9,1
DA:10,1
DA:11,1
DA:14,1
DA:16,10
DA:17,10
DA:18,10
DA:22,13
DA:27,13
DA:28,1
DA:31,12
DA:33,12
DA:35,3
DA:36,3
DA:37,3
DA:38,2
DA:40,1
DA:43,9
DA:47,10
DA:52,10
DA:53,2
DA:58,8
DA:64,8
DA:65,4
DA:70,4
LF:28
LH:28
BRDA:27,0,0,1
BRDA:27,0,1,12
BRDA:33,1,0,3
BRDA:33,1,1,9
BRDA:37,2,0,2
BRDA:37,2,1,1
BRDA:52,3,0,2
BRDA:52,3,1,8
BRDA:64,4,0,4
BRDA:64,4,1,4
BRDA:16,5,0,1
BRDA:16,5,1,0
BRDA:16,6,0,1
BRDA:16,6,1,1
BRDA:16,7,0,1
BRDA:16,7,1,0
BRDA:16,8,0,1
BRDA:16,8,1,1
BRDA:17,9,0,1
BRDA:17,9,1,0
BRDA:17,10,0,1
BRDA:17,10,1,1
BRF:22
BRH:19
end_of_record
TN:
SF:src\common\helpers\response.builder.ts
FN:4,(anonymous_0)
FN:8,(anonymous_1)
FNF:2
FNH:2
FNDA:3,(anonymous_0)
FNDA:2,(anonymous_1)
DA:3,2
DA:5,3
DA:9,2
LF:3
LH:3
BRF:0
BRH:0
end_of_record
TN:
SF:src\common\interceptors\audit.interceptor.ts
FN:16,(anonymous_2)
FN:21,(anonymous_3)
FN:43,(anonymous_4)
FN:55,(anonymous_5)
FNF:4
FNH:0
FNDA:0,(anonymous_2)
FNDA:0,(anonymous_3)
FNDA:0,(anonymous_4)
FNDA:0,(anonymous_5)
DA:1,0
DA:8,0
DA:9,0
DA:10,0
DA:11,0
DA:15,0
DA:17,0
DA:18,0
DA:23,0
DA:26,0
DA:27,0
DA:30,0
DA:37,0
DA:38,0
DA:39,0
DA:40,0
DA:42,0
DA:45,0
LF:18
LH:0
BRDA:23,0,0,0
BRDA:23,0,1,0
BRDA:26,1,0,0
BRDA:26,1,1,0
BRDA:37,2,0,0
BRDA:37,2,1,0
BRDA:17,3,0,0
BRDA:17,3,1,0
BRDA:17,4,0,0
BRDA:17,4,1,0
BRDA:17,5,0,0
BRDA:17,5,1,0
BRDA:17,6,0,0
BRDA:17,6,1,0
BRF:14
BRH:0
end_of_record
TN:
SF:src\common\interceptors\http-metrics.interceptor.ts
FN:14,(anonymous_2)
FN:16,(anonymous_3)
FN:18,(anonymous_4)
FN:21,(anonymous_5)
FN:23,(anonymous_6)
FNF:5
FNH:0
FNDA:0,(anonymous_2)
FNDA:0,(anonymous_3)
FNDA:0,(anonymous_4)
FNDA:0,(anonymous_5)
FNDA:0,(anonymous_6)
DA:2,0
DA:8,0
DA:9,0
DA:10,0
DA:13,0
DA:14,0
DA:17,0
DA:19,0
DA:22,0
DA:23,0
LF:10
LH:0
BRDA:14,0,0,0
BRDA:14,0,1,0
BRDA:14,1,0,0
BRDA:14,1,1,0
BRF:4
BRH:0
end_of_record
TN:
SF:src\common\prisma\prisma.module.ts
FNF:0
FNH:0
DA:1,0
DA:2,0
DA:3,0
DA:10,0
LF:4
LH:0
BRF:0
BRH:0
end_of_record
TN:
SF:src\common\prisma\prisma.service.ts
FN:30,(anonymous_2)
FN:35,(anonymous_3)
FN:52,(anonymous_4)
FN:53,(anonymous_5)
FN:76,(anonymous_6)
FN:81,(anonymous_7)
FNF:6
FNH:0
FNDA:0,(anonymous_2)
FNDA:0,(anonymous_3)
FNDA:0,(anonymous_4)
FNDA:0,(anonymous_5)
FNDA:0,(anonymous_6)
FNDA:0,(anonymous_7)
DA:1,23
DA:7,23
DA:8,23
DA:9,23
DA:11,23
DA:23,23
DA:28,0
DA:31,0
DA:32,0
DA:36,0
DA:37,0
DA:38,0
DA:40,0
DA:41,0
DA:42,0
DA:43,0
DA:44,0
DA:49,0
DA:52,0
DA:53,0
DA:54,0
DA:64,0
DA:65,0
DA:66,0
DA:68,0
DA:77,0
DA:78,0
DA:82,0
LF:28
LH:6
BRDA:37,0,0,0
BRDA:37,0,1,0
BRDA:38,1,0,0
BRDA:38,1,1,0
BRDA:40,2,0,0
BRDA:40,2,1,0
BRDA:40,3,0,0
BRDA:40,3,1,0
BRDA:41,4,0,0
BRDA:41,4,1,0
BRDA:43,5,0,0
BRDA:43,5,1,0
BRF:12
BRH:0
end_of_record
TN:
SF:src\common\prisma\tenant-prisma.service.ts
FN:25,(anonymous_2)
FN:34,(anonymous_3)
FN:78,(anonymous_4)
FN:141,(anonymous_5)
FN:142,(anonymous_6)
FN:172,(anonymous_7)
FN:176,(anonymous_8)
FNF:7
FNH:4
FNDA:2,(anonymous_2)
FNDA:2,(anonymous_3)
FNDA:0,(anonymous_4)
FNDA:1,(anonymous_5)
FNDA:0,(anonymous_6)
FNDA:1,(anonymous_7)
FNDA:0,(anonymous_8)
DA:2,2
DA:8,2
DA:9,2
DA:11,2
DA:20,2
DA:23,2
DA:25,2
DA:26,2
DA:28,2
DA:31,2
DA:35,2
DA:37,2
DA:38,0
DA:41,2
DA:42,1
DA:47,1
DA:49,1
DA:59,1
DA:60,0
DA:65,0
DA:68,0
DA:69,0
DA:72,0
DA:73,0
DA:74,0
DA:77,0
DA:78,0
DA:83,0
DA:86,0
DA:89,0
DA:90,0
DA:93,0
DA:94,0
DA:99,0
DA:102,0
DA:108,0
DA:110,0
DA:115,0
DA:116,0
DA:117,0
DA:122,0
DA:126,0
DA:127,0
DA:128,0
DA:129,0
DA:133,0
DA:134,0
DA:138,1
DA:141,1
DA:142,1
DA:143,0
DA:146,0
DA:147,0
DA:157,1
DA:158,1
DA:162,1
DA:164,1
DA:173,1
DA:177,0
LF:59
LH:25
BRDA:37,0,0,0
BRDA:37,0,1,2
BRDA:41,1,0,1
BRDA:41,1,1,1
BRDA:47,2,0,1
BRDA:47,2,1,0
BRDA:49,3,0,1
BRDA:49,3,1,0
BRDA:60,4,0,0
BRDA:60,4,1,0
BRDA:68,5,0,0
BRDA:68,5,1,0
BRDA:72,6,0,0
BRDA:72,6,1,0
BRDA:73,7,0,0
BRDA:73,7,1,0
BRDA:77,8,0,0
BRDA:77,8,1,0
BRDA:86,9,0,0
BRDA:86,9,1,0
BRDA:89,10,0,0
BRDA:89,10,1,0
BRDA:93,11,0,0
BRDA:93,11,1,0
BRDA:93,12,0,0
BRDA:93,12,1,0
BRDA:99,13,0,0
BRDA:99,13,1,0
BRDA:108,14,0,0
BRDA:108,14,1,0
BRDA:133,15,0,0
BRDA:133,15,1,0
BRDA:25,16,0,2
BRDA:25,16,1,0
BRDA:25,17,0,2
BRDA:25,17,1,2
BRF:36
BRH:8
end_of_record
TN:
SF:src\common\redis\redis.module.ts
FNF:0
FNH:0
DA:1,0
DA:2,0
DA:9,0
LF:3
LH:0
BRF:0
BRH:0
end_of_record
TN:
SF:src\common\redis\redis.service.ts
FN:10,(anonymous_2)
FN:16,(anonymous_3)
FN:21,(anonymous_4)
FN:26,(anonymous_5)
FN:30,(anonymous_6)
FN:34,(anonymous_7)
FN:45,(anonymous_8)
FN:63,(anonymous_9)
FN:85,(anonymous_10)
FN:109,(anonymous_11)
FN:120,(anonymous_12)
FN:131,(anonymous_13)
FN:142,(anonymous_14)
FN:153,(anonymous_15)
FNF:14
FNH:0
FNDA:0,(anonymous_2)
FNDA:0,(anonymous_3)
FNDA:0,(anonymous_4)
FNDA:0,(anonymous_5)
FNDA:0,(anonymous_6)
FNDA:0,(anonymous_7)
FNDA:0,(anonymous_8)
FNDA:0,(anonymous_9)
FNDA:0,(anonymous_10)
FNDA:0,(anonymous_11)
FNDA:0,(anonymous_12)
FNDA:0,(anonymous_13)
FNDA:0,(anonymous_14)
FNDA:0,(anonymous_15)
DA:1,10
DA:2,10
DA:3,10
DA:6,10
DA:7,0
DA:10,0
DA:11,0
DA:17,0
DA:21,0
DA:22,0
DA:27,0
DA:31,0
DA:35,0
DA:36,0
DA:38,0
DA:41,0
DA:50,0
DA:51,0
DA:52,0
DA:54,0
DA:56,0
DA:59,0
DA:68,0
DA:69,0
DA:76,0
DA:78,0
DA:81,0
DA:86,0
DA:87,0
DA:88,0
DA:89,0
DA:96,0
DA:97,0
DA:98,0
DA:99,0
DA:103,0
DA:110,0
DA:111,0
DA:113,0
DA:116,0
DA:121,0
DA:122,0
DA:124,0
DA:127,0
DA:132,0
DA:133,0
DA:135,0
DA:138,0
DA:143,0
DA:144,0
DA:146,0
DA:149,0
DA:154,0
DA:155,0
DA:157,0
DA:160,0
LF:56
LH:4
BRDA:39,0,0,0
BRDA:39,0,1,0
BRDA:51,1,0,0
BRDA:51,1,1,0
BRDA:57,2,0,0
BRDA:57,2,1,0
BRDA:79,3,0,0
BRDA:79,3,1,0
BRDA:98,4,0,0
BRDA:98,4,1,0
BRDA:104,5,0,0
BRDA:104,5,1,0
BRDA:114,6,0,0
BRDA:114,6,1,0
BRDA:125,7,0,0
BRDA:125,7,1,0
BRDA:136,8,0,0
BRDA:136,8,1,0
BRDA:147,9,0,0
BRDA:147,9,1,0
BRDA:158,10,0,0
BRDA:158,10,1,0
BRDA:10,11,0,10
BRDA:10,11,1,0
BRDA:10,12,0,10
BRDA:10,12,1,10
BRF:26
BRH:3
end_of_record
TN:
SF:src\health\health.controller.ts
FN:8,(anonymous_4)
FN:13,(anonymous_5)
FNF:2
FNH:0
FNDA:0,(anonymous_4)
FNDA:0,(anonymous_5)
DA:1,0
DA:2,0
DA:3,0
DA:4,0
DA:7,0
DA:9,0
DA:13,0
DA:15,0
DA:17,0
LF:9
LH:0
BRDA:9,0,0,0
BRDA:9,0,1,0
BRDA:9,1,0,0
BRDA:9,1,1,0
BRF:4
BRH:0
end_of_record
TN:
SF:src\health\health.module.ts
FNF:0
FNH:0
DA:1,0
DA:2,0
DA:3,0
DA:13,0
LF:4
LH:0
BRF:0
BRH:0
end_of_record
TN:
SF:src\mail\mail.module.ts
FNF:0
FNH:0
DA:1,0
DA:2,0
DA:9,0
LF:3
LH:0
BRF:0
BRH:0
end_of_record
TN:
SF:src\mail\mail.service.ts
FN:10,(anonymous_11)
FN:22,(anonymous_12)
FN:27,(anonymous_13)
FN:33,(anonymous_14)
FN:39,(anonymous_15)
FN:58,(anonymous_16)
FNF:6
FNH:0
FNDA:0,(anonymous_11)
FNDA:0,(anonymous_12)
FNDA:0,(anonymous_13)
FNDA:0,(anonymous_14)
FNDA:0,(anonymous_15)
FNDA:0,(anonymous_16)
DA:1,2
DA:2,2
DA:3,2
DA:6,2
DA:7,0
DA:10,0
DA:11,0
DA:24,0
DA:28,0
DA:37,0
DA:38,0
DA:39,0
DA:41,0
DA:53,0
DA:58,0
DA:65,0
DA:66,0
DA:73,0
DA:75,0
DA:80,0
LF:20
LH:4
BRDA:65,0,0,0
BRDA:65,0,1,0
BRDA:81,1,0,0
BRDA:81,1,1,0
BRDA:10,2,0,2
BRDA:10,2,1,0
BRDA:10,3,0,2
BRDA:10,3,1,2
BRF:8
BRH:3
end_of_record
TN:
SF:src\modules\admin\admin.controller.ts
FN:17,(anonymous_4)
FN:19,(anonymous_5)
FN:26,(anonymous_6)
FN:33,(anonymous_7)
FN:40,(anonymous_8)
FN:50,(anonymous_9)
FN:57,(anonymous_10)
FN:64,(anonymous_11)
FNF:8
FNH:0
FNDA:0,(anonymous_4)
FNDA:0,(anonymous_5)
FNDA:0,(anonymous_6)
FNDA:0,(anonymous_7)
FNDA:0,(anonymous_8)
FNDA:0,(anonymous_9)
FNDA:0,(anonymous_10)
FNDA:0,(anonymous_11)
DA:1,0
DA:10,0
DA:11,0
DA:12,0
DA:16,0
DA:17,0
DA:20,0
DA:21,0
DA:26,0
DA:27,0
DA:28,0
DA:29,0
DA:33,0
DA:34,0
DA:35,0
DA:36,0
DA:40,0
DA:44,0
DA:45,0
DA:46,0
DA:50,0
DA:51,0
DA:52,0
DA:53,0
DA:57,0
DA:58,0
DA:59,0
DA:60,0
DA:64,0
DA:65,0
DA:66,0
DA:67,0
LF:32
LH:0
BRDA:20,0,0,0
BRDA:20,0,1,0
BRDA:17,1,0,0
BRDA:17,1,1,0
BRDA:17,2,0,0
BRDA:17,2,1,0
BRF:6
BRH:0
end_of_record
TN:
SF:src\modules\admin\admin.module.ts
FNF:0
FNH:0
DA:1,0
DA:2,0
DA:3,0
DA:4,0
DA:15,0
LF:5
LH:0
BRF:0
BRH:0
end_of_record
TN:
SF:src\modules\admin\admin.service.ts
FN:9,(anonymous_4)
FN:15,(anonymous_5)
FN:25,(anonymous_6)
FN:32,(anonymous_7)
FN:51,(anonymous_8)
FN:65,(anonymous_9)
FN:74,(anonymous_10)
FNF:7
FNH:0
FNDA:0,(anonymous_4)
FNDA:0,(anonymous_5)
FNDA:0,(anonymous_6)
FNDA:0,(anonymous_7)
FNDA:0,(anonymous_8)
FNDA:0,(anonymous_9)
FNDA:0,(anonymous_10)
DA:1,0
DA:2,0
DA:3,0
DA:4,0
DA:5,0
DA:8,0
DA:10,0
DA:11,0
DA:12,0
DA:16,0
DA:17,0
DA:19,0
DA:26,0
DA:33,0
DA:37,0
DA:38,0
DA:43,0
DA:48,0
DA:52,0
DA:60,0
DA:62,0
DA:67,0
DA:76,0
LF:23
LH:0
BRDA:25,0,0,0
BRDA:37,1,0,0
BRDA:37,1,1,0
BRDA:10,2,0,0
BRDA:10,2,1,0
BRDA:10,3,0,0
BRDA:10,3,1,0
BRDA:10,4,0,0
BRDA:10,4,1,0
BRDA:10,5,0,0
BRDA:10,5,1,0
BRDA:11,6,0,0
BRDA:11,6,1,0
BRDA:11,7,0,0
BRDA:11,7,1,0
BRF:15
BRH:0
end_of_record
TN:
SF:src\modules\analytics\analytics.controller.ts
FN:10,(anonymous_4)
FN:13,(anonymous_5)
FN:19,(anonymous_6)
FNF:3
FNH:0
FNDA:0,(anonymous_4)
FNDA:0,(anonymous_5)
FNDA:0,(anonymous_6)
DA:1,0
DA:2,0
DA:3,0
DA:4,0
DA:5,0
DA:9,0
DA:10,0
DA:13,0
DA:14,0
DA:15,0
DA:19,0
DA:20,0
DA:21,0
LF:13
LH:0
BRDA:10,0,0,0
BRDA:10,0,1,0
BRDA:10,1,0,0
BRDA:10,1,1,0
BRF:4
BRH:0
end_of_record
TN:
SF:src\modules\analytics\analytics.module.ts
FNF:0
FNH:0
DA:1,0
DA:2,0
DA:3,0
DA:4,0
DA:11,0
LF:5
LH:0
BRF:0
BRH:0
end_of_record
TN:
SF:src\modules\analytics\analytics.service.ts
FN:6,(anonymous_2)
FN:8,(anonymous_3)
FN:32,(anonymous_4)
FN:47,(anonymous_5)
FN:77,(anonymous_6)
FN:98,(anonymous_7)
FNF:6
FNH:0
FNDA:0,(anonymous_2)
FNDA:0,(anonymous_3)
FNDA:0,(anonymous_4)
FNDA:0,(anonymous_5)
FNDA:0,(anonymous_6)
FNDA:0,(anonymous_7)
DA:1,0
DA:2,0
DA:5,0
DA:6,0
DA:9,0
DA:10,0
DA:11,0
DA:14,0
DA:17,0
DA:31,0
DA:33,0
DA:34,0
DA:35,0
DA:37,0
DA:38,0
DA:39,0
DA:40,0
DA:42,0
DA:47,0
DA:48,0
DA:52,0
DA:61,0
DA:65,0
DA:70,0
DA:76,0
DA:78,0
DA:79,0
DA:84,0
DA:101,0
DA:107,0
DA:113,0
DA:115,0
LF:32
LH:0
BRDA:34,0,0,0
BRDA:34,0,1,0
BRDA:37,1,0,0
BRDA:37,1,1,0
BRDA:37,2,0,0
BRDA:37,2,1,0
BRDA:39,3,0,0
BRDA:39,3,1,0
BRDA:87,4,0,0
BRDA:87,4,1,0
BRDA:88,5,0,0
BRDA:88,5,1,0
BRDA:89,6,0,0
BRDA:89,6,1,0
BRDA:90,7,0,0
BRDA:90,7,1,0
BRDA:91,8,0,0
BRDA:91,8,1,0
BRDA:6,9,0,0
BRDA:6,9,1,0
BRDA:6,10,0,0
BRDA:6,10,1,0
BRF:22
BRH:0
end_of_record
TN:
SF:src\modules\anti-abuse\anti-abuse.controller.ts
FN:6,(anonymous_4)
FN:9,(anonymous_5)
FN:16,(anonymous_6)
FN:34,(anonymous_7)
FNF:4
FNH:0
FNDA:0,(anonymous_4)
FNDA:0,(anonymous_5)
FNDA:0,(anonymous_6)
FNDA:0,(anonymous_7)
DA:1,0
DA:2,0
DA:5,0
DA:6,0
DA:9,0
DA:10,0
DA:16,0
DA:24,0
DA:34,0
DA:35,0
LF:10
LH:0
BRDA:6,0,0,0
BRDA:6,0,1,0
BRDA:6,1,0,0
BRDA:6,1,1,0
BRF:4
BRH:0
end_of_record
TN:
SF:src\modules\anti-abuse\anti-abuse.module.ts
FNF:0
FNH:0
DA:1,0
DA:2,0
DA:7,0
LF:3
LH:0
BRF:0
BRH:0
end_of_record
TN:
SF:src\modules\backup\backup.module.ts
FNF:0
FNH:0
DA:1,0
DA:2,0
DA:8,0
LF:3
LH:0
BRF:0
BRH:0
end_of_record
TN:
SF:src\modules\backup\backup.service.ts
FN:15,(anonymous_11)
FNF:1
FNH:0
FNDA:0,(anonymous_11)
DA:2,0
DA:3,0
DA:4,0
DA:5,0
DA:6,0
DA:8,0
DA:11,0
DA:12,0
DA:15,0
DA:16,0
DA:20,0
DA:25,0
DA:27,0
DA:29,0
DA:30,0
DA:33,0
DA:34,0
DA:37,0
DA:39,0
LF:19
LH:0
BRDA:29,0,0,0
BRDA:29,0,1,0
BRDA:33,1,0,0
BRDA:33,1,1,0
BRDA:40,2,0,0
BRDA:40,2,1,0
BRDA:41,3,0,0
BRDA:41,3,1,0
BRF:8
BRH:0
end_of_record
TN:
SF:src\modules\billing\billing.controller.ts
FN:12,(anonymous_4)
FN:17,(anonymous_5)
FNF:2
FNH:2
FNDA:2,(anonymous_4)
FNDA:2,(anonymous_5)
DA:1,1
DA:8,1
DA:11,1
DA:13,2
DA:17,1
DA:27,2
DA:28,1
DA:33,1
DA:34,1
LF:9
LH:9
BRDA:27,0,0,1
BRDA:27,0,1,1
BRDA:13,1,0,1
BRDA:13,1,1,0
BRDA:13,2,0,1
BRDA:13,2,1,1
BRF:6
BRH:5
end_of_record
TN:
SF:src\modules\billing\billing.module.ts
FNF:0
FNH:0
DA:1,0
DA:2,0
DA:3,0
DA:4,0
DA:5,0
DA:6,0
DA:7,0
DA:14,0
LF:8
LH:0
BRF:0
BRH:0
end_of_record
TN:
SF:src\modules\billing\controllers\billing-api.controller.ts
FN:10,(anonymous_4)
FN:13,(anonymous_5)
FN:21,(anonymous_6)
FN:30,(anonymous_7)
FNF:4
FNH:0
FNDA:0,(anonymous_4)
FNDA:0,(anonymous_5)
FNDA:0,(anonymous_6)
FNDA:0,(anonymous_7)
DA:1,0
DA:2,0
DA:3,0
DA:4,0
DA:5,0
DA:9,0
DA:10,0
DA:13,0
DA:14,0
DA:17,0
DA:21,0
DA:22,0
DA:26,0
DA:30,0
DA:33,0
DA:45,0
LF:16
LH:0
BRDA:10,0,0,0
BRDA:10,0,1,0
BRDA:10,1,0,0
BRDA:10,1,1,0
BRF:4
BRH:0
end_of_record
TN:
SF:src\modules\billing\controllers\quota.controller.ts
FN:16,(anonymous_2)
FN:23,(anonymous_3)
FN:48,(anonymous_4)
FNF:3
FNH:3
FNDA:5,(anonymous_2)
FNDA:3,(anonymous_3)
FNDA:2,(anonymous_4)
DA:1,1
DA:8,1
DA:9,1
DA:10,1
DA:11,1
DA:15,1
DA:17,5
DA:18,5
DA:19,5
DA:23,1
DA:24,3
DA:25,3
DA:27,3
DA:28,3
DA:29,3
DA:30,3
DA:31,1
DA:39,3
DA:48,1
DA:49,2
DA:53,2
DA:54,2
DA:55,1
DA:58,1
DA:59,1
DA:61,1
DA:68,1
LF:27
LH:27
BRDA:28,0,0,3
BRDA:28,0,1,0
BRDA:28,1,0,3
BRDA:28,1,1,3
BRDA:30,2,0,1
BRDA:30,2,1,2
BRDA:30,3,0,3
BRDA:30,3,1,2
BRDA:40,4,0,3
BRDA:40,4,1,0
BRDA:41,5,0,3
BRDA:41,5,1,0
BRDA:42,6,0,3
BRDA:42,6,1,1
BRDA:43,7,0,1
BRDA:43,7,1,2
BRDA:54,8,0,1
BRDA:54,8,1,1
BRDA:17,9,0,1
BRDA:17,9,1,0
BRDA:17,10,0,1
BRDA:17,10,1,1
BRDA:17,11,0,1
BRDA:17,11,1,0
BRDA:17,12,0,1
BRDA:17,12,1,1
BRDA:18,13,0,1
BRDA:18,13,1,0
BRDA:18,14,0,1
BRDA:18,14,1,1
BRF:30
BRH:24
end_of_record
TN:
SF:src\modules\billing\services\midtrans-payment.service.ts
FN:15,(anonymous_11)
FN:21,(anonymous_12)
FN:105,(anonymous_13)
FN:136,(anonymous_14)
FNF:4
FNH:0
FNDA:0,(anonymous_11)
FNDA:0,(anonymous_12)
FNDA:0,(anonymous_13)
FNDA:0,(anonymous_14)
DA:1,2
DA:6,2
DA:7,2
DA:8,2
DA:9,2
DA:12,2
DA:13,0
DA:16,0
DA:17,0
DA:18,0
DA:27,0
DA:28,0
DA:31,0
DA:33,0
DA:35,0
DA:36,0
DA:37,0
DA:38,0
DA:54,0
DA:67,0
DA:68,0
DA:69,0
DA:70,0
DA:73,0
DA:79,0
DA:80,0
DA:87,0
DA:99,0
DA:107,0
DA:109,0
DA:110,0
DA:112,0
DA:116,0
DA:117,0
DA:119,0
DA:127,0
DA:133,0
DA:147,0
DA:148,0
DA:149,0
DA:154,0
DA:158,0
DA:162,0
DA:163,0
DA:167,0
DA:168,0
DA:169,0
DA:173,0
DA:177,0
DA:178,0
DA:183,0
DA:184,0
DA:191,0
LF:53
LH:6
BRDA:36,0,0,0
BRDA:36,0,1,0
BRDA:36,1,0,0
BRDA:36,1,1,0
BRDA:67,2,0,0
BRDA:67,2,1,0
BRDA:69,3,0,0
BRDA:69,3,1,0
BRDA:110,4,0,0
BRDA:110,4,1,0
BRDA:116,5,0,0
BRDA:116,5,1,0
BRDA:117,6,0,0
BRDA:117,6,1,0
BRDA:147,7,0,0
BRDA:147,7,1,0
BRDA:154,8,0,0
BRDA:154,8,1,0
BRDA:155,9,0,0
BRDA:155,9,1,0
BRDA:167,10,0,0
BRDA:167,10,1,0
BRDA:173,11,0,0
BRDA:173,11,1,0
BRDA:174,12,0,0
BRDA:174,12,1,0
BRDA:178,13,0,0
BRDA:178,13,1,0
BRDA:179,14,0,0
BRDA:179,14,1,0
BRDA:179,14,2,0
BRDA:183,15,0,0
BRDA:183,15,1,0
BRDA:16,16,0,2
BRDA:16,16,1,0
BRDA:16,17,0,2
BRDA:16,17,1,2
BRDA:16,18,0,2
BRDA:16,18,1,0
BRDA:16,19,0,2
BRDA:16,19,1,2
BRDA:17,20,0,2
BRDA:17,20,1,0
BRDA:17,21,0,2
BRDA:17,21,1,2
BRF:45
BRH:9
end_of_record
TN:
SF:src\modules\billing\services\quota.service.ts
FN:11,(anonymous_2)
FN:20,(anonymous_3)
FN:41,(anonymous_4)
FN:119,(anonymous_5)
FN:153,(anonymous_6)
FN:159,(anonymous_7)
FN:165,(anonymous_8)
FNF:7
FNH:5
FNDA:11,(anonymous_2)
FNDA:4,(anonymous_3)
FNDA:4,(anonymous_4)
FNDA:3,(anonymous_5)
FNDA:0,(anonymous_6)
FNDA:0,(anonymous_7)
FNDA:4,(anonymous_8)
DA:1,2
DA:2,2
DA:3,2
DA:4,2
DA:8,2
DA:9,11
DA:12,11
DA:13,11
DA:21,4
DA:25,4
DA:26,1
DA:29,1
DA:32,3
DA:35,3
DA:45,4
DA:46,4
DA:50,4
DA:51,0
DA:58,4
DA:60,4
DA:61,4
DA:63,4
DA:65,2
DA:68,2
DA:69,1
DA:72,2
DA:74,2
DA:76,1
DA:79,1
DA:80,1
DA:84,4
DA:97,4
DA:105,4
DA:107,0
DA:111,0
DA:120,3
DA:121,2
DA:128,1
DA:129,1
DA:139,1
DA:145,0
DA:149,0
DA:154,0
DA:160,0
DA:167,4
DA:170,4
DA:172,4
DA:175,4
DA:176,2
DA:181,2
DA:187,2
DA:193,2
DA:194,1
DA:199,1
DA:205,1
LF:55
LH:48
BRDA:25,0,0,1
BRDA:25,0,1,3
BRDA:43,1,0,1
BRDA:50,2,0,0
BRDA:50,2,1,4
BRDA:63,3,0,2
BRDA:63,3,1,2
BRDA:68,4,0,1
BRDA:68,4,1,1
BRDA:74,5,0,1
BRDA:74,5,1,1
BRDA:108,6,0,0
BRDA:108,6,1,0
BRDA:109,7,0,0
BRDA:109,7,1,0
BRDA:120,8,0,2
BRDA:120,8,1,1
BRDA:146,9,0,0
BRDA:146,9,1,0
BRDA:147,10,0,0
BRDA:147,10,1,0
BRDA:170,11,0,0
BRDA:170,11,1,4
BRDA:175,12,0,2
BRDA:175,12,1,2
BRDA:175,13,0,4
BRDA:175,13,1,2
BRDA:193,14,0,1
BRDA:193,14,1,1
BRDA:193,15,0,2
BRDA:193,15,1,1
BRDA:193,15,2,1
BRDA:12,16,0,2
BRDA:12,16,1,0
BRDA:12,17,0,2
BRDA:12,17,1,2
BRDA:12,18,0,2
BRDA:12,18,1,0
BRDA:12,19,0,2
BRDA:12,19,1,2
BRF:40
BRH:28
end_of_record
TN:
SF:src\modules\billing\services\subscription.service.ts
FN:17,(anonymous_2)
FN:27,(anonymous_3)
FN:71,(anonymous_4)
FN:121,(anonymous_5)
FN:167,(anonymous_6)
FN:211,(anonymous_7)
FNF:6
FNH:4
FNDA:5,(anonymous_2)
FNDA:2,(anonymous_3)
FNDA:1,(anonymous_4)
FNDA:2,(anonymous_5)
FNDA:0,(anonymous_6)
FNDA:0,(anonymous_7)
DA:2,3
DA:3,3
DA:4,3
DA:5,3
DA:11,3
DA:14,3
DA:15,5
DA:18,5
DA:19,5
DA:20,5
DA:28,2
DA:32,2
DA:33,1
DA:38,1
DA:39,0
DA:42,0
DA:45,1
DA:53,1
DA:65,1
DA:75,1
DA:79,1
DA:80,0
DA:85,1
DA:87,1
DA:88,1
DA:90,1
DA:102,1
DA:115,1
DA:125,2
DA:129,2
DA:130,0
DA:136,2
DA:137,1
DA:145,1
DA:158,1
DA:161,1
DA:168,0
DA:172,0
DA:173,0
DA:178,0
DA:179,0
DA:182,0
DA:185,0
DA:193,0
DA:205,0
DA:212,0
DA:216,0
DA:217,0
DA:222,0
DA:230,0
DA:242,0
LF:51
LH:32
BRDA:32,0,0,1
BRDA:32,0,1,1
BRDA:38,1,0,0
BRDA:38,1,1,1
BRDA:79,2,0,0
BRDA:79,2,1,1
BRDA:129,3,0,0
BRDA:129,3,1,2
BRDA:136,4,0,1
BRDA:136,4,1,1
BRDA:172,5,0,0
BRDA:172,5,1,0
BRDA:178,6,0,0
BRDA:178,6,1,0
BRDA:216,7,0,0
BRDA:216,7,1,0
BRDA:18,8,0,3
BRDA:18,8,1,0
BRDA:18,9,0,3
BRDA:18,9,1,3
BRDA:18,10,0,3
BRDA:18,10,1,0
BRDA:18,11,0,3
BRDA:18,11,1,3
BRDA:19,12,0,3
BRDA:19,12,1,0
BRDA:19,13,0,3
BRDA:19,13,1,3
BRF:28
BRH:16
end_of_record
TN:
SF:src\modules\bot-config\bot-config.controller.ts
FN:18,(anonymous_4)
FN:21,(anonymous_5)
FN:27,(anonymous_6)
FN:36,(anonymous_7)
FNF:4
FNH:4
FNDA:4,(anonymous_4)
FNDA:1,(anonymous_5)
FNDA:1,(anonymous_6)
FNDA:1,(anonymous_7)
DA:1,1
DA:10,1
DA:11,1
DA:12,1
DA:13,1
DA:17,1
DA:18,4
DA:21,1
DA:22,1
DA:23,1
DA:27,1
DA:31,1
DA:32,1
DA:36,1
DA:41,1
DA:42,1
LF:16
LH:16
BRDA:29,0,0,1
BRDA:29,0,1,0
BRDA:29,1,0,1
BRDA:29,1,1,1
BRDA:38,2,0,1
BRDA:38,2,1,0
BRDA:38,3,0,1
BRDA:38,3,1,1
BRDA:18,4,0,1
BRDA:18,4,1,0
BRDA:18,5,0,1
BRDA:18,5,1,1
BRF:12
BRH:9
end_of_record
TN:
SF:src\modules\bot-config\bot-config.module.ts
FNF:0
FNH:0
DA:1,0
DA:2,0
DA:3,0
DA:10,0
LF:4
LH:0
BRF:0
BRH:0
end_of_record
TN:
SF:src\modules\bot-config\bot-config.service.ts
FN:9,(anonymous_2)
FN:11,(anonymous_3)
FN:25,(anonymous_4)
FNF:3
FNH:3
FNDA:4,(anonymous_2)
FNDA:2,(anonymous_3)
FNDA:2,(anonymous_4)
DA:1,2
DA:2,2
DA:6,2
DA:7,4
DA:9,4
DA:12,2
DA:16,2
DA:17,1
DA:22,1
DA:26,2
DA:32,2
DA:36,2
DA:37,1
DA:40,1
DA:42,1
DA:57,1
LF:16
LH:16
BRDA:16,0,0,1
BRDA:16,0,1,1
BRDA:36,1,0,1
BRDA:36,1,1,1
BRDA:40,2,0,1
BRDA:40,2,1,1
BRDA:9,3,0,2
BRDA:9,3,1,0
BRDA:9,4,0,2
BRDA:9,4,1,2
BRF:10
BRH:9
end_of_record
TN:
SF:src\modules\bot-config\dto\upsert-bot-config.dto.ts
FNF:0
FNH:0
DA:1,1
DA:3,1
DA:6,1
DA:10,1
DA:14,1
LF:5
LH:5
BRF:0
BRH:0
end_of_record
TN:
SF:src\modules\campaign\campaign.controller.ts
FN:19,(anonymous_4)
FN:26,(anonymous_5)
FN:44,(anonymous_6)
FN:72,(anonymous_7)
FN:82,(anonymous_8)
FNF:5
FNH:1
FNDA:1,(anonymous_4)
FNDA:0,(anonymous_5)
FNDA:0,(anonymous_6)
FNDA:0,(anonymous_7)
FNDA:0,(anonymous_8)
DA:2,1
DA:11,1
DA:12,1
DA:13,1
DA:14,1
DA:18,1
DA:20,1
DA:21,1
DA:22,1
DA:26,1
DA:27,0
DA:28,0
DA:40,0
DA:44,1
DA:54,0
DA:55,0
DA:57,0
DA:68,0
DA:72,1
DA:73,0
DA:74,0
DA:78,0
DA:82,1
DA:86,0
DA:87,0
DA:92,0
LF:26
LH:13
BRDA:64,0,0,0
BRDA:64,0,1,0
BRDA:65,1,0,0
BRDA:65,1,1,0
BRDA:84,2,0,0
BRDA:20,3,0,1
BRDA:20,3,1,0
BRDA:20,4,0,1
BRDA:20,4,1,1
BRDA:20,5,0,1
BRDA:20,5,1,0
BRDA:20,6,0,1
BRDA:20,6,1,1
BRDA:21,7,0,1
BRDA:21,7,1,0
BRDA:21,8,0,1
BRDA:21,8,1,1
BRF:17
BRH:9
end_of_record
TN:
SF:src\modules\campaign\campaign.module.ts
FNF:0
FNH:0
DA:1,0
DA:2,0
DA:3,0
DA:4,0
DA:5,0
DA:13,0
LF:6
LH:0
BRF:0
BRH:0
end_of_record
TN:
SF:src\modules\campaign\campaign.service.ts
FN:11,(anonymous_4)
FN:16,(anonymous_5)
FN:22,(anonymous_6)
FN:36,(anonymous_7)
FN:40,(anonymous_8)
FN:98,(anonymous_9)
FN:101,(anonymous_10)
FNF:7
FNH:0
FNDA:0,(anonymous_4)
FNDA:0,(anonymous_5)
FNDA:0,(anonymous_6)
FNDA:0,(anonymous_7)
FNDA:0,(anonymous_8)
FNDA:0,(anonymous_9)
FNDA:0,(anonymous_10)
DA:1,1
DA:2,1
DA:3,1
DA:4,1
DA:5,1
DA:8,1
DA:9,0
DA:12,0
DA:13,0
DA:17,0
DA:22,0
DA:24,0
DA:33,0
DA:36,0
DA:45,0
DA:48,0
DA:52,0
DA:53,0
DA:61,0
DA:66,0
DA:71,0
DA:72,0
DA:85,0
DA:91,0
DA:98,0
DA:100,0
DA:101,0
DA:106,0
DA:108,0
DA:109,0
DA:110,0
DA:112,0
DA:132,0
DA:135,0
LF:34
LH:6
BRDA:43,0,0,0
BRDA:52,1,0,0
BRDA:52,1,1,0
BRDA:71,2,0,0
BRDA:71,2,1,0
BRDA:71,3,0,0
BRDA:71,3,1,0
BRDA:12,4,0,1
BRDA:12,4,1,0
BRDA:12,5,0,1
BRDA:12,5,1,1
BRDA:12,6,0,1
BRDA:12,6,1,0
BRDA:12,7,0,1
BRDA:12,7,1,1
BRF:15
BRH:6
end_of_record
TN:
SF:src\modules\conversation\conversation.controller.ts
FN:23,(anonymous_4)
FN:39,(anonymous_5)
FN:56,(anonymous_6)
FN:69,(anonymous_7)
FN:72,(anonymous_8)
FN:84,(anonymous_9)
FN:96,(anonymous_10)
FN:105,(anonymous_11)
FN:119,(anonymous_12)
FNF:9
FNH:3
FNDA:1,(anonymous_4)
FNDA:1,(anonymous_5)
FNDA:0,(anonymous_6)
FNDA:3,(anonymous_7)
FNDA:0,(anonymous_8)
FNDA:0,(anonymous_9)
FNDA:0,(anonymous_10)
FNDA:0,(anonymous_11)
FNDA:0,(anonymous_12)
DA:2,1
DA:12,1
DA:13,1
DA:14,1
DA:15,1
DA:16,1
DA:17,1
DA:18,1
DA:21,1
DA:23,1
DA:29,1
DA:30,1
DA:36,1
DA:39,1
DA:45,1
DA:46,1
DA:52,1
DA:56,1
DA:61,0
DA:66,0
DA:69,3
DA:72,1
DA:76,0
DA:80,0
DA:84,1
DA:88,0
DA:92,0
DA:96,1
DA:97,0
DA:101,0
DA:105,1
DA:110,0
DA:115,0
DA:119,1
DA:123,0
DA:127,0
LF:36
LH:24
BRDA:29,0,0,0
BRDA:29,0,1,1
BRDA:45,1,0,0
BRDA:45,1,1,1
BRDA:59,2,0,1
BRDA:59,2,1,0
BRDA:59,3,0,1
BRDA:59,3,1,1
BRDA:74,4,0,1
BRDA:74,4,1,0
BRDA:74,5,0,1
BRDA:74,5,1,1
BRDA:108,6,0,1
BRDA:108,6,1,0
BRDA:108,7,0,1
BRDA:108,7,1,1
BRDA:69,8,0,1
BRDA:69,8,1,0
BRDA:69,9,0,1
BRDA:69,9,1,1
BRF:20
BRH:14
end_of_record
TN:
SF:src\modules\conversation\conversation.module.ts
FNF:0
FNH:0
DA:1,0
DA:2,0
DA:3,0
DA:4,0
DA:5,0
DA:6,0
DA:7,0
DA:8,0
DA:9,0
DA:17,0
LF:10
LH:0
BRF:0
BRH:0
end_of_record
TN:
SF:src\modules\conversation\conversation.repository.ts
FN:8,(anonymous_2)
FN:10,(anonymous_3)
FNF:2
FNH:0
FNDA:0,(anonymous_2)
FNDA:0,(anonymous_3)
DA:1,3
DA:2,3
DA:7,3
DA:8,0
DA:11,0
DA:13,0
DA:18,0
DA:19,0
DA:21,0
DA:22,0
DA:25,0
DA:26,0
DA:32,0
DA:83,0
DA:84,0
DA:86,0
DA:87,0
DA:88,0
DA:89,0
DA:90,0
DA:94,0
LF:21
LH:3
BRDA:11,0,0,0
BRDA:18,1,0,0
BRDA:18,1,1,0
BRDA:19,2,0,0
BRDA:19,2,1,0
BRDA:21,3,0,0
BRDA:21,3,1,0
BRDA:25,4,0,0
BRDA:25,4,1,0
BRDA:35,5,0,0
BRDA:35,5,1,0
BRDA:86,6,0,0
BRDA:86,6,1,0
BRDA:89,7,0,0
BRDA:89,7,1,0
BRDA:8,8,0,3
BRDA:8,8,1,0
BRDA:8,9,0,3
BRDA:8,9,1,3
BRF:19
BRH:3
end_of_record
TN:
SF:src\modules\conversation\conversation.service.ts
FN:41,(anonymous_13)
FN:145,(anonymous_14)
FN:156,(anonymous_15)
FN:173,(anonymous_16)
FN:197,(anonymous_17)
FN:219,(anonymous_18)
FN:265,(anonymous_19)
FN:309,(anonymous_20)
FN:364,(anonymous_21)
FN:376,(anonymous_22)
FN:391,(anonymous_23)
FNF:11
FNH:4
FNDA:2,(anonymous_13)
FNDA:4,(anonymous_14)
FNDA:0,(anonymous_15)
FNDA:0,(anonymous_16)
FNDA:2,(anonymous_17)
FNDA:1,(anonymous_18)
FNDA:0,(anonymous_19)
FNDA:0,(anonymous_20)
FNDA:0,(anonymous_21)
FNDA:0,(anonymous_22)
FNDA:0,(anonymous_23)
DA:2,3
DA:3,3
DA:4,3
DA:14,3
DA:15,3
DA:17,3
DA:19,3
DA:20,3
DA:21,3
DA:22,3
DA:40,3
DA:46,2
DA:50,2
DA:51,0
DA:60,2
DA:61,2
DA:64,2
DA:69,2
DA:83,2
DA:85,1
DA:86,1
DA:88,1
DA:102,2
DA:105,2
DA:117,2
DA:118,2
DA:124,2
DA:125,0
DA:133,0
DA:137,0
DA:140,2
DA:143,4
DA:146,4
DA:147,4
DA:148,4
DA:149,4
DA:151,4
DA:152,4
DA:153,4
DA:157,0
DA:161,0
DA:163,0
DA:164,0
DA:165,0
DA:168,0
DA:173,0
DA:175,0
DA:192,0
DA:193,0
DA:194,0
DA:203,2
DA:208,2
DA:209,1
DA:216,1
DA:225,1
DA:245,1
DA:246,1
DA:248,1
DA:249,0
DA:250,0
DA:251,0
DA:252,0
DA:256,1
DA:266,0
DA:267,0
DA:271,0
DA:272,0
DA:279,0
DA:280,0
DA:288,0
DA:292,0
DA:293,0
DA:301,0
DA:307,0
DA:309,0
DA:313,0
DA:314,0
DA:315,0
DA:319,0
DA:320,0
DA:322,0
DA:323,0
DA:329,0
DA:332,0
DA:340,0
DA:341,0
DA:347,0
DA:357,0
DA:365,0
DA:370,0
DA:371,0
DA:373,0
DA:377,0
DA:381,0
DA:382,0
DA:385,0
DA:392,0
DA:396,0
DA:397,0
DA:400,0
LF:100
LH:44
BRDA:50,0,0,0
BRDA:50,0,1,2
BRDA:60,1,0,2
BRDA:60,1,1,0
BRDA:64,2,0,2
BRDA:64,2,1,2
BRDA:64,2,2,2
BRDA:72,3,0,1
BRDA:72,3,1,1
BRDA:73,4,0,1
BRDA:73,4,1,1
BRDA:83,5,0,1
BRDA:83,5,1,1
BRDA:124,6,0,0
BRDA:124,6,1,2
BRDA:164,7,0,0
BRDA:164,7,1,0
BRDA:183,8,0,0
BRDA:183,8,1,0
BRDA:186,9,0,0
BRDA:186,9,1,0
BRDA:187,10,0,0
BRDA:187,10,1,0
BRDA:188,11,0,0
BRDA:188,11,1,0
BRDA:201,12,0,2
BRDA:208,13,0,1
BRDA:208,13,1,1
BRDA:223,14,0,0
BRDA:228,15,0,1
BRDA:228,15,1,0
BRDA:248,16,0,0
BRDA:248,16,1,1
BRDA:251,17,0,0
BRDA:251,17,1,0
BRDA:271,18,0,0
BRDA:271,18,1,0
BRDA:279,19,0,0
BRDA:279,19,1,0
BRDA:292,20,0,0
BRDA:292,20,1,0
BRDA:292,21,0,0
BRDA:292,21,1,0
BRDA:322,22,0,0
BRDA:322,22,1,0
BRDA:330,23,0,0
BRDA:330,23,1,0
BRDA:340,24,0,0
BRDA:340,24,1,0
BRDA:340,25,0,0
BRDA:340,25,1,0
BRDA:370,26,0,0
BRDA:370,26,1,0
BRDA:381,27,0,0
BRDA:381,27,1,0
BRDA:396,28,0,0
BRDA:396,28,1,0
BRDA:146,29,0,3
BRDA:146,29,1,0
BRDA:146,30,0,3
BRDA:146,30,1,3
BRDA:146,31,0,3
BRDA:146,31,1,0
BRDA:146,32,0,3
BRDA:146,32,1,3
BRDA:147,33,0,3
BRDA:147,33,1,0
BRDA:147,34,0,3
BRDA:147,34,1,3
BRDA:148,35,0,3
BRDA:148,35,1,0
BRDA:148,36,0,3
BRDA:148,36,1,3
BRDA:152,37,0,3
BRDA:152,37,1,0
BRDA:152,38,0,3
BRDA:152,38,1,3
BRF:77
BRH:32
end_of_record
TN:
SF:src\modules\conversation\dto\get-conversations.dto.ts
FNF:0
FNH:0
DA:1,1
DA:2,1
DA:3,1
DA:5,1
DA:8,1
DA:12,1
DA:16,1
DA:20,1
LF:8
LH:8
BRDA:8,0,0,0
BRDA:8,0,1,1
BRDA:8,1,0,1
BRDA:8,1,1,1
BRDA:12,2,0,0
BRDA:12,2,1,1
BRDA:12,3,0,1
BRDA:12,3,1,1
BRDA:16,4,0,0
BRDA:16,4,1,1
BRDA:16,5,0,1
BRDA:16,5,1,1
BRF:12
BRH:9
end_of_record
TN:
SF:src\modules\conversation\dto\get-messages-by-phone.dto.ts
FNF:0
FNH:0
DA:1,0
DA:3,0
LF:2
LH:0
BRF:0
BRH:0
end_of_record
TN:
SF:src\modules\conversation\dto\send-message.dto.ts
FNF:0
FNH:0
DA:1,1
DA:3,1
DA:6,1
LF:3
LH:3
BRF:0
BRH:0
end_of_record
TN:
SF:src\modules\conversation\dto\update-ai-mode.dto.ts
FNF:0
FNH:0
DA:1,1
DA:2,1
DA:4,1
DA:6,1
LF:4
LH:4
BRDA:6,0,0,0
BRDA:6,0,1,1
BRDA:6,1,0,1
BRDA:6,1,1,1
BRF:4
BRH:3
end_of_record
TN:
SF:src\modules\dashboard\dashboard.controller.ts
FN:10,(anonymous_4)
FN:13,(anonymous_5)
FNF:2
FNH:0
FNDA:0,(anonymous_4)
FNDA:0,(anonymous_5)
DA:1,0
DA:2,0
DA:3,0
DA:4,0
DA:5,0
DA:9,0
DA:10,0
DA:13,0
DA:14,0
DA:15,0
LF:10
LH:0
BRDA:10,0,0,0
BRDA:10,0,1,0
BRDA:10,1,0,0
BRDA:10,1,1,0
BRF:4
BRH:0
end_of_record
TN:
SF:src\modules\dashboard\dashboard.module.ts
FNF:0
FNH:0
DA:1,0
DA:2,0
DA:3,0
DA:9,0
LF:4
LH:0
BRF:0
BRH:0
end_of_record
TN:
SF:src\modules\dashboard\dashboard.service.ts
FN:9,(anonymous_2)
FN:16,(anonymous_3)
FN:153,(anonymous_4)
FN:183,(anonymous_5)
FNF:4
FNH:0
FNDA:0,(anonymous_2)
FNDA:0,(anonymous_3)
FNDA:0,(anonymous_4)
FNDA:0,(anonymous_5)
DA:1,0
DA:2,0
DA:3,0
DA:4,0
DA:5,0
DA:8,0
DA:10,0
DA:11,0
DA:12,0
DA:13,0
DA:18,0
DA:20,0
DA:21,0
DA:22,0
DA:25,0
DA:26,0
DA:28,0
DA:29,0
DA:31,0
DA:42,0
DA:133,0
DA:134,0
DA:136,0
DA:137,0
DA:140,0
DA:148,0
DA:153,0
DA:159,0
DA:160,0
DA:161,0
DA:166,0
DA:178,0
DA:180,0
DA:184,0
DA:193,0
LF:35
LH:0
BRDA:21,0,0,0
BRDA:21,0,1,0
BRDA:134,1,0,0
BRDA:134,1,1,0
BRDA:134,2,0,0
BRDA:134,2,1,0
BRDA:141,3,0,0
BRDA:141,3,1,0
BRDA:142,4,0,0
BRDA:142,4,1,0
BRDA:155,5,0,0
BRDA:155,5,1,0
BRDA:160,6,0,0
BRDA:160,6,1,0
BRDA:160,7,0,0
BRDA:160,7,1,0
BRDA:193,8,0,0
BRDA:193,8,1,0
BRDA:10,9,0,0
BRDA:10,9,1,0
BRDA:10,10,0,0
BRDA:10,10,1,0
BRDA:10,11,0,0
BRDA:10,11,1,0
BRDA:10,12,0,0
BRDA:10,12,1,0
BRDA:11,13,0,0
BRDA:11,13,1,0
BRDA:11,14,0,0
BRDA:11,14,1,0
BRDA:12,15,0,0
BRDA:12,15,1,0
BRDA:12,16,0,0
BRDA:12,16,1,0
BRF:34
BRH:0
end_of_record
TN:
SF:src\modules\device\device.controller.ts
FN:8,(anonymous_4)
FN:11,(anonymous_5)
FNF:2
FNH:0
FNDA:0,(anonymous_4)
FNDA:0,(anonymous_5)
DA:1,0
DA:2,0
DA:3,0
DA:4,0
DA:7,0
DA:8,0
DA:11,0
DA:12,0
DA:13,0
LF:9
LH:0
BRDA:11,0,0,0
BRDA:11,0,1,0
BRDA:11,1,0,0
BRDA:11,1,1,0
BRDA:8,2,0,0
BRDA:8,2,1,0
BRDA:8,3,0,0
BRDA:8,3,1,0
BRF:8
BRH:0
end_of_record
TN:
SF:src\modules\device\device.module.ts
FNF:0
FNH:0
DA:1,0
DA:2,0
DA:3,0
DA:4,0
DA:12,0
LF:5
LH:0
BRF:0
BRH:0
end_of_record
TN:
SF:src\modules\device\device.service.ts
FN:10,(anonymous_11)
FN:12,(anonymous_12)
FNF:2
FNH:0
FNDA:0,(anonymous_11)
FNDA:0,(anonymous_12)
DA:1,0
DA:2,0
DA:4,0
DA:7,0
DA:8,0
DA:10,0
DA:13,0
DA:17,0
DA:21,0
DA:22,0
DA:25,0
DA:30,0
LF:12
LH:0
BRDA:21,0,0,0
BRDA:21,0,1,0
BRDA:10,1,0,0
BRDA:10,1,1,0
BRDA:10,2,0,0
BRDA:10,2,1,0
BRF:6
BRH:0
end_of_record
TN:
SF:src\modules\device\dto\create-device.dto.ts
FNF:0
FNH:0
DA:2,0
DA:4,0
DA:7,0
DA:11,0
LF:4
LH:0
BRF:0
BRH:0
end_of_record
TN:
SF:src\modules\follow-up\follow-up.controller.ts
FN:25,(anonymous_4)
FN:28,(anonymous_5)
FN:40,(anonymous_6)
FN:54,(anonymous_7)
FN:63,(anonymous_8)
FN:73,(anonymous_9)
FNF:6
FNH:0
FNDA:0,(anonymous_4)
FNDA:0,(anonymous_5)
FNDA:0,(anonymous_6)
FNDA:0,(anonymous_7)
FNDA:0,(anonymous_8)
FNDA:0,(anonymous_9)
DA:2,0
DA:13,0
DA:14,0
DA:15,0
DA:16,0
DA:17,0
DA:18,0
DA:19,0
DA:20,0
DA:24,0
DA:25,0
DA:28,0
DA:32,0
DA:36,0
DA:40,0
DA:45,0
DA:50,0
DA:54,0
DA:58,0
DA:59,0
DA:63,0
DA:68,0
DA:69,0
DA:73,0
DA:74,0
DA:75,0
LF:26
LH:0
BRDA:30,0,0,0
BRDA:30,0,1,0
BRDA:30,1,0,0
BRDA:30,1,1,0
BRDA:43,2,0,0
BRDA:43,2,1,0
BRDA:43,3,0,0
BRDA:43,3,1,0
BRDA:66,4,0,0
BRDA:66,4,1,0
BRDA:66,5,0,0
BRDA:66,5,1,0
BRDA:25,6,0,0
BRDA:25,6,1,0
BRDA:25,7,0,0
BRDA:25,7,1,0
BRF:16
BRH:0
end_of_record
TN:
SF:src\modules\follow-up\follow-up.module.ts
FNF:0
FNH:0
DA:1,0
DA:2,0
DA:3,0
DA:4,0
DA:5,0
DA:13,0
LF:6
LH:0
BRF:0
BRH:0
end_of_record
TN:
SF:src\modules\follow-up\follow-up.service.ts
FN:13,(anonymous_11)
FN:18,(anonymous_12)
FN:65,(anonymous_13)
FN:88,(anonymous_14)
FN:111,(anonymous_15)
FN:137,(anonymous_16)
FN:166,(anonymous_17)
FN:189,(anonymous_18)
FNF:8
FNH:0
FNDA:0,(anonymous_11)
FNDA:0,(anonymous_12)
FNDA:0,(anonymous_13)
FNDA:0,(anonymous_14)
FNDA:0,(anonymous_15)
FNDA:0,(anonymous_16)
FNDA:0,(anonymous_17)
FNDA:0,(anonymous_18)
DA:1,0
DA:2,0
DA:3,0
DA:7,0
DA:8,0
DA:9,0
DA:12,0
DA:14,0
DA:15,0
DA:19,0
DA:23,0
DA:25,0
DA:26,0
DA:27,0
DA:33,0
DA:35,0
DA:36,0
DA:37,0
DA:40,0
DA:58,0
DA:59,0
DA:60,0
DA:61,0
DA:62,0
DA:65,0
DA:76,0
DA:84,0
DA:85,0
DA:93,0
DA:106,0
DA:108,0
DA:112,0
DA:116,0
DA:117,0
DA:123,0
DA:132,0
DA:134,0
DA:138,0
DA:142,0
DA:143,0
DA:149,0
DA:158,0
DA:160,0
DA:167,0
DA:171,0
DA:172,0
DA:178,0
DA:183,0
DA:185,0
DA:189,0
DA:190,0
DA:191,0
DA:194,0
DA:205,0
LF:54
LH:0
BRDA:26,0,0,0
BRDA:26,0,1,0
BRDA:33,1,0,0
BRDA:36,2,0,0
BRDA:36,2,1,0
BRDA:43,3,0,0
BRDA:43,3,1,0
BRDA:60,4,0,0
BRDA:60,4,1,0
BRDA:73,5,0,0
BRDA:73,5,1,0
BRDA:116,6,0,0
BRDA:116,6,1,0
BRDA:142,7,0,0
BRDA:142,7,1,0
BRDA:171,8,0,0
BRDA:171,8,1,0
BRDA:14,9,0,0
BRDA:14,9,1,0
BRDA:14,10,0,0
BRDA:14,10,1,0
BRDA:14,11,0,0
BRDA:14,11,1,0
BRDA:14,12,0,0
BRDA:14,12,1,0
BRF:25
BRH:0
end_of_record
TN:
SF:src\modules\follow-up\dto\create-follow-up.dto.ts
FN:14,(anonymous_2)
FNF:1
FNH:0
FNDA:0,(anonymous_2)
DA:1,0
DA:2,0
DA:3,0
DA:5,0
DA:8,0
DA:12,0
DA:14,0
DA:16,0
DA:20,0
LF:9
LH:0
BRDA:16,0,0,0
BRDA:16,0,1,0
BRDA:16,1,0,0
BRDA:16,1,1,0
BRDA:20,2,0,0
BRDA:20,2,1,0
BRDA:20,3,0,0
BRDA:20,3,1,0
BRF:8
BRH:0
end_of_record
TN:
SF:src\modules\follow-up\dto\get-follow-ups.dto.ts
FNF:0
FNH:0
DA:1,0
DA:2,0
DA:3,0
DA:5,0
DA:8,0
LF:5
LH:0
BRDA:8,0,0,0
BRDA:8,0,1,0
BRDA:8,1,0,0
BRDA:8,1,1,0
BRF:4
BRH:0
end_of_record
TN:
SF:src\modules\follow-up\dto\snooze-follow-up.dto.ts
FN:5,(anonymous_2)
FNF:1
FNH:0
FNDA:0,(anonymous_2)
DA:1,0
DA:2,0
DA:4,0
DA:5,0
DA:8,0
LF:5
LH:0
BRDA:8,0,0,0
BRDA:8,0,1,0
BRDA:8,1,0,0
BRDA:8,1,1,0
BRF:4
BRH:0
end_of_record
TN:
SF:src\modules\knowledge\knowledge.controller.ts
FN:28,(anonymous_4)
FN:31,(anonymous_5)
FN:43,(anonymous_6)
FN:48,(anonymous_7)
FN:53,(anonymous_8)
FN:67,(anonymous_9)
FNF:6
FNH:6
FNDA:5,(anonymous_4)
FNDA:1,(anonymous_5)
FNDA:1,(anonymous_6)
FNDA:1,(anonymous_7)
FNDA:1,(anonymous_8)
FNDA:1,(anonymous_9)
DA:1,1
DA:11,1
DA:12,1
DA:13,1
DA:27,1
DA:28,5
DA:31,1
DA:35,1
DA:43,1
DA:44,1
DA:48,1
DA:49,1
DA:53,1
DA:58,1
DA:67,1
DA:68,1
LF:16
LH:16
BRDA:28,0,0,1
BRDA:28,0,1,0
BRDA:28,1,0,1
BRDA:28,1,1,1
BRF:4
BRH:3
end_of_record
TN:
SF:src\modules\knowledge\knowledge.module.ts
FNF:0
FNH:0
DA:1,0
DA:2,0
DA:3,0
DA:4,0
DA:5,0
DA:13,0
LF:6
LH:0
BRF:0
BRH:0
end_of_record
TN:
SF:src\modules\knowledge\knowledge.service.ts
FN:9,(anonymous_4)
FN:14,(anonymous_5)
FN:43,(anonymous_6)
FN:50,(anonymous_7)
FN:62,(anonymous_8)
FN:96,(anonymous_9)
FN:105,(anonymous_10)
FN:138,(anonymous_11)
FNF:8
FNH:8
FNDA:10,(anonymous_4)
FNDA:1,(anonymous_5)
FNDA:1,(anonymous_6)
FNDA:6,(anonymous_7)
FNDA:2,(anonymous_8)
FNDA:2,(anonymous_9)
FNDA:2,(anonymous_10)
FNDA:2,(anonymous_11)
DA:1,3
DA:2,3
DA:6,3
DA:7,10
DA:10,10
DA:11,10
DA:15,1
DA:23,1
DA:24,1
DA:29,1
DA:35,0
DA:40,1
DA:44,1
DA:51,6
DA:55,6
DA:56,3
DA:59,3
DA:64,2
DA:66,1
DA:74,1
DA:75,1
DA:76,1
DA:81,1
DA:87,0
DA:93,1
DA:98,2
DA:100,1
DA:110,2
DA:111,2
DA:116,2
DA:118,2
DA:138,2
DA:140,1
DA:143,1
LF:34
LH:32
BRDA:36,0,0,0
BRDA:36,0,1,0
BRDA:55,1,0,3
BRDA:55,1,1,3
BRDA:69,2,0,1
BRDA:69,2,1,1
BRDA:70,3,0,1
BRDA:70,3,1,1
BRDA:74,4,0,1
BRDA:74,4,1,0
BRDA:88,5,0,0
BRDA:88,5,1,0
BRDA:108,6,0,2
BRDA:141,7,0,1
BRDA:141,7,1,0
BRDA:10,8,0,3
BRDA:10,8,1,0
BRDA:10,9,0,3
BRDA:10,9,1,3
BRF:19
BRH:12
end_of_record
TN:
SF:src\modules\lead\hot-lead.service.ts
FN:43,(anonymous_13)
FN:55,(anonymous_14)
FN:121,(anonymous_15)
FN:130,(anonymous_16)
FN:144,(anonymous_17)
FN:200,(anonymous_18)
FN:235,(anonymous_19)
FN:285,(anonymous_20)
FN:300,(anonymous_21)
FNF:9
FNH:7
FNDA:7,(anonymous_13)
FNDA:0,(anonymous_14)
FNDA:11,(anonymous_15)
FNDA:69,(anonymous_16)
FNDA:3,(anonymous_17)
FNDA:3,(anonymous_18)
FNDA:2,(anonymous_19)
FNDA:4,(anonymous_20)
FNDA:0,(anonymous_21)
DA:2,1
DA:3,1
DA:4,1
DA:6,1
DA:7,1
DA:8,1
DA:9,1
DA:10,1
DA:11,1
DA:12,1
DA:13,1
DA:16,1
DA:17,7
DA:20,7
DA:44,7
DA:45,7
DA:46,7
DA:47,7
DA:48,7
DA:56,0
DA:60,0
DA:62,0
DA:63,0
DA:64,0
DA:70,0
DA:71,0
DA:72,0
DA:73,0
DA:75,0
DA:78,0
DA:98,0
DA:99,0
DA:101,0
DA:102,0
DA:103,0
DA:104,0
DA:105,0
DA:109,0
DA:117,0
DA:118,0
DA:122,11
DA:125,11
DA:126,3
DA:130,8
DA:131,69
DA:135,8
DA:137,8
DA:148,3
DA:150,3
DA:151,0
DA:154,0
DA:158,3
DA:162,3
DA:163,0
DA:166,0
DA:170,3
DA:171,0
DA:174,0
DA:178,3
DA:179,0
DA:180,0
DA:181,0
DA:184,0
DA:190,3
DA:192,3
DA:198,3
DA:200,3
DA:202,3
DA:204,3
DA:207,3
DA:209,1
DA:213,1
DA:217,2
DA:228,2
DA:229,2
DA:232,2
DA:241,2
DA:244,2
DA:245,0
DA:249,2
DA:253,2
DA:254,2
DA:257,2
DA:262,2
DA:263,1
DA:272,1
DA:277,1
DA:279,1
DA:286,4
DA:288,1
DA:290,0
DA:292,3
DA:294,0
DA:296,0
DA:301,0
DA:305,0
DA:306,0
DA:309,0
DA:318,0
DA:319,0
DA:321,0
LF:101
LH:59
BRDA:63,0,0,0
BRDA:63,0,1,0
BRDA:70,1,0,0
BRDA:72,2,0,0
BRDA:72,2,1,0
BRDA:81,3,0,0
BRDA:81,3,1,0
BRDA:101,4,0,0
BRDA:101,4,1,0
BRDA:104,5,0,0
BRDA:104,5,1,0
BRDA:125,6,0,3
BRDA:125,6,1,8
BRDA:125,7,0,11
BRDA:125,7,1,4
BRDA:137,8,0,8
BRDA:137,8,1,2
BRDA:150,9,0,0
BRDA:150,9,1,3
BRDA:162,10,0,0
BRDA:162,10,1,3
BRDA:170,11,0,0
BRDA:170,11,1,3
BRDA:178,12,0,0
BRDA:178,12,1,3
BRDA:180,13,0,0
BRDA:180,13,1,0
BRDA:211,14,0,1
BRDA:211,14,1,0
BRDA:241,15,0,2
BRDA:241,15,1,0
BRDA:244,16,0,0
BRDA:244,16,1,2
BRDA:254,17,0,1
BRDA:254,17,1,1
BRDA:262,18,0,1
BRDA:262,18,1,1
BRDA:262,19,0,2
BRDA:262,19,1,1
BRDA:286,20,0,1
BRDA:286,20,1,0
BRDA:286,20,2,3
BRDA:286,20,3,0
BRDA:286,20,4,0
BRDA:305,21,0,0
BRDA:305,21,1,0
BRDA:45,22,0,1
BRDA:45,22,1,0
BRDA:45,23,0,1
BRDA:45,23,1,1
BRDA:45,24,0,1
BRDA:45,24,1,0
BRDA:45,25,0,1
BRDA:45,25,1,1
BRDA:46,26,0,1
BRDA:46,26,1,0
BRDA:46,27,0,1
BRDA:46,27,1,1
BRDA:47,28,0,1
BRDA:47,28,1,0
BRDA:47,29,0,1
BRDA:47,29,1,1
BRF:62
BRH:33
end_of_record
TN:
SF:src\modules\lead\lead.controller.ts
FN:21,(anonymous_4)
FN:24,(anonymous_5)
FN:36,(anonymous_6)
FNF:3
FNH:0
FNDA:0,(anonymous_4)
FNDA:0,(anonymous_5)
FNDA:0,(anonymous_6)
DA:2,0
DA:11,0
DA:12,0
DA:13,0
DA:14,0
DA:15,0
DA:16,0
DA:20,0
DA:21,0
DA:24,0
DA:28,0
DA:32,0
DA:36,0
DA:41,0
DA:46,0
LF:15
LH:0
BRDA:26,0,0,0
BRDA:26,0,1,0
BRDA:26,1,0,0
BRDA:26,1,1,0
BRDA:39,2,0,0
BRDA:39,2,1,0
BRDA:39,3,0,0
BRDA:39,3,1,0
BRDA:21,4,0,0
BRDA:21,4,1,0
BRDA:21,5,0,0
BRDA:21,5,1,0
BRF:12
BRH:0
end_of_record
TN:
SF:src\modules\lead\lead.module.ts
FNF:0
FNH:0
DA:1,0
DA:2,0
DA:3,0
DA:4,0
DA:5,0
DA:6,0
DA:7,0
DA:8,0
DA:9,0
DA:10,0
DA:33,0
LF:11
LH:0
BRF:0
BRH:0
end_of_record
TN:
SF:src\modules\lead\dto\get-leads.dto.ts
FNF:0
FNH:0
DA:1,0
DA:2,0
DA:3,0
DA:5,0
DA:8,0
LF:5
LH:0
BRDA:8,0,0,0
BRDA:8,0,1,0
BRDA:8,1,0,0
BRDA:8,1,1,0
BRF:4
BRH:0
end_of_record
TN:
SF:src\modules\lead\dto\lead-analysis.dto.ts
FNF:0
FNH:0
DA:1,1
DA:2,1
DA:4,1
LF:3
LH:3
BRF:0
BRH:0
end_of_record
TN:
SF:src\modules\lead\queue\ai-analysis.processor.ts
FN:21,(anonymous_2)
FN:29,(anonymous_3)
FN:60,(anonymous_4)
FN:68,(anonymous_5)
FN:69,(anonymous_6)
FN:105,(anonymous_7)
FNF:6
FNH:0
FNDA:0,(anonymous_2)
FNDA:0,(anonymous_3)
FNDA:0,(anonymous_4)
FNDA:0,(anonymous_5)
FNDA:0,(anonymous_6)
FNDA:0,(anonymous_7)
DA:1,0
DA:2,0
DA:3,0
DA:4,0
DA:5,0
DA:7,0
DA:8,0
DA:9,0
DA:18,0
DA:19,0
DA:22,0
DA:23,0
DA:24,0
DA:26,0
DA:32,0
DA:34,0
DA:35,0
DA:36,0
DA:40,0
DA:41,0
DA:42,0
DA:44,0
DA:45,0
DA:48,0
DA:49,0
DA:50,0
DA:53,0
DA:54,0
DA:57,0
DA:60,0
DA:61,0
DA:63,0
DA:66,0
DA:68,0
DA:69,0
DA:70,0
DA:76,0
DA:77,0
DA:82,0
DA:85,0
DA:86,0
DA:89,0
DA:90,0
DA:93,0
DA:96,0
DA:100,0
DA:105,0
DA:106,0
DA:110,0
DA:112,0
LF:50
LH:0
BRDA:34,0,0,0
BRDA:34,0,1,0
BRDA:34,1,0,0
BRDA:34,1,1,0
BRDA:34,1,2,0
BRDA:44,2,0,0
BRDA:44,2,1,0
BRDA:48,3,0,0
BRDA:48,3,1,0
BRDA:85,4,0,0
BRDA:85,4,1,0
BRDA:94,5,0,0
BRDA:94,5,1,0
BRDA:106,6,0,0
BRDA:106,6,1,0
BRDA:107,7,0,0
BRDA:107,7,1,0
BRDA:105,8,0,0
BRDA:105,8,1,0
BRDA:105,9,0,0
BRDA:105,9,1,0
BRDA:105,10,0,0
BRDA:105,10,1,0
BRDA:105,11,0,0
BRDA:105,11,1,0
BRDA:22,12,0,0
BRDA:22,12,1,0
BRDA:22,13,0,0
BRDA:22,13,1,0
BRDA:22,14,0,0
BRDA:22,14,1,0
BRDA:22,15,0,0
BRDA:22,15,1,0
BRDA:23,16,0,0
BRDA:23,16,1,0
BRDA:23,17,0,0
BRDA:23,17,1,0
BRF:37
BRH:0
end_of_record
TN:
SF:src\modules\lead\queue\hot-lead.processor.ts
FN:18,(anonymous_4)
FN:31,(anonymous_5)
FN:42,(anonymous_6)
FNF:3
FNH:3
FNDA:1,(anonymous_4)
FNDA:1,(anonymous_5)
FNDA:1,(anonymous_6)
DA:1,1
DA:2,1
DA:4,1
DA:6,1
DA:7,1
DA:8,1
DA:9,1
DA:10,1
DA:12,1
DA:15,1
DA:16,1
DA:19,1
DA:20,1
DA:21,1
DA:22,1
DA:23,1
DA:25,1
DA:26,1
DA:28,1
DA:33,1
DA:35,1
DA:36,0
DA:37,0
DA:42,1
DA:43,1
DA:44,1
DA:46,1
DA:50,1
DA:51,0
DA:52,0
DA:56,1
DA:60,1
DA:61,0
DA:62,0
DA:67,1
DA:72,1
DA:73,0
DA:76,0
DA:79,1
DA:81,1
DA:83,1
DA:86,1
DA:88,1
DA:89,1
DA:91,1
DA:92,0
DA:96,1
DA:98,1
DA:99,1
DA:104,1
DA:107,1
DA:109,0
DA:115,0
DA:121,1
DA:122,0
DA:131,1
DA:137,1
LF:57
LH:45
BRDA:35,0,0,0
BRDA:35,0,1,1
BRDA:35,1,0,1
BRDA:35,1,1,1
BRDA:50,2,0,0
BRDA:50,2,1,1
BRDA:60,3,0,0
BRDA:60,3,1,1
BRDA:60,4,0,1
BRDA:60,4,1,0
BRDA:72,5,0,0
BRDA:72,5,1,1
BRDA:79,6,0,1
BRDA:79,6,1,0
BRDA:81,7,0,1
BRDA:81,7,1,1
BRDA:86,8,0,1
BRDA:86,8,1,0
BRDA:91,9,0,0
BRDA:91,9,1,1
BRDA:110,10,0,0
BRDA:110,10,1,0
BRDA:121,11,0,0
BRDA:121,11,1,1
BRDA:121,12,0,1
BRDA:121,12,1,0
BRDA:19,13,0,1
BRDA:19,13,1,0
BRDA:19,14,0,1
BRDA:19,14,1,1
BRDA:19,15,0,1
BRDA:19,15,1,0
BRDA:19,16,0,1
BRDA:19,16,1,1
BRDA:20,17,0,1
BRDA:20,17,1,0
BRDA:20,18,0,1
BRDA:20,18,1,1
BRDA:21,19,0,1
BRDA:21,19,1,0
BRDA:21,20,0,1
BRDA:21,20,1,1
BRDA:22,21,0,1
BRDA:22,21,1,0
BRDA:22,22,0,1
BRDA:22,22,1,1
BRDA:23,23,0,1
BRDA:23,23,1,0
BRDA:23,24,0,1
BRDA:23,24,1,1
BRF:50
BRH:32
end_of_record
TN:
SF:src\modules\settings\settings.controller.ts
FN:25,(anonymous_4)
FN:28,(anonymous_5)
FN:34,(anonymous_6)
FN:40,(anonymous_7)
FN:49,(anonymous_8)
FN:55,(anonymous_9)
FN:67,(anonymous_10)
FN:73,(anonymous_11)
FN:82,(anonymous_12)
FN:91,(anonymous_13)
FN:97,(anonymous_14)
FN:106,(anonymous_15)
FN:120,(anonymous_16)
FN:129,(anonymous_17)
FNF:14
FNH:0
FNDA:0,(anonymous_4)
FNDA:0,(anonymous_5)
FNDA:0,(anonymous_6)
FNDA:0,(anonymous_7)
FNDA:0,(anonymous_8)
FNDA:0,(anonymous_9)
FNDA:0,(anonymous_10)
FNDA:0,(anonymous_11)
FNDA:0,(anonymous_12)
FNDA:0,(anonymous_13)
FNDA:0,(anonymous_14)
FNDA:0,(anonymous_15)
FNDA:0,(anonymous_16)
FNDA:0,(anonymous_17)
DA:1,0
DA:11,0
DA:12,0
DA:13,0
DA:14,0
DA:20,0
DA:24,0
DA:25,0
DA:28,0
DA:29,0
DA:30,0
DA:34,0
DA:35,0
DA:36,0
DA:40,0
DA:44,0
DA:45,0
DA:49,0
DA:50,0
DA:51,0
DA:55,0
DA:59,0
DA:63,0
DA:67,0
DA:68,0
DA:69,0
DA:73,0
DA:77,0
DA:78,0
DA:82,0
DA:86,0
DA:87,0
DA:91,0
DA:92,0
DA:93,0
DA:97,0
DA:101,0
DA:102,0
DA:106,0
DA:111,0
DA:116,0
DA:120,0
DA:124,0
DA:125,0
DA:129,0
DA:130,0
DA:131,0
LF:47
LH:0
BRDA:42,0,0,0
BRDA:42,0,1,0
BRDA:42,1,0,0
BRDA:42,1,1,0
BRDA:57,2,0,0
BRDA:57,2,1,0
BRDA:57,3,0,0
BRDA:57,3,1,0
BRDA:75,4,0,0
BRDA:75,4,1,0
BRDA:75,5,0,0
BRDA:75,5,1,0
BRDA:99,6,0,0
BRDA:99,6,1,0
BRDA:99,7,0,0
BRDA:99,7,1,0
BRDA:109,8,0,0
BRDA:109,8,1,0
BRDA:109,9,0,0
BRDA:109,9,1,0
BRDA:25,10,0,0
BRDA:25,10,1,0
BRDA:25,11,0,0
BRDA:25,11,1,0
BRF:24
BRH:0
end_of_record
TN:
SF:src\modules\settings\settings.dto.ts
FNF:0
FNH:0
DA:2,0
DA:4,0
DA:7,0
DA:11,0
DA:15,0
DA:19,0
DA:23,0
DA:26,0
DA:29,0
DA:33,0
DA:37,0
DA:41,0
DA:45,0
DA:49,0
DA:52,0
DA:54,0
DA:58,0
DA:61,0
DA:63,0
DA:66,0
DA:70,0
LF:21
LH:0
BRF:0
BRH:0
end_of_record
TN:
SF:src\modules\settings\settings.module.ts
FNF:0
FNH:0
DA:1,0
DA:2,0
DA:3,0
DA:10,0
LF:4
LH:0
BRF:0
BRH:0
end_of_record
TN:
SF:src\modules\settings\settings.service.ts
FN:14,(anonymous_2)
FN:16,(anonymous_3)
FN:23,(anonymous_4)
FN:40,(anonymous_5)
FN:53,(anonymous_6)
FN:65,(anonymous_7)
FN:76,(anonymous_8)
FN:83,(anonymous_9)
FN:95,(anonymous_10)
FN:102,(anonymous_11)
FN:109,(anonymous_12)
FN:121,(anonymous_13)
FN:134,(anonymous_14)
FN:141,(anonymous_15)
FNF:14
FNH:0
FNDA:0,(anonymous_2)
FNDA:0,(anonymous_3)
FNDA:0,(anonymous_4)
FNDA:0,(anonymous_5)
FNDA:0,(anonymous_6)
FNDA:0,(anonymous_7)
FNDA:0,(anonymous_8)
FNDA:0,(anonymous_9)
FNDA:0,(anonymous_10)
FNDA:0,(anonymous_11)
FNDA:0,(anonymous_12)
FNDA:0,(anonymous_13)
FNDA:0,(anonymous_14)
FNDA:0,(anonymous_15)
DA:2,0
DA:3,0
DA:4,0
DA:13,0
DA:14,0
DA:17,0
DA:20,0
DA:24,0
DA:27,0
DA:28,0
DA:37,0
DA:41,0
DA:54,0
DA:57,0
DA:58,0
DA:62,0
DA:69,0
DA:77,0
DA:84,0
DA:96,0
DA:99,0
DA:103,0
DA:110,0
DA:122,0
DA:125,0
DA:126,0
DA:128,0
DA:135,0
DA:138,0
DA:142,0
LF:30
LH:0
BRDA:20,0,0,0
BRDA:20,0,1,0
BRDA:27,1,0,0
BRDA:27,1,1,0
BRDA:46,2,0,0
BRDA:46,2,1,0
BRDA:47,3,0,0
BRDA:47,3,1,0
BRDA:48,4,0,0
BRDA:48,4,1,0
BRDA:57,5,0,0
BRDA:57,5,1,0
BRDA:89,6,0,0
BRDA:89,6,1,0
BRDA:115,7,0,0
BRDA:115,7,1,0
BRDA:125,8,0,0
BRDA:125,8,1,0
BRDA:14,9,0,0
BRDA:14,9,1,0
BRDA:14,10,0,0
BRDA:14,10,1,0
BRF:22
BRH:0
end_of_record
TN:
SF:src\modules\tenant\tenant.controller.ts
FN:8,(anonymous_4)
FN:11,(anonymous_5)
FNF:2
FNH:0
FNDA:0,(anonymous_4)
FNDA:0,(anonymous_5)
DA:1,0
DA:2,0
DA:3,0
DA:4,0
DA:7,0
DA:8,0
DA:11,0
DA:12,0
DA:13,0
LF:9
LH:0
BRDA:11,0,0,0
BRDA:11,0,1,0
BRDA:11,1,0,0
BRDA:11,1,1,0
BRDA:8,2,0,0
BRDA:8,2,1,0
BRDA:8,3,0,0
BRDA:8,3,1,0
BRF:8
BRH:0
end_of_record
TN:
SF:src\modules\tenant\tenant.module.ts
FNF:0
FNH:0
DA:1,0
DA:2,0
DA:3,0
DA:4,0
DA:12,0
LF:5
LH:0
BRF:0
BRH:0
end_of_record
TN:
SF:src\modules\tenant\tenant.service.ts
FN:9,(anonymous_2)
FN:11,(anonymous_3)
FNF:2
FNH:0
FNDA:0,(anonymous_2)
FNDA:0,(anonymous_3)
DA:1,0
DA:2,0
DA:6,0
DA:7,0
DA:9,0
DA:12,0
DA:16,0
LF:7
LH:0
BRDA:9,0,0,0
BRDA:9,0,1,0
BRDA:9,1,0,0
BRDA:9,1,1,0
BRF:4
BRH:0
end_of_record
TN:
SF:src\modules\tenant\dto\create-tenant.dto.ts
FNF:0
FNH:0
DA:1,0
DA:3,0
DA:6,0
LF:3
LH:0
BRF:0
BRH:0
end_of_record
TN:
SF:src\modules\users\users.controller.ts
FN:19,(anonymous_4)
FN:22,(anonymous_5)
FN:28,(anonymous_6)
FN:37,(anonymous_7)
FNF:4
FNH:0
FNDA:0,(anonymous_4)
FNDA:0,(anonymous_5)
FNDA:0,(anonymous_6)
FNDA:0,(anonymous_7)
DA:2,0
DA:11,0
DA:12,0
DA:13,0
DA:14,0
DA:18,0
DA:19,0
DA:22,0
DA:23,0
DA:24,0
DA:28,0
DA:32,0
DA:33,0
DA:37,0
DA:41,0
DA:42,0
LF:16
LH:0
BRDA:30,0,0,0
BRDA:30,0,1,0
BRDA:30,1,0,0
BRDA:30,1,1,0
BRDA:39,2,0,0
BRDA:39,2,1,0
BRDA:39,3,0,0
BRDA:39,3,1,0
BRDA:19,4,0,0
BRDA:19,4,1,0
BRDA:19,5,0,0
BRDA:19,5,1,0
BRF:12
BRH:0
end_of_record
TN:
SF:src\modules\users\users.dto.ts
FNF:0
FNH:0
DA:1,0
DA:3,0
DA:6,0
DA:10,0
DA:14,0
DA:19,0
DA:23,0
DA:26,0
DA:29,0
DA:33,0
LF:10
LH:0
BRF:0
BRH:0
end_of_record
TN:
SF:src\modules\users\users.module.ts
FNF:0
FNH:0
DA:1,0
DA:2,0
DA:3,0
DA:10,0
LF:4
LH:0
BRF:0
BRH:0
end_of_record
TN:
SF:src\modules\users\users.service.ts
FN:9,(anonymous_11)
FN:11,(anonymous_12)
FN:37,(anonymous_13)
FN:53,(anonymous_14)
FNF:4
FNH:0
FNDA:0,(anonymous_11)
FNDA:0,(anonymous_12)
FNDA:0,(anonymous_13)
FNDA:0,(anonymous_14)
DA:1,0
DA:2,0
DA:3,0
DA:5,0
DA:8,0
DA:9,0
DA:12,0
DA:30,0
DA:31,0
DA:34,0
DA:38,0
DA:50,0
DA:54,0
DA:58,0
DA:59,0
DA:62,0
DA:63,0
DA:64,0
DA:71,0
DA:72,0
DA:74,0
DA:79,0
LF:22
LH:0
BRDA:30,0,0,0
BRDA:30,0,1,0
BRDA:58,1,0,0
BRDA:58,1,1,0
BRDA:63,2,0,0
BRDA:63,2,1,0
BRDA:9,3,0,0
BRDA:9,3,1,0
BRDA:9,4,0,0
BRDA:9,4,1,0
BRF:10
BRH:0
end_of_record
TN:
SF:src\modules\websocket\conversation.gateway.ts
FN:31,(anonymous_2)
FN:41,(anonymous_3)
FN:48,(anonymous_4)
FN:54,(anonymous_5)
FN:58,(anonymous_6)
FN:101,(anonymous_7)
FN:105,(anonymous_8)
FN:121,(anonymous_9)
FN:139,(anonymous_10)
FN:155,(anonymous_11)
FN:169,(anonymous_12)
FN:183,(anonymous_13)
FN:197,(anonymous_14)
FNF:13
FNH:4
FNDA:1,(anonymous_2)
FNDA:1,(anonymous_3)
FNDA:2,(anonymous_4)
FNDA:0,(anonymous_5)
FNDA:0,(anonymous_6)
FNDA:0,(anonymous_7)
FNDA:0,(anonymous_8)
FNDA:2,(anonymous_9)
FNDA:0,(anonymous_10)
FNDA:0,(anonymous_11)
FNDA:0,(anonymous_12)
FNDA:0,(anonymous_13)
FNDA:0,(anonymous_14)
DA:1,3
DA:2,3
DA:9,3
DA:10,3
DA:11,3
DA:12,3
DA:20,3
DA:24,3
DA:26,2
DA:29,2
DA:38,1
DA:39,0
DA:41,1
DA:42,1
DA:43,1
DA:45,1
DA:49,2
DA:50,2
DA:51,2
DA:55,0
DA:59,0
DA:60,0
DA:61,0
DA:62,0
DA:63,0
DA:66,0
DA:75,0
DA:77,0
DA:78,0
DA:79,0
DA:83,0
DA:84,0
DA:85,0
DA:87,0
DA:88,0
DA:93,0
DA:94,0
DA:97,0
DA:102,0
DA:106,0
DA:107,0
DA:108,0
DA:109,0
DA:111,0
DA:125,2
DA:126,2
DA:127,1
DA:130,1
DA:134,1
DA:135,1
DA:136,1
DA:143,0
DA:144,0
DA:145,0
DA:148,0
DA:150,0
DA:159,0
DA:160,0
DA:161,0
DA:164,0
DA:166,0
DA:173,0
DA:174,0
DA:175,0
DA:178,0
DA:180,0
DA:187,0
DA:188,0
DA:189,0
DA:192,0
DA:194,0
DA:201,0
DA:202,0
DA:203,0
DA:206,0
DA:208,0
LF:76
LH:25
BRDA:36,0,0,0
BRDA:38,1,0,0
BRDA:38,1,1,1
BRDA:61,2,0,0
BRDA:61,2,1,0
BRDA:71,3,0,0
BRDA:71,3,1,0
BRDA:77,4,0,0
BRDA:77,4,1,0
BRDA:87,5,0,0
BRDA:87,5,1,0
BRDA:107,6,0,0
BRDA:107,6,1,0
BRDA:109,7,0,0
BRDA:109,7,1,0
BRDA:112,8,0,0
BRDA:112,8,1,0
BRDA:126,9,0,1
BRDA:126,9,1,1
BRDA:126,10,0,2
BRDA:126,10,1,2
BRDA:144,11,0,0
BRDA:144,11,1,0
BRDA:144,12,0,0
BRDA:144,12,1,0
BRDA:160,13,0,0
BRDA:160,13,1,0
BRDA:160,14,0,0
BRDA:160,14,1,0
BRDA:174,15,0,0
BRDA:174,15,1,0
BRDA:174,16,0,0
BRDA:174,16,1,0
BRDA:188,17,0,0
BRDA:188,17,1,0
BRDA:188,18,0,0
BRDA:188,18,1,0
BRDA:202,19,0,0
BRDA:202,19,1,0
BRDA:202,20,0,0
BRDA:202,20,1,0
BRDA:24,21,0,3
BRDA:24,21,1,0
BRDA:24,22,0,3
BRDA:24,22,1,3
BRDA:49,23,0,3
BRDA:49,23,1,0
BRDA:49,24,0,3
BRDA:49,24,1,3
BRDA:49,25,0,3
BRDA:49,25,1,0
BRDA:49,26,0,3
BRDA:49,26,1,3
BRDA:50,27,0,3
BRDA:50,27,1,0
BRDA:50,28,0,3
BRDA:50,28,1,3
BRF:57
BRH:17
end_of_record
TN:
SF:src\modules\websocket\websocket.module.ts
FN:12,(anonymous_1)
FNF:1
FNH:0
FNDA:0,(anonymous_1)
DA:1,0
DA:2,0
DA:3,0
DA:4,0
DA:5,0
DA:12,0
DA:22,0
LF:7
LH:0
BRDA:14,0,0,0
BRDA:14,0,1,0
BRF:2
BRH:0
end_of_record
TN:
SF:src\modules\websocket\guards\jwt-ws.guard.ts
FN:21,(anonymous_2)
FN:27,(anonymous_3)
FN:64,(anonymous_4)
FNF:3
FNH:0
FNDA:0,(anonymous_2)
FNDA:0,(anonymous_3)
FNDA:0,(anonymous_4)
DA:1,0
DA:7,0
DA:8,0
DA:10,0
DA:20,0
DA:22,0
DA:23,0
DA:24,0
DA:28,0
DA:29,0
DA:31,0
DA:32,0
DA:35,0
DA:36,0
DA:43,0
DA:44,0
DA:51,0
DA:52,0
DA:54,0
DA:55,0
DA:58,0
DA:61,0
DA:65,0
DA:66,0
DA:67,0
DA:68,0
DA:72,0
DA:74,0
LF:28
LH:0
BRDA:31,0,0,0
BRDA:31,0,1,0
BRDA:38,1,0,0
BRDA:38,1,1,0
BRDA:43,2,0,0
BRDA:43,2,1,0
BRDA:51,3,0,0
BRDA:51,3,1,0
BRDA:54,4,0,0
BRDA:54,4,1,0
BRDA:66,5,0,0
BRDA:66,5,1,0
BRDA:68,6,0,0
BRDA:68,6,1,0
BRDA:72,7,0,0
BRDA:72,7,1,0
BRDA:22,8,0,0
BRDA:22,8,1,0
BRDA:22,9,0,0
BRDA:22,9,1,0
BRDA:22,10,0,0
BRDA:22,10,1,0
BRDA:22,11,0,0
BRDA:22,11,1,0
BRDA:23,12,0,0
BRDA:23,12,1,0
BRDA:23,13,0,0
BRDA:23,13,1,0
BRF:28
BRH:0
end_of_record
TN:
SF:src\observability\observability-alert.service.ts
FN:14,(anonymous_4)
FN:24,(anonymous_5)
FN:70,(anonymous_6)
FNF:3
FNH:0
FNDA:0,(anonymous_4)
FNDA:0,(anonymous_5)
FNDA:0,(anonymous_6)
DA:1,0
DA:2,0
DA:3,0
DA:5,0
DA:6,0
DA:7,0
DA:10,0
DA:11,0
DA:15,0
DA:17,0
DA:18,0
DA:20,0
DA:24,0
DA:25,0
DA:27,0
DA:28,0
DA:29,0
DA:32,0
DA:35,0
DA:39,0
DA:41,0
DA:44,0
DA:45,0
DA:46,0
DA:47,0
DA:50,0
DA:57,0
DA:58,0
DA:59,0
DA:60,0
DA:63,0
DA:71,0
DA:72,0
DA:75,0
DA:80,0
DA:82,0
LF:36
LH:0
BRDA:27,0,0,0
BRDA:27,0,1,0
BRDA:44,1,0,0
BRDA:44,1,1,0
BRDA:46,2,0,0
BRDA:46,2,1,0
BRDA:57,3,0,0
BRDA:57,3,1,0
BRDA:59,4,0,0
BRDA:59,4,1,0
BRDA:71,5,0,0
BRDA:71,5,1,0
BRDA:15,6,0,0
BRDA:15,6,1,0
BRDA:15,7,0,0
BRDA:15,7,1,0
BRDA:15,8,0,0
BRDA:15,8,1,0
BRDA:15,9,0,0
BRDA:15,9,1,0
BRF:20
BRH:0
end_of_record
TN:
SF:src\observability\observability-metrics.service.ts
FN:8,(anonymous_2)
FN:10,(anonymous_3)
FN:14,(anonymous_4)
FN:18,(anonymous_5)
FN:22,(anonymous_6)
FN:26,(anonymous_7)
FN:36,(anonymous_8)
FNF:7
FNH:0
FNDA:0,(anonymous_2)
FNDA:0,(anonymous_3)
FNDA:0,(anonymous_4)
FNDA:0,(anonymous_5)
FNDA:0,(anonymous_6)
FNDA:0,(anonymous_7)
FNDA:0,(anonymous_8)
DA:1,1
DA:2,1
DA:5,1
DA:6,0
DA:8,0
DA:11,0
DA:15,0
DA:19,0
DA:23,0
DA:27,0
DA:28,0
DA:29,0
DA:32,0
DA:37,0
DA:38,0
DA:39,0
DA:40,0
DA:41,0
DA:43,0
DA:44,0
LF:20
LH:3
BRDA:41,0,0,0
BRDA:41,0,1,0
BRDA:8,1,0,1
BRDA:8,1,1,0
BRDA:8,2,0,1
BRDA:8,2,1,1
BRF:6
BRH:3
end_of_record
TN:
SF:src\observability\observability.module.ts
FNF:0
FNH:0
DA:1,0
DA:2,0
DA:3,0
DA:4,0
DA:5,0
DA:12,0
LF:6
LH:0
BRF:0
BRH:0
end_of_record
TN:
SF:src\queue\queue.module.ts
FN:23,(anonymous_1)
FN:33,(anonymous_2)
FNF:2
FNH:0
FNDA:0,(anonymous_1)
FNDA:0,(anonymous_2)
DA:1,0
DA:2,0
DA:3,0
DA:4,0
DA:5,0
DA:6,0
DA:7,0
DA:9,0
DA:10,0
DA:11,0
DA:12,0
DA:24,0
DA:25,0
DA:26,0
DA:28,0
DA:34,0
DA:64,0
LF:17
LH:0
BRF:0
BRH:0
end_of_record
TN:
SF:src\queue\services\message-queue.service.ts
FN:9,(anonymous_4)
FN:17,(anonymous_5)
FNF:2
FNH:0
FNDA:0,(anonymous_4)
FNDA:0,(anonymous_5)
DA:1,3
DA:2,3
DA:3,3
DA:6,3
DA:7,0
DA:11,0
DA:18,0
DA:20,0
LF:8
LH:4
BRDA:11,0,0,3
BRDA:11,0,1,0
BRDA:11,1,0,3
BRDA:11,1,1,3
BRF:4
BRH:3
end_of_record
TN:
SF:src\queue\workers\ai-reply.worker.ts
FN:40,(anonymous_4)
FN:55,(anonymous_5)
FN:79,(anonymous_6)
FN:238,(anonymous_7)
FN:323,(anonymous_8)
FN:356,(anonymous_9)
FN:438,(anonymous_10)
FN:442,(anonymous_11)
FN:444,(anonymous_12)
FN:584,(anonymous_13)
FN:586,(anonymous_14)
FNF:11
FNH:4
FNDA:3,(anonymous_4)
FNDA:2,(anonymous_5)
FNDA:2,(anonymous_6)
FNDA:0,(anonymous_7)
FNDA:0,(anonymous_8)
FNDA:0,(anonymous_9)
FNDA:0,(anonymous_10)
FNDA:2,(anonymous_11)
FNDA:0,(anonymous_12)
FNDA:0,(anonymous_13)
FNDA:0,(anonymous_14)
DA:1,1
DA:2,1
DA:8,1
DA:9,1
DA:10,1
DA:11,1
DA:12,1
DA:14,1
DA:19,1
DA:21,1
DA:22,1
DA:23,1
DA:24,1
DA:27,1
DA:36,1
DA:37,3
DA:38,3
DA:41,3
DA:42,3
DA:43,3
DA:44,3
DA:45,3
DA:47,3
DA:48,3
DA:49,3
DA:50,3
DA:52,3
DA:56,2
DA:57,2
DA:60,2
DA:61,2
DA:62,2
DA:64,2
DA:65,2
DA:68,2
DA:69,0
DA:70,0
DA:73,0
DA:74,0
DA:77,2
DA:79,2
DA:80,2
DA:82,2
DA:83,2
DA:86,2
DA:87,0
DA:90,0
DA:98,2
DA:99,2
DA:100,2
DA:103,2
DA:104,0
DA:107,0
DA:108,0
DA:111,0
DA:116,2
DA:120,2
DA:121,0
DA:131,2
DA:144,2
DA:151,2
DA:155,2
DA:156,0
DA:160,0
DA:168,2
DA:169,2
DA:170,0
DA:173,0
DA:176,2
DA:177,2
DA:179,2
DA:180,0
DA:183,0
DA:187,2
DA:194,0
DA:197,0
DA:201,2
DA:205,2
DA:206,0
DA:209,0
DA:213,2
DA:214,0
DA:216,0
DA:223,0
DA:227,0
DA:230,0
DA:236,0
DA:238,0
DA:243,0
DA:248,0
DA:252,0
DA:257,0
DA:258,0
DA:259,0
DA:260,0
DA:263,0
DA:269,0
DA:283,0
DA:284,0
DA:290,0
DA:292,0
DA:295,0
DA:300,2
DA:305,2
DA:306,2
DA:307,0
DA:308,0
DA:314,0
DA:318,0
DA:321,0
DA:323,0
DA:327,0
DA:332,0
DA:336,0
DA:341,0
DA:342,0
DA:349,0
DA:356,0
DA:357,0
DA:360,0
DA:361,0
DA:366,0
DA:371,0
DA:377,0
DA:390,0
DA:391,0
DA:398,0
DA:403,0
DA:406,0
DA:411,2
DA:412,2
DA:417,2
DA:419,2
DA:426,2
DA:430,0
DA:433,0
DA:436,2
DA:438,0
DA:442,2
DA:443,2
DA:445,0
DA:458,2
DA:463,2
DA:467,2
DA:468,2
DA:476,0
DA:477,0
DA:478,0
DA:484,0
DA:488,2
DA:489,1
DA:494,1
DA:503,1
DA:514,1
DA:518,1
DA:519,1
DA:521,1
DA:522,1
DA:529,1
DA:532,1
DA:533,0
DA:536,0
DA:537,0
DA:541,1
DA:545,1
DA:553,1
DA:557,1
DA:558,1
DA:559,1
DA:560,1
DA:561,1
DA:567,0
DA:578,1
DA:582,0
DA:584,0
DA:585,0
DA:587,0
DA:598,0
DA:606,0
DA:608,0
DA:609,0
DA:616,0
DA:617,0
DA:620,0
DA:621,0
DA:625,0
DA:635,0
DA:639,0
DA:640,0
DA:641,0
DA:643,0
DA:649,0
DA:660,0
DA:668,0
DA:681,0
DA:692,0
DA:693,0
DA:701,0
DA:716,0
DA:720,0
DA:722,0
DA:723,0
DA:727,0
DA:731,2
LF:204
LH:96
BRDA:64,0,0,2
BRDA:64,0,1,0
BRDA:68,1,0,0
BRDA:68,1,1,2
BRDA:86,2,0,0
BRDA:86,2,1,2
BRDA:98,3,0,2
BRDA:98,3,1,0
BRDA:98,3,2,0
BRDA:99,4,0,2
BRDA:99,4,1,0
BRDA:99,4,2,0
BRDA:103,5,0,0
BRDA:103,5,1,2
BRDA:107,6,0,0
BRDA:107,6,1,0
BRDA:120,7,0,0
BRDA:120,7,1,2
BRDA:125,8,0,0
BRDA:125,8,1,0
BRDA:155,9,0,0
BRDA:155,9,1,2
BRDA:155,10,0,2
BRDA:155,10,1,2
BRDA:162,11,0,0
BRDA:162,11,1,0
BRDA:169,12,0,0
BRDA:169,12,1,2
BRDA:179,13,0,0
BRDA:179,13,1,2
BRDA:187,14,0,0
BRDA:187,14,1,2
BRDA:188,15,0,2
BRDA:188,15,1,2
BRDA:188,15,2,2
BRDA:188,15,3,2
BRDA:188,15,4,0
BRDA:205,16,0,0
BRDA:205,16,1,2
BRDA:205,17,0,2
BRDA:205,17,1,2
BRDA:213,18,0,0
BRDA:213,18,1,2
BRDA:223,19,0,0
BRDA:223,19,1,0
BRDA:224,20,0,0
BRDA:224,20,1,0
BRDA:248,21,0,0
BRDA:248,21,1,0
BRDA:283,22,0,0
BRDA:283,22,1,0
BRDA:283,23,0,0
BRDA:283,23,1,0
BRDA:293,24,0,0
BRDA:293,24,1,0
BRDA:306,25,0,0
BRDA:306,25,1,2
BRDA:314,26,0,0
BRDA:314,26,1,0
BRDA:315,27,0,0
BRDA:315,27,1,0
BRDA:332,28,0,0
BRDA:332,28,1,0
BRDA:360,29,0,0
BRDA:360,29,1,0
BRDA:390,30,0,0
BRDA:390,30,1,0
BRDA:390,31,0,0
BRDA:390,31,1,0
BRDA:404,32,0,0
BRDA:404,32,1,0
BRDA:411,33,0,2
BRDA:411,33,1,2
BRDA:412,34,0,2
BRDA:412,34,1,2
BRDA:426,35,0,0
BRDA:426,35,1,2
BRDA:427,36,0,2
BRDA:427,36,1,0
BRDA:463,37,0,0
BRDA:463,37,1,2
BRDA:467,38,0,2
BRDA:467,38,1,0
BRDA:488,39,0,1
BRDA:488,39,1,1
BRDA:518,40,0,1
BRDA:518,40,1,0
BRDA:518,41,0,1
BRDA:518,41,1,1
BRDA:521,42,0,1
BRDA:521,42,1,1
BRDA:532,43,0,0
BRDA:532,43,1,1
BRDA:542,44,0,1
BRDA:542,44,1,0
BRDA:557,45,0,1
BRDA:557,45,1,0
BRDA:557,46,0,1
BRDA:557,46,1,1
BRDA:559,47,0,1
BRDA:559,47,1,1
BRDA:571,48,0,0
BRDA:571,48,1,0
BRDA:608,49,0,0
BRDA:608,49,1,0
BRDA:616,50,0,0
BRDA:616,50,1,0
BRDA:628,51,0,0
BRDA:628,51,1,0
BRDA:639,52,0,0
BRDA:639,52,1,0
BRDA:639,53,0,0
BRDA:639,53,1,0
BRDA:640,54,0,0
BRDA:640,54,1,0
BRDA:653,55,0,0
BRDA:653,55,1,0
BRDA:692,56,0,0
BRDA:692,56,1,0
BRDA:692,57,0,0
BRDA:692,57,1,0
BRDA:41,58,0,1
BRDA:41,58,1,0
BRDA:41,59,0,1
BRDA:41,59,1,1
BRDA:41,60,0,1
BRDA:41,60,1,0
BRDA:41,61,0,1
BRDA:41,61,1,1
BRDA:42,62,0,1
BRDA:42,62,1,0
BRDA:42,63,0,1
BRDA:42,63,1,1
BRDA:43,64,0,1
BRDA:43,64,1,0
BRDA:43,65,0,1
BRDA:43,65,1,1
BRDA:44,66,0,1
BRDA:44,66,1,0
BRDA:44,67,0,1
BRDA:44,67,1,1
BRDA:48,68,0,1
BRDA:48,68,1,0
BRDA:48,69,0,1
BRDA:48,69,1,1
BRDA:49,70,0,1
BRDA:49,70,1,0
BRDA:49,71,0,1
BRDA:49,71,1,1
BRF:149
BRH:65
end_of_record
TN:
SF:src\queue\workers\base.worker.ts
FN:15,(anonymous_2)
FN:37,(anonymous_3)
FNF:2
FNH:0
FNDA:0,(anonymous_2)
FNDA:0,(anonymous_3)
DA:2,2
DA:3,2
DA:8,2
DA:15,2
DA:16,0
DA:20,0
DA:23,0
DA:28,0
DA:29,0
DA:34,0
DA:35,0
DA:37,0
DA:38,0
DA:39,0
DA:50,0
DA:59,0
LF:16
LH:4
BRDA:16,0,0,0
BRDA:16,0,1,0
BRDA:17,1,0,0
BRDA:17,1,1,0
BRDA:28,2,0,0
BRDA:28,2,1,0
BRDA:28,3,0,0
BRDA:28,3,1,0
BRDA:35,4,0,0
BRDA:35,4,1,0
BRDA:42,5,0,0
BRDA:42,5,1,0
BRDA:54,6,0,0
BRDA:54,6,1,0
BRDA:60,7,0,0
BRDA:60,7,1,0
BRDA:15,8,0,2
BRDA:15,8,1,0
BRDA:15,9,0,2
BRDA:15,9,1,2
BRDA:15,10,0,2
BRDA:15,10,1,0
BRDA:15,11,0,2
BRDA:15,11,1,2
BRF:24
BRH:6
end_of_record
TN:
SF:src\queue\workers\blast.worker.ts
FN:24,(anonymous_4)
FN:33,(anonymous_5)
FN:37,(anonymous_6)
FNF:3
FNH:0
FNDA:0,(anonymous_4)
FNDA:0,(anonymous_5)
FNDA:0,(anonymous_6)
DA:1,0
DA:3,0
DA:5,0
DA:6,0
DA:7,0
DA:8,0
DA:10,0
DA:11,0
DA:20,0
DA:21,0
DA:22,0
DA:25,0
DA:26,0
DA:28,0
DA:30,0
DA:34,0
DA:35,0
DA:37,0
DA:38,0
DA:41,0
DA:45,0
DA:46,0
DA:50,0
DA:57,0
DA:61,0
DA:65,0
DA:66,0
DA:67,0
DA:70,0
DA:71,0
DA:74,0
DA:77,0
DA:78,0
DA:81,0
DA:82,0
DA:83,0
DA:84,0
DA:92,0
DA:99,0
DA:108,0
DA:115,0
DA:117,0
DA:118,0
DA:123,0
DA:132,0
DA:139,0
LF:46
LH:0
BRDA:45,0,0,0
BRDA:45,0,1,0
BRDA:45,1,0,0
BRDA:45,1,1,0
BRDA:52,2,0,0
BRDA:52,2,1,0
BRDA:65,3,0,0
BRDA:65,3,1,0
BRDA:65,4,0,0
BRDA:65,4,1,0
BRDA:70,5,0,0
BRDA:70,5,1,0
BRDA:81,6,0,0
BRDA:81,6,1,0
BRDA:81,7,0,0
BRDA:81,7,1,0
BRDA:25,8,0,0
BRDA:25,8,1,0
BRDA:25,9,0,0
BRDA:25,9,1,0
BRDA:25,10,0,0
BRDA:25,10,1,0
BRDA:25,11,0,0
BRDA:25,11,1,0
BRF:24
BRH:0
end_of_record
TN:
SF:src\queue\workers\incoming-messages.worker.ts
FN:26,(anonymous_2)
FN:35,(anonymous_3)
FN:61,(anonymous_4)
FNF:3
FNH:3
FNDA:2,(anonymous_2)
FNDA:2,(anonymous_3)
FNDA:1,(anonymous_4)
DA:1,1
DA:2,1
DA:3,1
DA:4,1
DA:5,1
DA:6,1
DA:7,1
DA:8,1
DA:18,1
DA:23,2
DA:24,2
DA:27,2
DA:28,2
DA:29,2
DA:30,2
DA:32,2
DA:38,2
DA:39,2
DA:43,2
DA:44,2
DA:45,2
DA:47,2
DA:48,1
DA:51,2
DA:52,1
DA:53,1
DA:56,1
DA:57,1
DA:60,1
DA:61,1
DA:62,1
DA:64,1
DA:65,1
DA:66,1
DA:68,1
DA:69,1
DA:70,1
DA:74,0
DA:80,0
DA:91,0
DA:95,0
DA:97,0
DA:98,0
DA:102,0
DA:106,1
LF:45
LH:38
BRDA:47,0,0,1
BRDA:47,0,1,1
BRDA:51,1,0,1
BRDA:51,1,1,1
BRDA:68,2,0,1
BRDA:68,2,1,0
BRDA:27,3,0,1
BRDA:27,3,1,0
BRDA:27,4,0,1
BRDA:27,4,1,1
BRDA:27,5,0,1
BRDA:27,5,1,0
BRDA:27,6,0,1
BRDA:27,6,1,1
BRDA:28,7,0,1
BRDA:28,7,1,0
BRDA:28,8,0,1
BRDA:28,8,1,1
BRDA:29,9,0,1
BRDA:29,9,1,0
BRDA:29,10,0,1
BRDA:29,10,1,1
BRF:22
BRH:17
end_of_record
TN:
SF:src\status\status.controller.ts
FN:7,(anonymous_2)
FNF:1
FNH:0
FNDA:0,(anonymous_2)
DA:1,0
DA:2,0
DA:5,0
DA:7,0
DA:8,0
LF:5
LH:0
BRF:0
BRH:0
end_of_record
TN:
SF:src\status\status.module.ts
FNF:0
FNH:0
DA:1,0
DA:2,0
DA:7,0
LF:3
LH:0
BRF:0
BRH:0
end_of_record
TN:
SF:src\webhook\webhook.controller.ts
FN:20,(anonymous_4)
FN:28,(anonymous_5)
FNF:2
FNH:0
FNDA:0,(anonymous_4)
FNDA:0,(anonymous_5)
DA:1,0
DA:11,0
DA:12,0
DA:14,0
DA:15,0
DA:19,0
DA:21,0
DA:23,0
DA:28,0
DA:35,0
DA:36,0
DA:38,0
DA:45,0
DA:52,0
LF:14
LH:0
BRDA:35,0,0,0
BRDA:35,0,1,0
BRDA:36,1,0,0
BRDA:36,1,1,0
BRDA:38,2,0,0
BRDA:38,2,1,0
BRDA:39,3,0,0
BRDA:39,3,1,0
BRDA:29,4,0,0
BRDA:29,4,1,0
BRDA:29,5,0,0
BRDA:29,5,1,0
BRDA:21,6,0,0
BRDA:21,6,1,0
BRDA:21,7,0,0
BRDA:21,7,1,0
BRF:16
BRH:0
end_of_record
TN:
SF:src\webhook\webhook.module.ts
FNF:0
FNH:0
DA:1,0
DA:2,0
DA:3,0
DA:4,0
DA:5,0
DA:6,0
DA:7,0
DA:8,0
DA:9,0
DA:10,0
DA:25,0
LF:11
LH:0
BRF:0
BRH:0
end_of_record
TN:
SF:src\webhook\webhook.service.ts
FN:22,(anonymous_4)
FN:35,(anonymous_5)
FNF:2
FNH:2
FNDA:4,(anonymous_4)
FNDA:4,(anonymous_5)
DA:2,2
DA:3,2
DA:4,2
DA:5,2
DA:6,2
DA:7,2
DA:8,2
DA:10,2
DA:12,2
DA:13,2
DA:14,2
DA:15,2
DA:19,2
DA:20,4
DA:24,4
DA:25,4
DA:26,4
DA:27,4
DA:28,4
DA:29,4
DA:30,4
DA:31,4
DA:32,4
DA:37,4
DA:38,4
DA:41,4
DA:42,0
DA:43,0
DA:47,4
DA:48,4
DA:49,4
DA:51,4
DA:52,0
DA:55,4
DA:59,4
DA:60,3
DA:65,4
DA:66,1
DA:67,1
DA:70,3
DA:73,3
DA:76,3
DA:77,3
DA:79,3
DA:81,3
DA:82,1
DA:86,1
DA:90,2
DA:96,2
DA:97,2
DA:98,2
DA:100,2
DA:103,0
DA:106,0
DA:110,0
DA:111,0
DA:122,0
DA:133,0
DA:138,0
DA:146,0
DA:150,2
DA:152,2
DA:153,2
DA:154,2
DA:155,2
DA:156,0
DA:173,2
DA:174,2
DA:176,2
DA:177,1
DA:180,1
DA:182,1
DA:195,2
DA:200,2
DA:201,0
DA:235,2
LF:76
LH:63
BRDA:37,0,0,4
BRDA:37,0,1,0
BRDA:38,1,0,4
BRDA:38,1,1,0
BRDA:38,1,2,0
BRDA:41,2,0,0
BRDA:41,2,1,4
BRDA:51,3,0,0
BRDA:51,3,1,4
BRDA:59,4,0,3
BRDA:59,4,1,1
BRDA:65,5,0,1
BRDA:65,5,1,3
BRDA:76,6,0,3
BRDA:76,6,1,0
BRDA:81,7,0,1
BRDA:81,7,1,2
BRDA:96,8,0,2
BRDA:96,8,1,0
BRDA:98,9,0,2
BRDA:98,9,1,0
BRDA:100,10,0,0
BRDA:100,10,1,2
BRDA:100,11,0,2
BRDA:100,11,1,2
BRDA:110,12,0,0
BRDA:110,12,1,0
BRDA:150,13,0,2
BRDA:150,13,1,0
BRDA:152,14,0,2
BRDA:152,14,1,0
BRDA:155,15,0,0
BRDA:155,15,1,2
BRDA:174,16,0,1
BRDA:174,16,1,1
BRDA:176,17,0,1
BRDA:176,17,1,1
BRDA:176,18,0,2
BRDA:176,18,1,1
BRDA:200,19,0,0
BRDA:200,19,1,2
BRDA:25,20,0,2
BRDA:25,20,1,0
BRDA:25,21,0,2
BRDA:25,21,1,2
BRDA:25,22,0,2
BRDA:25,22,1,0
BRDA:25,23,0,2
BRDA:25,23,1,2
BRDA:26,24,0,2
BRDA:26,24,1,0
BRDA:26,25,0,2
BRDA:26,25,1,2
BRDA:27,26,0,2
BRDA:27,26,1,0
BRDA:27,27,0,2
BRDA:27,27,1,2
BRDA:28,28,0,2
BRDA:28,28,1,0
BRDA:28,29,0,2
BRDA:28,29,1,2
BRDA:29,30,0,2
BRDA:29,30,1,0
BRDA:29,31,0,2
BRDA:29,31,1,2
BRDA:30,32,0,2
BRDA:30,32,1,0
BRDA:30,33,0,2
BRDA:30,33,1,2
BRDA:31,34,0,2
BRDA:31,34,1,0
BRDA:31,35,0,2
BRDA:31,35,1,2
BRF:73
BRH:50
end_of_record
TN:
SF:src\webhook\ingestion\message-ingestion.service.ts
FN:11,(anonymous_2)
FN:17,(anonymous_3)
FNF:2
FNH:2
FNDA:3,(anonymous_2)
FNDA:3,(anonymous_3)
DA:1,3
DA:2,3
DA:4,3
DA:5,3
DA:8,3
DA:9,3
DA:12,3
DA:13,3
DA:14,3
DA:21,3
DA:23,3
DA:24,3
DA:25,3
DA:27,3
DA:28,0
DA:32,0
DA:35,3
DA:36,3
DA:38,3
DA:39,0
DA:43,0
DA:46,3
DA:47,3
DA:50,3
DA:60,3
DA:61,1
DA:68,1
DA:74,2
DA:84,3
DA:90,3
DA:91,1
DA:99,1
DA:103,3
DA:104,3
DA:105,1
DA:109,3
DA:119,3
DA:125,3
DA:126,2
DA:131,3
LF:40
LH:36
BRDA:23,0,0,3
BRDA:23,0,1,0
BRDA:25,1,0,3
BRDA:25,1,1,0
BRDA:25,1,2,0
BRDA:27,2,0,0
BRDA:27,2,1,3
BRDA:27,3,0,3
BRDA:27,3,1,3
BRDA:27,3,2,3
BRDA:36,4,0,1
BRDA:36,4,1,2
BRDA:38,5,0,0
BRDA:38,5,1,3
BRDA:47,6,0,3
BRDA:47,6,1,2
BRDA:60,7,0,1
BRDA:60,7,1,2
BRDA:90,8,0,1
BRDA:90,8,1,2
BRDA:104,9,0,1
BRDA:104,9,1,2
BRDA:125,10,0,2
BRDA:125,10,1,1
BRDA:12,11,0,3
BRDA:12,11,1,0
BRDA:12,12,0,3
BRDA:12,12,1,3
BRDA:12,13,0,3
BRDA:12,13,1,0
BRDA:12,14,0,3
BRDA:12,14,1,3
BRDA:13,15,0,3
BRDA:13,15,1,0
BRDA:13,16,0,3
BRDA:13,16,1,3
BRF:36
BRH:28
end_of_record
TN:
SF:src\whatsapp\whatsapp.module.ts
FNF:0
FNH:0
DA:1,0
DA:2,0
DA:3,0
DA:4,0
DA:5,0
DA:6,0
DA:7,0
DA:8,0
DA:26,0
LF:9
LH:0
BRF:0
BRH:0
end_of_record
TN:
SF:src\whatsapp\controllers\whatsapp.controller.ts
FN:18,(anonymous_4)
FN:26,(anonymous_5)
FN:31,(anonymous_6)
FN:71,(anonymous_7)
FN:114,(anonymous_8)
FNF:5
FNH:0
FNDA:0,(anonymous_4)
FNDA:0,(anonymous_5)
FNDA:0,(anonymous_6)
FNDA:0,(anonymous_7)
FNDA:0,(anonymous_8)
DA:1,0
DA:9,0
DA:10,0
DA:11,0
DA:12,0
DA:17,0
DA:19,0
DA:20,0
DA:22,0
DA:26,0
DA:27,0
DA:31,0
DA:32,0
DA:33,0
DA:37,0
DA:38,0
DA:44,0
DA:47,0
DA:48,0
DA:52,0
DA:53,0
DA:59,0
DA:71,0
DA:72,0
DA:73,0
DA:74,0
DA:78,0
DA:81,0
DA:85,0
DA:86,0
DA:94,0
DA:104,0
DA:114,0
DA:115,0
DA:117,0
DA:125,0
LF:36
LH:0
BRDA:37,0,0,0
BRDA:37,0,1,0
BRDA:47,1,0,0
BRDA:47,1,1,0
BRDA:47,2,0,0
BRDA:47,2,1,0
BRDA:52,3,0,0
BRDA:52,3,1,0
BRDA:52,4,0,0
BRDA:52,4,1,0
BRDA:62,5,0,0
BRDA:62,5,1,0
BRDA:73,6,0,0
BRDA:73,6,1,0
BRDA:85,7,0,0
BRDA:85,7,1,0
BRDA:19,8,0,0
BRDA:19,8,1,0
BRDA:19,9,0,0
BRDA:19,9,1,0
BRDA:19,10,0,0
BRDA:19,10,1,0
BRDA:19,11,0,0
BRDA:19,11,1,0
BRF:24
BRH:0
end_of_record
TN:
SF:src\whatsapp\interfaces\fonnte-webhook.dto.ts
FNF:0
FNH:0
DA:1,0
DA:4,0
DA:6,0
DA:9,0
DA:12,0
DA:16,0
DA:20,0
DA:24,0
DA:28,0
LF:9
LH:0
BRF:0
BRH:0
end_of_record
TN:
SF:src\whatsapp\interfaces\whatsapp-provider.interface.ts
FNF:0
FNH:0
DA:28,7
LF:1
LH:1
BRF:0
BRH:0
end_of_record
TN:
SF:src\whatsapp\providers\fonnte.service.ts
FN:48,(anonymous_12)
FN:67,(anonymous_13)
FN:85,(anonymous_14)
FN:87,(anonymous_15)
FN:89,(anonymous_16)
FN:99,(anonymous_17)
FN:105,(anonymous_18)
FN:111,(anonymous_19)
FN:118,(anonymous_20)
FN:128,(anonymous_21)
FN:151,(anonymous_22)
FN:153,(anonymous_23)
FN:155,(anonymous_24)
FN:194,(anonymous_25)
FN:236,(anonymous_26)
FN:253,(anonymous_27)
FN:255,(anonymous_28)
FN:257,(anonymous_29)
FN:292,(anonymous_30)
FNF:19
FNH:10
FNDA:3,(anonymous_12)
FNDA:2,(anonymous_13)
FNDA:1,(anonymous_14)
FNDA:1,(anonymous_15)
FNDA:0,(anonymous_16)
FNDA:1,(anonymous_17)
FNDA:0,(anonymous_18)
FNDA:0,(anonymous_19)
FNDA:3,(anonymous_20)
FNDA:1,(anonymous_21)
FNDA:1,(anonymous_22)
FNDA:1,(anonymous_23)
FNDA:0,(anonymous_24)
FNDA:2,(anonymous_25)
FNDA:0,(anonymous_26)
FNDA:0,(anonymous_27)
FNDA:0,(anonymous_28)
FNDA:0,(anonymous_29)
FNDA:0,(anonymous_30)
DA:1,1
DA:6,1
DA:8,1
DA:9,1
DA:10,1
DA:11,1
DA:24,1
DA:40,1
DA:42,3
DA:49,3
DA:50,3
DA:52,3
DA:53,3
DA:54,0
DA:58,3
DA:60,3
DA:66,3
DA:68,2
DA:69,2
DA:86,1
DA:87,1
DA:89,0
DA:90,0
DA:99,3
DA:100,1
DA:105,3
DA:106,0
DA:111,3
DA:112,0
DA:119,3
DA:120,3
DA:121,0
DA:125,3
DA:131,1
DA:134,1
DA:152,1
DA:153,1
DA:155,0
DA:156,0
DA:162,0
DA:163,0
DA:164,0
DA:167,0
DA:168,0
DA:170,0
DA:176,0
DA:179,0
DA:183,1
DA:184,1
DA:185,1
DA:187,1
DA:190,1
DA:195,2
DA:196,2
DA:197,2
DA:199,1
DA:200,1
DA:201,1
DA:204,1
DA:210,0
DA:213,0
DA:218,1
DA:219,0
DA:222,1
DA:223,1
DA:224,1
DA:226,1
DA:229,1
DA:239,0
DA:240,0
DA:254,0
DA:255,0
DA:257,0
DA:258,0
DA:264,0
DA:265,0
DA:266,0
DA:269,0
DA:276,0
DA:279,0
DA:283,0
DA:286,0
DA:293,0
DA:294,0
DA:297,0
DA:298,0
DA:299,0
DA:302,0
DA:305,0
DA:307,0
DA:308,0
DA:314,0
DA:315,0
DA:317,0
DA:322,0
DA:325,0
LF:96
LH:49
BRDA:53,0,0,0
BRDA:53,0,1,3
BRDA:86,1,0,1
BRDA:86,1,1,0
BRDA:90,2,0,0
BRDA:90,2,1,0
BRDA:120,3,0,0
BRDA:120,3,1,3
BRDA:152,4,0,1
BRDA:152,4,1,0
BRDA:156,5,0,0
BRDA:156,5,1,0
BRDA:163,6,0,0
BRDA:163,6,1,0
BRDA:163,7,0,0
BRDA:163,7,1,0
BRDA:163,7,2,0
BRDA:184,8,0,1
BRDA:184,8,1,0
BRDA:200,9,0,1
BRDA:200,9,1,0
BRDA:200,10,0,1
BRDA:200,10,1,1
BRDA:202,11,0,1
BRDA:202,11,1,0
BRDA:206,12,0,1
BRDA:206,12,1,0
BRDA:206,13,0,1
BRDA:206,13,1,1
BRDA:211,14,0,0
BRDA:211,14,1,0
BRDA:215,15,0,0
BRDA:215,15,1,0
BRDA:218,16,0,0
BRDA:218,16,1,1
BRDA:218,17,0,1
BRDA:218,17,1,1
BRDA:223,18,0,1
BRDA:223,18,1,0
BRDA:227,19,0,1
BRDA:227,19,1,0
BRDA:254,20,0,0
BRDA:254,20,1,0
BRDA:258,21,0,0
BRDA:258,21,1,0
BRDA:265,22,0,0
BRDA:265,22,1,0
BRDA:265,23,0,0
BRDA:265,23,1,0
BRDA:267,24,0,0
BRDA:267,24,1,0
BRDA:277,25,0,0
BRDA:277,25,1,0
BRDA:284,26,0,0
BRDA:284,26,1,0
BRDA:293,27,0,0
BRDA:293,27,1,0
BRDA:298,28,0,0
BRDA:298,28,1,0
BRDA:307,29,0,0
BRDA:307,29,1,0
BRDA:314,30,0,0
BRDA:314,30,1,0
BRDA:323,31,0,0
BRDA:323,31,1,0
BRDA:49,32,0,1
BRDA:49,32,1,0
BRDA:49,33,0,1
BRDA:49,33,1,1
BRDA:49,34,0,1
BRDA:49,34,1,0
BRDA:49,35,0,1
BRDA:49,35,1,1
BRF:73
BRH:23
end_of_record
TN:
SF:src\whatsapp\tasks\disconnect-detection.service.ts
FN:34,(anonymous_4)
FN:45,(anonymous_5)
FN:73,(anonymous_6)
FN:74,(anonymous_7)
FN:122,(anonymous_8)
FN:125,(anonymous_9)
FN:127,(anonymous_10)
FN:129,(anonymous_11)
FN:138,(anonymous_12)
FN:151,(anonymous_13)
FN:160,(anonymous_14)
FN:173,(anonymous_15)
FN:184,(anonymous_16)
FN:204,(anonymous_17)
FN:222,(anonymous_18)
FN:242,(anonymous_19)
FN:251,(anonymous_20)
FN:255,(anonymous_21)
FN:261,(anonymous_22)
FNF:19
FNH:0
FNDA:0,(anonymous_4)
FNDA:0,(anonymous_5)
FNDA:0,(anonymous_6)
FNDA:0,(anonymous_7)
FNDA:0,(anonymous_8)
FNDA:0,(anonymous_9)
FNDA:0,(anonymous_10)
FNDA:0,(anonymous_11)
FNDA:0,(anonymous_12)
FNDA:0,(anonymous_13)
FNDA:0,(anonymous_14)
FNDA:0,(anonymous_15)
FNDA:0,(anonymous_16)
FNDA:0,(anonymous_17)
FNDA:0,(anonymous_18)
FNDA:0,(anonymous_19)
FNDA:0,(anonymous_20)
FNDA:0,(anonymous_21)
FNDA:0,(anonymous_22)
DA:1,0
DA:2,0
DA:3,0
DA:4,0
DA:5,0
DA:6,0
DA:8,0
DA:9,0
DA:31,0
DA:32,0
DA:35,0
DA:36,0
DA:37,0
DA:39,0
DA:40,0
DA:41,0
DA:45,0
DA:46,0
DA:49,0
DA:68,0
DA:69,0
DA:72,0
DA:74,0
DA:75,0
DA:77,0
DA:78,0
DA:79,0
DA:82,0
DA:83,0
DA:85,0
DA:86,0
DA:88,0
DA:91,0
DA:95,0
DA:96,0
DA:100,0
DA:103,0
DA:104,0
DA:106,0
DA:110,0
DA:112,0
DA:115,0
DA:121,0
DA:122,0
DA:124,0
DA:125,0
DA:127,0
DA:128,0
DA:129,0
DA:133,0
DA:135,0
DA:136,0
DA:138,0
DA:148,0
DA:149,0
DA:151,0
DA:157,0
DA:158,0
DA:160,0
DA:170,0
DA:171,0
DA:173,0
DA:179,0
DA:182,0
DA:184,0
DA:185,0
DA:188,0
DA:196,0
DA:204,0
DA:205,0
DA:214,0
DA:222,0
DA:223,0
DA:226,0
DA:234,0
DA:242,0
DA:243,0
DA:248,0
DA:254,0
DA:255,0
DA:258,0
DA:260,0
DA:262,0
LF:83
LH:0
BRDA:68,0,0,0
BRDA:68,0,1,0
BRDA:78,1,0,0
BRDA:78,1,1,0
BRDA:82,2,0,0
BRDA:82,2,1,0
BRDA:85,3,0,0
BRDA:85,3,1,0
BRDA:86,4,0,0
BRDA:86,4,1,0
BRDA:91,5,0,0
BRDA:91,5,1,0
BRDA:95,6,0,0
BRDA:95,6,1,0
BRDA:103,7,0,0
BRDA:103,7,1,0
BRDA:113,8,0,0
BRDA:113,8,1,0
BRDA:135,9,0,0
BRDA:135,9,1,0
BRDA:148,10,0,0
BRDA:148,10,1,0
BRDA:157,11,0,0
BRDA:157,11,1,0
BRDA:170,12,0,0
BRDA:170,12,1,0
BRDA:254,13,0,0
BRDA:254,13,1,0
BRDA:255,14,0,0
BRDA:255,14,1,0
BRDA:258,15,0,0
BRDA:258,15,1,0
BRDA:35,16,0,0
BRDA:35,16,1,0
BRDA:35,17,0,0
BRDA:35,17,1,0
BRDA:35,18,0,0
BRDA:35,18,1,0
BRDA:35,19,0,0
BRDA:35,19,1,0
BRDA:36,20,0,0
BRDA:36,20,1,0
BRDA:36,21,0,0
BRDA:36,21,1,0
BRDA:37,22,0,0
BRDA:37,22,1,0
BRDA:37,23,0,0
BRDA:37,23,1,0
BRDA:40,24,0,0
BRDA:40,24,1,0
BRDA:40,25,0,0
BRDA:40,25,1,0
BRF:52
BRH:0
end_of_record
TN:
SF:src\whatsapp\tasks\session-cleanup.service.ts
FN:9,(anonymous_2)
FN:12,(anonymous_3)
FNF:2
FNH:2
FNDA:1,(anonymous_2)
FNDA:1,(anonymous_3)
DA:1,1
DA:2,1
DA:3,1
DA:6,1
DA:7,1
DA:9,1
DA:12,1
DA:13,1
DA:15,1
DA:17,1
DA:19,1
DA:35,1
DA:36,1
DA:41,0
DA:42,0
LF:15
LH:13
BRDA:35,0,0,1
BRDA:35,0,1,0
BRDA:9,1,0,1
BRDA:9,1,1,0
BRDA:9,2,0,1
BRDA:9,2,1,1
BRF:6
BRH:4
end_of_record
